CRITICAL - 2024-06-19 10:52:44 --> ErrorException: Undefined array key 0
in APPPATH\Controllers\Admin\Cotizaciones.php on line 203.
 1 APPPATH\Controllers\Admin\Cotizaciones.php(203): CodeIgniter\Debug\Exceptions->errorHandler(2, 'Undefined array key 0', 'C:\\laragon\\www\\sellopronto\\app\\Controllers\\Admin\\Cotizaciones.php', 203)
 2 SYSTEMPATH\CodeIgniter.php(941): App\Controllers\Admin\Cotizaciones->borrar_linea('73')
 3 SYSTEMPATH\CodeIgniter.php(502): CodeIgniter\CodeIgniter->runController(Object(App\Controllers\Admin\Cotizaciones))
 4 SYSTEMPATH\CodeIgniter.php(361): CodeIgniter\CodeIgniter->handleRequest(null, Object(Config\Cache), false)
 5 FCPATH\index.php(79): CodeIgniter\CodeIgniter->run()
WARNING - 2024-06-19 10:53:29 --> [DEPRECATED] number_format(): Passing null to parameter #1 ($num) of type float is deprecated in APPPATH\Controllers\Admin\Cotizaciones.php on line 181.
 1 APPPATH\Controllers\Admin\Cotizaciones.php(181): number_format(null, 2)
 2 SYSTEMPATH\CodeIgniter.php(941): App\Controllers\Admin\Cotizaciones->mostrar_detalles('31')
 3 SYSTEMPATH\CodeIgniter.php(502): CodeIgniter\CodeIgniter->runController(Object(App\Controllers\Admin\Cotizaciones))
 4 SYSTEMPATH\CodeIgniter.php(361): CodeIgniter\CodeIgniter->handleRequest(null, Object(Config\Cache), false)
 5 FCPATH\index.php(79): CodeIgniter\CodeIgniter->run()
WARNING - 2024-06-19 10:53:31 --> [DEPRECATED] number_format(): Passing null to parameter #1 ($num) of type float is deprecated in APPPATH\Controllers\Admin\Cotizaciones.php on line 181.
 1 APPPATH\Controllers\Admin\Cotizaciones.php(181): number_format(null, 2)
 2 SYSTEMPATH\CodeIgniter.php(941): App\Controllers\Admin\Cotizaciones->mostrar_detalles('31')
 3 SYSTEMPATH\CodeIgniter.php(502): CodeIgniter\CodeIgniter->runController(Object(App\Controllers\Admin\Cotizaciones))
 4 SYSTEMPATH\CodeIgniter.php(361): CodeIgniter\CodeIgniter->handleRequest(null, Object(Config\Cache), false)
 5 FCPATH\index.php(79): CodeIgniter\CodeIgniter->run()
WARNING - 2024-06-19 10:53:44 --> [DEPRECATED] number_format(): Passing null to parameter #1 ($num) of type float is deprecated in APPPATH\Controllers\Admin\Cotizaciones.php on line 181.
 1 APPPATH\Controllers\Admin\Cotizaciones.php(181): number_format(null, 2)
 2 SYSTEMPATH\CodeIgniter.php(941): App\Controllers\Admin\Cotizaciones->mostrar_detalles('31')
 3 SYSTEMPATH\CodeIgniter.php(502): CodeIgniter\CodeIgniter->runController(Object(App\Controllers\Admin\Cotizaciones))
 4 SYSTEMPATH\CodeIgniter.php(361): CodeIgniter\CodeIgniter->handleRequest(null, Object(Config\Cache), false)
 5 FCPATH\index.php(79): CodeIgniter\CodeIgniter->run()
WARNING - 2024-06-19 10:53:47 --> [DEPRECATED] number_format(): Passing null to parameter #1 ($num) of type float is deprecated in APPPATH\Controllers\Admin\Cotizaciones.php on line 181.
 1 APPPATH\Controllers\Admin\Cotizaciones.php(181): number_format(null, 2)
 2 SYSTEMPATH\CodeIgniter.php(941): App\Controllers\Admin\Cotizaciones->mostrar_detalles('31')
 3 SYSTEMPATH\CodeIgniter.php(502): CodeIgniter\CodeIgniter->runController(Object(App\Controllers\Admin\Cotizaciones))
 4 SYSTEMPATH\CodeIgniter.php(361): CodeIgniter\CodeIgniter->handleRequest(null, Object(Config\Cache), false)
 5 FCPATH\index.php(79): CodeIgniter\CodeIgniter->run()
