CRITICAL - 2024-06-20 21:34:16 --> ErrorException: A non-numeric value encountered
in APPPATH\Controllers\Admin\Cotizaciones.php on line 153.
 1 APPPATH\Controllers\Admin\Cotizaciones.php(153): CodeIgniter\Debug\Exceptions->errorHandler(2, 'A non-numeric value encountered', 'C:\\laragon\\www\\sellopronto\\app\\Controllers\\Admin\\Cotizaciones.php', 153)
 2 SYSTEMPATH\CodeIgniter.php(941): App\Controllers\Admin\Cotizaciones->mostrar_detalles('38')
 3 SYSTEMPATH\CodeIgniter.php(502): CodeIgniter\CodeIgniter->runController(Object(App\Controllers\Admin\Cotizaciones))
 4 SYSTEMPATH\CodeIgniter.php(361): CodeIgniter\CodeIgniter->handleRequest(null, Object(Config\Cache), false)
 5 FCPATH\index.php(79): CodeIgniter\CodeIgniter->run()
CRITICAL - 2024-06-20 21:37:16 --> ErrorException: A non-numeric value encountered
in APPPATH\Controllers\Admin\Cotizaciones.php on line 153.
 1 APPPATH\Controllers\Admin\Cotizaciones.php(153): CodeIgniter\Debug\Exceptions->errorHandler(2, 'A non-numeric value encountered', 'C:\\laragon\\www\\sellopronto\\app\\Controllers\\Admin\\Cotizaciones.php', 153)
 2 SYSTEMPATH\CodeIgniter.php(941): App\Controllers\Admin\Cotizaciones->mostrar_detalles('38')
 3 SYSTEMPATH\CodeIgniter.php(502): CodeIgniter\CodeIgniter->runController(Object(App\Controllers\Admin\Cotizaciones))
 4 SYSTEMPATH\CodeIgniter.php(361): CodeIgniter\CodeIgniter->handleRequest(null, Object(Config\Cache), false)
 5 FCPATH\index.php(79): CodeIgniter\CodeIgniter->run()
CRITICAL - 2024-06-20 21:39:38 --> ErrorException: Array to string conversion
in APPPATH\Controllers\Admin\Cotizaciones.php on line 149.
 1 APPPATH\Controllers\Admin\Cotizaciones.php(149): CodeIgniter\Debug\Exceptions->errorHandler(2, 'Array to string conversion', 'C:\\laragon\\www\\sellopronto\\app\\Controllers\\Admin\\Cotizaciones.php', 149)
 2 SYSTEMPATH\CodeIgniter.php(941): App\Controllers\Admin\Cotizaciones->mostrar_detalles('38')
 3 SYSTEMPATH\CodeIgniter.php(502): CodeIgniter\CodeIgniter->runController(Object(App\Controllers\Admin\Cotizaciones))
 4 SYSTEMPATH\CodeIgniter.php(361): CodeIgniter\CodeIgniter->handleRequest(null, Object(Config\Cache), false)
 5 FCPATH\index.php(79): CodeIgniter\CodeIgniter->run()
CRITICAL - 2024-06-20 21:44:51 --> ErrorException: A non-numeric value encountered
in APPPATH\Controllers\Admin\Cotizaciones.php on line 153.
 1 APPPATH\Controllers\Admin\Cotizaciones.php(153): CodeIgniter\Debug\Exceptions->errorHandler(2, 'A non-numeric value encountered', 'C:\\laragon\\www\\sellopronto\\app\\Controllers\\Admin\\Cotizaciones.php', 153)
 2 SYSTEMPATH\CodeIgniter.php(941): App\Controllers\Admin\Cotizaciones->mostrar_detalles('38')
 3 SYSTEMPATH\CodeIgniter.php(502): CodeIgniter\CodeIgniter->runController(Object(App\Controllers\Admin\Cotizaciones))
 4 SYSTEMPATH\CodeIgniter.php(361): CodeIgniter\CodeIgniter->handleRequest(null, Object(Config\Cache), false)
 5 FCPATH\index.php(79): CodeIgniter\CodeIgniter->run()
CRITICAL - 2024-06-20 21:45:36 --> ParseError: syntax error, unexpected token ","
in APPPATH\Controllers\Admin\Cotizaciones.php on line 152.
 1 SYSTEMPATH\Autoloader\Autoloader.php(290): CodeIgniter\Autoloader\Autoloader->includeFile('C:\\laragon\\www\\sellopronto\\app\\Controllers\\admin\\Cotizaciones.php')
 2 SYSTEMPATH\Autoloader\Autoloader.php(266): CodeIgniter\Autoloader\Autoloader->loadInNamespace('App\\Controllers\\admin\\Cotizaciones')
 3 [internal function]: CodeIgniter\Autoloader\Autoloader->loadClass('App\\Controllers\\admin\\Cotizaciones')
 4 SYSTEMPATH\CodeIgniter.php(899): class_exists('\\App\\Controllers\\admin\\Cotizaciones', true)
 5 SYSTEMPATH\CodeIgniter.php(489): CodeIgniter\CodeIgniter->startController()
 6 SYSTEMPATH\CodeIgniter.php(361): CodeIgniter\CodeIgniter->handleRequest(null, Object(Config\Cache), false)
 7 FCPATH\index.php(79): CodeIgniter\CodeIgniter->run()
CRITICAL - 2024-06-20 21:46:43 --> ErrorException: Undefined variable $pago_total
in APPPATH\Controllers\Admin\Cotizaciones.php on line 166.
 1 APPPATH\Controllers\Admin\Cotizaciones.php(166): CodeIgniter\Debug\Exceptions->errorHandler(2, 'Undefined variable $pago_total', 'C:\\laragon\\www\\sellopronto\\app\\Controllers\\Admin\\Cotizaciones.php', 166)
 2 SYSTEMPATH\CodeIgniter.php(941): App\Controllers\Admin\Cotizaciones->mostrar_detalles('38')
 3 SYSTEMPATH\CodeIgniter.php(502): CodeIgniter\CodeIgniter->runController(Object(App\Controllers\Admin\Cotizaciones))
 4 SYSTEMPATH\CodeIgniter.php(361): CodeIgniter\CodeIgniter->handleRequest(null, Object(Config\Cache), false)
 5 FCPATH\index.php(79): CodeIgniter\CodeIgniter->run()
CRITICAL - 2024-06-20 21:46:58 --> ErrorException: Undefined variable $pago_total
in APPPATH\Controllers\Admin\Cotizaciones.php on line 166.
 1 APPPATH\Controllers\Admin\Cotizaciones.php(166): CodeIgniter\Debug\Exceptions->errorHandler(2, 'Undefined variable $pago_total', 'C:\\laragon\\www\\sellopronto\\app\\Controllers\\Admin\\Cotizaciones.php', 166)
 2 SYSTEMPATH\CodeIgniter.php(941): App\Controllers\Admin\Cotizaciones->mostrar_detalles('38')
 3 SYSTEMPATH\CodeIgniter.php(502): CodeIgniter\CodeIgniter->runController(Object(App\Controllers\Admin\Cotizaciones))
 4 SYSTEMPATH\CodeIgniter.php(361): CodeIgniter\CodeIgniter->handleRequest(null, Object(Config\Cache), false)
 5 FCPATH\index.php(79): CodeIgniter\CodeIgniter->run()
CRITICAL - 2024-06-20 21:47:03 --> ErrorException: Undefined variable $pago_total
in APPPATH\Controllers\Admin\Cotizaciones.php on line 166.
 1 APPPATH\Controllers\Admin\Cotizaciones.php(166): CodeIgniter\Debug\Exceptions->errorHandler(2, 'Undefined variable $pago_total', 'C:\\laragon\\www\\sellopronto\\app\\Controllers\\Admin\\Cotizaciones.php', 166)
 2 SYSTEMPATH\CodeIgniter.php(941): App\Controllers\Admin\Cotizaciones->mostrar_detalles('38')
 3 SYSTEMPATH\CodeIgniter.php(502): CodeIgniter\CodeIgniter->runController(Object(App\Controllers\Admin\Cotizaciones))
 4 SYSTEMPATH\CodeIgniter.php(361): CodeIgniter\CodeIgniter->handleRequest(null, Object(Config\Cache), false)
 5 FCPATH\index.php(79): CodeIgniter\CodeIgniter->run()
WARNING - 2024-06-20 21:48:04 --> [DEPRECATED] number_format(): Passing null to parameter #1 ($num) of type float is deprecated in APPPATH\Controllers\Admin\Cotizaciones.php on line 181.
 1 APPPATH\Controllers\Admin\Cotizaciones.php(181): number_format(null, 2)
 2 SYSTEMPATH\CodeIgniter.php(941): App\Controllers\Admin\Cotizaciones->mostrar_detalles('38')
 3 SYSTEMPATH\CodeIgniter.php(502): CodeIgniter\CodeIgniter->runController(Object(App\Controllers\Admin\Cotizaciones))
 4 SYSTEMPATH\CodeIgniter.php(361): CodeIgniter\CodeIgniter->handleRequest(null, Object(Config\Cache), false)
 5 FCPATH\index.php(79): CodeIgniter\CodeIgniter->run()
WARNING - 2024-06-20 21:48:14 --> [DEPRECATED] number_format(): Passing null to parameter #1 ($num) of type float is deprecated in APPPATH\Controllers\Admin\Cotizaciones.php on line 181.
 1 APPPATH\Controllers\Admin\Cotizaciones.php(181): number_format(null, 2)
 2 SYSTEMPATH\CodeIgniter.php(941): App\Controllers\Admin\Cotizaciones->mostrar_detalles('38')
 3 SYSTEMPATH\CodeIgniter.php(502): CodeIgniter\CodeIgniter->runController(Object(App\Controllers\Admin\Cotizaciones))
 4 SYSTEMPATH\CodeIgniter.php(361): CodeIgniter\CodeIgniter->handleRequest(null, Object(Config\Cache), false)
 5 FCPATH\index.php(79): CodeIgniter\CodeIgniter->run()
WARNING - 2024-06-20 22:05:36 --> [DEPRECATED] number_format(): Passing null to parameter #1 ($num) of type float is deprecated in APPPATH\Controllers\Admin\Cotizaciones.php on line 181.
 1 APPPATH\Controllers\Admin\Cotizaciones.php(181): number_format(null, 2)
 2 SYSTEMPATH\CodeIgniter.php(941): App\Controllers\Admin\Cotizaciones->mostrar_detalles('38')
 3 SYSTEMPATH\CodeIgniter.php(502): CodeIgniter\CodeIgniter->runController(Object(App\Controllers\Admin\Cotizaciones))
 4 SYSTEMPATH\CodeIgniter.php(361): CodeIgniter\CodeIgniter->handleRequest(null, Object(Config\Cache), false)
 5 FCPATH\index.php(79): CodeIgniter\CodeIgniter->run()
WARNING - 2024-06-20 22:08:15 --> [DEPRECATED] number_format(): Passing null to parameter #1 ($num) of type float is deprecated in APPPATH\Controllers\Admin\Cotizaciones.php on line 181.
 1 APPPATH\Controllers\Admin\Cotizaciones.php(181): number_format(null, 2)
 2 SYSTEMPATH\CodeIgniter.php(941): App\Controllers\Admin\Cotizaciones->mostrar_detalles('38')
 3 SYSTEMPATH\CodeIgniter.php(502): CodeIgniter\CodeIgniter->runController(Object(App\Controllers\Admin\Cotizaciones))
 4 SYSTEMPATH\CodeIgniter.php(361): CodeIgniter\CodeIgniter->handleRequest(null, Object(Config\Cache), false)
 5 FCPATH\index.php(79): CodeIgniter\CodeIgniter->run()
WARNING - 2024-06-20 22:11:25 --> [DEPRECATED] number_format(): Passing null to parameter #1 ($num) of type float is deprecated in APPPATH\Controllers\Admin\Cotizaciones.php on line 181.
 1 APPPATH\Controllers\Admin\Cotizaciones.php(181): number_format(null, 2)
 2 SYSTEMPATH\CodeIgniter.php(941): App\Controllers\Admin\Cotizaciones->mostrar_detalles('38')
 3 SYSTEMPATH\CodeIgniter.php(502): CodeIgniter\CodeIgniter->runController(Object(App\Controllers\Admin\Cotizaciones))
 4 SYSTEMPATH\CodeIgniter.php(361): CodeIgniter\CodeIgniter->handleRequest(null, Object(Config\Cache), false)
 5 FCPATH\index.php(79): CodeIgniter\CodeIgniter->run()
WARNING - 2024-06-20 22:11:52 --> [DEPRECATED] number_format(): Passing null to parameter #1 ($num) of type float is deprecated in APPPATH\Controllers\Admin\Cotizaciones.php on line 181.
 1 APPPATH\Controllers\Admin\Cotizaciones.php(181): number_format(null, 2)
 2 SYSTEMPATH\CodeIgniter.php(941): App\Controllers\Admin\Cotizaciones->mostrar_detalles('38')
 3 SYSTEMPATH\CodeIgniter.php(502): CodeIgniter\CodeIgniter->runController(Object(App\Controllers\Admin\Cotizaciones))
 4 SYSTEMPATH\CodeIgniter.php(361): CodeIgniter\CodeIgniter->handleRequest(null, Object(Config\Cache), false)
 5 FCPATH\index.php(79): CodeIgniter\CodeIgniter->run()
WARNING - 2024-06-20 22:12:17 --> [DEPRECATED] number_format(): Passing null to parameter #1 ($num) of type float is deprecated in APPPATH\Controllers\Admin\Cotizaciones.php on line 181.
 1 APPPATH\Controllers\Admin\Cotizaciones.php(181): number_format(null, 2)
 2 SYSTEMPATH\CodeIgniter.php(941): App\Controllers\Admin\Cotizaciones->mostrar_detalles('38')
 3 SYSTEMPATH\CodeIgniter.php(502): CodeIgniter\CodeIgniter->runController(Object(App\Controllers\Admin\Cotizaciones))
 4 SYSTEMPATH\CodeIgniter.php(361): CodeIgniter\CodeIgniter->handleRequest(null, Object(Config\Cache), false)
 5 FCPATH\index.php(79): CodeIgniter\CodeIgniter->run()
WARNING - 2024-06-20 22:12:32 --> [DEPRECATED] number_format(): Passing null to parameter #1 ($num) of type float is deprecated in APPPATH\Controllers\Admin\Cotizaciones.php on line 181.
 1 APPPATH\Controllers\Admin\Cotizaciones.php(181): number_format(null, 2)
 2 SYSTEMPATH\CodeIgniter.php(941): App\Controllers\Admin\Cotizaciones->mostrar_detalles('38')
 3 SYSTEMPATH\CodeIgniter.php(502): CodeIgniter\CodeIgniter->runController(Object(App\Controllers\Admin\Cotizaciones))
 4 SYSTEMPATH\CodeIgniter.php(361): CodeIgniter\CodeIgniter->handleRequest(null, Object(Config\Cache), false)
 5 FCPATH\index.php(79): CodeIgniter\CodeIgniter->run()
WARNING - 2024-06-20 22:12:58 --> [DEPRECATED] number_format(): Passing null to parameter #1 ($num) of type float is deprecated in APPPATH\Controllers\Admin\Cotizaciones.php on line 181.
 1 APPPATH\Controllers\Admin\Cotizaciones.php(181): number_format(null, 2)
 2 SYSTEMPATH\CodeIgniter.php(941): App\Controllers\Admin\Cotizaciones->mostrar_detalles('38')
 3 SYSTEMPATH\CodeIgniter.php(502): CodeIgniter\CodeIgniter->runController(Object(App\Controllers\Admin\Cotizaciones))
 4 SYSTEMPATH\CodeIgniter.php(361): CodeIgniter\CodeIgniter->handleRequest(null, Object(Config\Cache), false)
 5 FCPATH\index.php(79): CodeIgniter\CodeIgniter->run()
