CRITICAL - 2024-06-29 13:37:04 --> ErrorException: Undefined array key 0
in APPPATH\Controllers\Admin\Cotizaciones.php on line 55.
 1 APPPATH\Controllers\Admin\Cotizaciones.php(55): CodeIgniter\Debug\Exceptions->errorHandler(2, 'Undefined array key 0', 'C:\\laragon\\www\\sellopronto\\app\\Controllers\\Admin\\Cotizaciones.php', 55)
 2 SYSTEMPATH\CodeIgniter.php(941): App\Controllers\Admin\Cotizaciones->pagina('img', 'undraw_rocket.svg')
 3 SYSTEMPATH\CodeIgniter.php(502): CodeIgniter\CodeIgniter->runController(Object(App\Controllers\Admin\Cotizaciones))
 4 SYSTEMPATH\CodeIgniter.php(361): CodeIgniter\CodeIgniter->handleRequest(null, Object(Config\Cache), false)
 5 FCPATH\index.php(79): CodeIgniter\CodeIgniter->run()
CRITICAL - 2024-06-29 13:37:04 --> ErrorException: Undefined array key 0
in APPPATH\Controllers\Admin\Cotizaciones.php on line 55.
 1 APPPATH\Controllers\Admin\Cotizaciones.php(55): CodeIgniter\Debug\Exceptions->errorHandler(2, 'Undefined array key 0', 'C:\\laragon\\www\\sellopronto\\app\\Controllers\\Admin\\Cotizaciones.php', 55)
 2 SYSTEMPATH\CodeIgniter.php(941): App\Controllers\Admin\Cotizaciones->pagina('img', 'undraw_profile_1.svg')
 3 SYSTEMPATH\CodeIgniter.php(502): CodeIgniter\CodeIgniter->runController(Object(App\Controllers\Admin\Cotizaciones))
 4 SYSTEMPATH\CodeIgniter.php(361): CodeIgniter\CodeIgniter->handleRequest(null, Object(Config\Cache), false)
 5 FCPATH\index.php(79): CodeIgniter\CodeIgniter->run()
CRITICAL - 2024-06-29 13:37:04 --> ErrorException: Undefined array key 0
in APPPATH\Controllers\Admin\Cotizaciones.php on line 55.
 1 APPPATH\Controllers\Admin\Cotizaciones.php(55): CodeIgniter\Debug\Exceptions->errorHandler(2, 'Undefined array key 0', 'C:\\laragon\\www\\sellopronto\\app\\Controllers\\Admin\\Cotizaciones.php', 55)
 2 SYSTEMPATH\CodeIgniter.php(941): App\Controllers\Admin\Cotizaciones->pagina('img', 'undraw_profile_3.svg')
 3 SYSTEMPATH\CodeIgniter.php(502): CodeIgniter\CodeIgniter->runController(Object(App\Controllers\Admin\Cotizaciones))
 4 SYSTEMPATH\CodeIgniter.php(361): CodeIgniter\CodeIgniter->handleRequest(null, Object(Config\Cache), false)
 5 FCPATH\index.php(79): CodeIgniter\CodeIgniter->run()
CRITICAL - 2024-06-29 13:37:04 --> ErrorException: Undefined array key 0
in APPPATH\Controllers\Admin\Cotizaciones.php on line 55.
 1 APPPATH\Controllers\Admin\Cotizaciones.php(55): CodeIgniter\Debug\Exceptions->errorHandler(2, 'Undefined array key 0', 'C:\\laragon\\www\\sellopronto\\app\\Controllers\\Admin\\Cotizaciones.php', 55)
 2 SYSTEMPATH\CodeIgniter.php(941): App\Controllers\Admin\Cotizaciones->pagina('img', 'undraw_profile_2.svg')
 3 SYSTEMPATH\CodeIgniter.php(502): CodeIgniter\CodeIgniter->runController(Object(App\Controllers\Admin\Cotizaciones))
 4 SYSTEMPATH\CodeIgniter.php(361): CodeIgniter\CodeIgniter->handleRequest(null, Object(Config\Cache), false)
 5 FCPATH\index.php(79): CodeIgniter\CodeIgniter->run()
CRITICAL - 2024-06-29 13:37:04 --> ErrorException: Undefined array key 0
in APPPATH\Controllers\Admin\Cotizaciones.php on line 55.
 1 APPPATH\Controllers\Admin\Cotizaciones.php(55): CodeIgniter\Debug\Exceptions->errorHandler(2, 'Undefined array key 0', 'C:\\laragon\\www\\sellopronto\\app\\Controllers\\Admin\\Cotizaciones.php', 55)
 2 SYSTEMPATH\CodeIgniter.php(941): App\Controllers\Admin\Cotizaciones->pagina('img', 'undraw_profile.svg')
 3 SYSTEMPATH\CodeIgniter.php(502): CodeIgniter\CodeIgniter->runController(Object(App\Controllers\Admin\Cotizaciones))
 4 SYSTEMPATH\CodeIgniter.php(361): CodeIgniter\CodeIgniter->handleRequest(null, Object(Config\Cache), false)
 5 FCPATH\index.php(79): CodeIgniter\CodeIgniter->run()
CRITICAL - 2024-06-29 13:39:55 --> ErrorException: Undefined array key 0
in APPPATH\Controllers\Admin\Cotizaciones.php on line 55.
 1 APPPATH\Controllers\Admin\Cotizaciones.php(55): CodeIgniter\Debug\Exceptions->errorHandler(2, 'Undefined array key 0', 'C:\\laragon\\www\\sellopronto\\app\\Controllers\\Admin\\Cotizaciones.php', 55)
 2 SYSTEMPATH\CodeIgniter.php(941): App\Controllers\Admin\Cotizaciones->pagina('img', 'undraw_rocket.svg')
 3 SYSTEMPATH\CodeIgniter.php(502): CodeIgniter\CodeIgniter->runController(Object(App\Controllers\Admin\Cotizaciones))
 4 SYSTEMPATH\CodeIgniter.php(361): CodeIgniter\CodeIgniter->handleRequest(null, Object(Config\Cache), false)
 5 FCPATH\index.php(79): CodeIgniter\CodeIgniter->run()
CRITICAL - 2024-06-29 13:39:55 --> ErrorException: Undefined array key 0
in APPPATH\Controllers\Admin\Cotizaciones.php on line 55.
 1 APPPATH\Controllers\Admin\Cotizaciones.php(55): CodeIgniter\Debug\Exceptions->errorHandler(2, 'Undefined array key 0', 'C:\\laragon\\www\\sellopronto\\app\\Controllers\\Admin\\Cotizaciones.php', 55)
 2 SYSTEMPATH\CodeIgniter.php(941): App\Controllers\Admin\Cotizaciones->pagina('img', 'undraw_profile_1.svg')
 3 SYSTEMPATH\CodeIgniter.php(502): CodeIgniter\CodeIgniter->runController(Object(App\Controllers\Admin\Cotizaciones))
 4 SYSTEMPATH\CodeIgniter.php(361): CodeIgniter\CodeIgniter->handleRequest(null, Object(Config\Cache), false)
 5 FCPATH\index.php(79): CodeIgniter\CodeIgniter->run()
CRITICAL - 2024-06-29 13:39:55 --> ErrorException: Undefined array key 0
in APPPATH\Controllers\Admin\Cotizaciones.php on line 55.
 1 APPPATH\Controllers\Admin\Cotizaciones.php(55): CodeIgniter\Debug\Exceptions->errorHandler(2, 'Undefined array key 0', 'C:\\laragon\\www\\sellopronto\\app\\Controllers\\Admin\\Cotizaciones.php', 55)
 2 SYSTEMPATH\CodeIgniter.php(941): App\Controllers\Admin\Cotizaciones->pagina('img', 'undraw_profile_3.svg')
 3 SYSTEMPATH\CodeIgniter.php(502): CodeIgniter\CodeIgniter->runController(Object(App\Controllers\Admin\Cotizaciones))
 4 SYSTEMPATH\CodeIgniter.php(361): CodeIgniter\CodeIgniter->handleRequest(null, Object(Config\Cache), false)
 5 FCPATH\index.php(79): CodeIgniter\CodeIgniter->run()
CRITICAL - 2024-06-29 13:39:55 --> ErrorException: Undefined array key 0
in APPPATH\Controllers\Admin\Cotizaciones.php on line 55.
 1 APPPATH\Controllers\Admin\Cotizaciones.php(55): CodeIgniter\Debug\Exceptions->errorHandler(2, 'Undefined array key 0', 'C:\\laragon\\www\\sellopronto\\app\\Controllers\\Admin\\Cotizaciones.php', 55)
 2 SYSTEMPATH\CodeIgniter.php(941): App\Controllers\Admin\Cotizaciones->pagina('img', 'undraw_profile_2.svg')
 3 SYSTEMPATH\CodeIgniter.php(502): CodeIgniter\CodeIgniter->runController(Object(App\Controllers\Admin\Cotizaciones))
 4 SYSTEMPATH\CodeIgniter.php(361): CodeIgniter\CodeIgniter->handleRequest(null, Object(Config\Cache), false)
 5 FCPATH\index.php(79): CodeIgniter\CodeIgniter->run()
CRITICAL - 2024-06-29 13:39:55 --> ErrorException: Undefined array key 0
in APPPATH\Controllers\Admin\Cotizaciones.php on line 55.
 1 APPPATH\Controllers\Admin\Cotizaciones.php(55): CodeIgniter\Debug\Exceptions->errorHandler(2, 'Undefined array key 0', 'C:\\laragon\\www\\sellopronto\\app\\Controllers\\Admin\\Cotizaciones.php', 55)
 2 SYSTEMPATH\CodeIgniter.php(941): App\Controllers\Admin\Cotizaciones->pagina('img', 'undraw_profile.svg')
 3 SYSTEMPATH\CodeIgniter.php(502): CodeIgniter\CodeIgniter->runController(Object(App\Controllers\Admin\Cotizaciones))
 4 SYSTEMPATH\CodeIgniter.php(361): CodeIgniter\CodeIgniter->handleRequest(null, Object(Config\Cache), false)
 5 FCPATH\index.php(79): CodeIgniter\CodeIgniter->run()
CRITICAL - 2024-06-29 14:49:37 --> ErrorException: Undefined array key 0
in APPPATH\Controllers\Admin\Cotizaciones.php on line 55.
 1 APPPATH\Controllers\Admin\Cotizaciones.php(55): CodeIgniter\Debug\Exceptions->errorHandler(2, 'Undefined array key 0', 'C:\\laragon\\www\\sellopronto\\app\\Controllers\\Admin\\Cotizaciones.php', 55)
 2 SYSTEMPATH\CodeIgniter.php(941): App\Controllers\Admin\Cotizaciones->pagina('img', 'undraw_profile_1.svg')
 3 SYSTEMPATH\CodeIgniter.php(502): CodeIgniter\CodeIgniter->runController(Object(App\Controllers\Admin\Cotizaciones))
 4 SYSTEMPATH\CodeIgniter.php(361): CodeIgniter\CodeIgniter->handleRequest(null, Object(Config\Cache), false)
 5 FCPATH\index.php(79): CodeIgniter\CodeIgniter->run()
CRITICAL - 2024-06-29 14:49:37 --> ErrorException: Undefined array key 0
in APPPATH\Controllers\Admin\Cotizaciones.php on line 55.
 1 APPPATH\Controllers\Admin\Cotizaciones.php(55): CodeIgniter\Debug\Exceptions->errorHandler(2, 'Undefined array key 0', 'C:\\laragon\\www\\sellopronto\\app\\Controllers\\Admin\\Cotizaciones.php', 55)
 2 SYSTEMPATH\CodeIgniter.php(941): App\Controllers\Admin\Cotizaciones->pagina('img', 'undraw_profile_2.svg')
 3 SYSTEMPATH\CodeIgniter.php(502): CodeIgniter\CodeIgniter->runController(Object(App\Controllers\Admin\Cotizaciones))
 4 SYSTEMPATH\CodeIgniter.php(361): CodeIgniter\CodeIgniter->handleRequest(null, Object(Config\Cache), false)
 5 FCPATH\index.php(79): CodeIgniter\CodeIgniter->run()
CRITICAL - 2024-06-29 14:49:38 --> ErrorException: Undefined array key 0
in APPPATH\Controllers\Admin\Cotizaciones.php on line 55.
 1 APPPATH\Controllers\Admin\Cotizaciones.php(55): CodeIgniter\Debug\Exceptions->errorHandler(2, 'Undefined array key 0', 'C:\\laragon\\www\\sellopronto\\app\\Controllers\\Admin\\Cotizaciones.php', 55)
 2 SYSTEMPATH\CodeIgniter.php(941): App\Controllers\Admin\Cotizaciones->pagina('img', 'undraw_profile_3.svg')
 3 SYSTEMPATH\CodeIgniter.php(502): CodeIgniter\CodeIgniter->runController(Object(App\Controllers\Admin\Cotizaciones))
 4 SYSTEMPATH\CodeIgniter.php(361): CodeIgniter\CodeIgniter->handleRequest(null, Object(Config\Cache), false)
 5 FCPATH\index.php(79): CodeIgniter\CodeIgniter->run()
CRITICAL - 2024-06-29 14:49:38 --> ErrorException: Undefined array key 0
in APPPATH\Controllers\Admin\Cotizaciones.php on line 55.
 1 APPPATH\Controllers\Admin\Cotizaciones.php(55): CodeIgniter\Debug\Exceptions->errorHandler(2, 'Undefined array key 0', 'C:\\laragon\\www\\sellopronto\\app\\Controllers\\Admin\\Cotizaciones.php', 55)
 2 SYSTEMPATH\CodeIgniter.php(941): App\Controllers\Admin\Cotizaciones->pagina('img', 'undraw_profile.svg')
 3 SYSTEMPATH\CodeIgniter.php(502): CodeIgniter\CodeIgniter->runController(Object(App\Controllers\Admin\Cotizaciones))
 4 SYSTEMPATH\CodeIgniter.php(361): CodeIgniter\CodeIgniter->handleRequest(null, Object(Config\Cache), false)
 5 FCPATH\index.php(79): CodeIgniter\CodeIgniter->run()
CRITICAL - 2024-06-29 14:56:43 --> ErrorException: Undefined array key 0
in APPPATH\Controllers\Admin\Cotizaciones.php on line 104.
 1 APPPATH\Controllers\Admin\Cotizaciones.php(104): CodeIgniter\Debug\Exceptions->errorHandler(2, 'Undefined array key 0', 'C:\\laragon\\www\\sellopronto\\app\\Controllers\\Admin\\Cotizaciones.php', 104)
 2 SYSTEMPATH\CodeIgniter.php(941): App\Controllers\Admin\Cotizaciones->agregar()
 3 SYSTEMPATH\CodeIgniter.php(502): CodeIgniter\CodeIgniter->runController(Object(App\Controllers\Admin\Cotizaciones))
 4 SYSTEMPATH\CodeIgniter.php(361): CodeIgniter\CodeIgniter->handleRequest(null, Object(Config\Cache), false)
 5 FCPATH\index.php(79): CodeIgniter\CodeIgniter->run()
CRITICAL - 2024-06-29 14:58:41 --> ErrorException: Undefined array key 0
in APPPATH\Controllers\Admin\Cotizaciones.php on line 55.
 1 APPPATH\Controllers\Admin\Cotizaciones.php(55): CodeIgniter\Debug\Exceptions->errorHandler(2, 'Undefined array key 0', 'C:\\laragon\\www\\sellopronto\\app\\Controllers\\Admin\\Cotizaciones.php', 55)
 2 SYSTEMPATH\CodeIgniter.php(941): App\Controllers\Admin\Cotizaciones->pagina('img', 'undraw_profile_2.svg')
 3 SYSTEMPATH\CodeIgniter.php(502): CodeIgniter\CodeIgniter->runController(Object(App\Controllers\Admin\Cotizaciones))
 4 SYSTEMPATH\CodeIgniter.php(361): CodeIgniter\CodeIgniter->handleRequest(null, Object(Config\Cache), false)
 5 FCPATH\index.php(79): CodeIgniter\CodeIgniter->run()
CRITICAL - 2024-06-29 14:58:42 --> ErrorException: Undefined array key 0
in APPPATH\Controllers\Admin\Cotizaciones.php on line 55.
 1 APPPATH\Controllers\Admin\Cotizaciones.php(55): CodeIgniter\Debug\Exceptions->errorHandler(2, 'Undefined array key 0', 'C:\\laragon\\www\\sellopronto\\app\\Controllers\\Admin\\Cotizaciones.php', 55)
 2 SYSTEMPATH\CodeIgniter.php(941): App\Controllers\Admin\Cotizaciones->pagina('img', 'undraw_profile_1.svg')
 3 SYSTEMPATH\CodeIgniter.php(502): CodeIgniter\CodeIgniter->runController(Object(App\Controllers\Admin\Cotizaciones))
 4 SYSTEMPATH\CodeIgniter.php(361): CodeIgniter\CodeIgniter->handleRequest(null, Object(Config\Cache), false)
 5 FCPATH\index.php(79): CodeIgniter\CodeIgniter->run()
CRITICAL - 2024-06-29 14:58:42 --> ErrorException: Undefined array key 0
in APPPATH\Controllers\Admin\Cotizaciones.php on line 55.
 1 APPPATH\Controllers\Admin\Cotizaciones.php(55): CodeIgniter\Debug\Exceptions->errorHandler(2, 'Undefined array key 0', 'C:\\laragon\\www\\sellopronto\\app\\Controllers\\Admin\\Cotizaciones.php', 55)
 2 SYSTEMPATH\CodeIgniter.php(941): App\Controllers\Admin\Cotizaciones->pagina('img', 'undraw_profile.svg')
 3 SYSTEMPATH\CodeIgniter.php(502): CodeIgniter\CodeIgniter->runController(Object(App\Controllers\Admin\Cotizaciones))
 4 SYSTEMPATH\CodeIgniter.php(361): CodeIgniter\CodeIgniter->handleRequest(null, Object(Config\Cache), false)
 5 FCPATH\index.php(79): CodeIgniter\CodeIgniter->run()
CRITICAL - 2024-06-29 14:58:42 --> ErrorException: Undefined array key 0
in APPPATH\Controllers\Admin\Cotizaciones.php on line 55.
 1 APPPATH\Controllers\Admin\Cotizaciones.php(55): CodeIgniter\Debug\Exceptions->errorHandler(2, 'Undefined array key 0', 'C:\\laragon\\www\\sellopronto\\app\\Controllers\\Admin\\Cotizaciones.php', 55)
 2 SYSTEMPATH\CodeIgniter.php(941): App\Controllers\Admin\Cotizaciones->pagina('img', 'undraw_profile_3.svg')
 3 SYSTEMPATH\CodeIgniter.php(502): CodeIgniter\CodeIgniter->runController(Object(App\Controllers\Admin\Cotizaciones))
 4 SYSTEMPATH\CodeIgniter.php(361): CodeIgniter\CodeIgniter->handleRequest(null, Object(Config\Cache), false)
 5 FCPATH\index.php(79): CodeIgniter\CodeIgniter->run()
CRITICAL - 2024-06-29 14:58:57 --> ErrorException: Undefined array key 0
in APPPATH\Controllers\Admin\Cotizaciones.php on line 55.
 1 APPPATH\Controllers\Admin\Cotizaciones.php(55): CodeIgniter\Debug\Exceptions->errorHandler(2, 'Undefined array key 0', 'C:\\laragon\\www\\sellopronto\\app\\Controllers\\Admin\\Cotizaciones.php', 55)
 2 SYSTEMPATH\CodeIgniter.php(941): App\Controllers\Admin\Cotizaciones->pagina('img', 'undraw_profile_1.svg')
 3 SYSTEMPATH\CodeIgniter.php(502): CodeIgniter\CodeIgniter->runController(Object(App\Controllers\Admin\Cotizaciones))
 4 SYSTEMPATH\CodeIgniter.php(361): CodeIgniter\CodeIgniter->handleRequest(null, Object(Config\Cache), false)
 5 FCPATH\index.php(79): CodeIgniter\CodeIgniter->run()
CRITICAL - 2024-06-29 14:58:58 --> ErrorException: Undefined array key 0
in APPPATH\Controllers\Admin\Cotizaciones.php on line 55.
 1 APPPATH\Controllers\Admin\Cotizaciones.php(55): CodeIgniter\Debug\Exceptions->errorHandler(2, 'Undefined array key 0', 'C:\\laragon\\www\\sellopronto\\app\\Controllers\\Admin\\Cotizaciones.php', 55)
 2 SYSTEMPATH\CodeIgniter.php(941): App\Controllers\Admin\Cotizaciones->pagina('img', 'undraw_profile_2.svg')
 3 SYSTEMPATH\CodeIgniter.php(502): CodeIgniter\CodeIgniter->runController(Object(App\Controllers\Admin\Cotizaciones))
 4 SYSTEMPATH\CodeIgniter.php(361): CodeIgniter\CodeIgniter->handleRequest(null, Object(Config\Cache), false)
 5 FCPATH\index.php(79): CodeIgniter\CodeIgniter->run()
CRITICAL - 2024-06-29 14:58:58 --> ErrorException: Undefined array key 0
in APPPATH\Controllers\Admin\Cotizaciones.php on line 55.
 1 APPPATH\Controllers\Admin\Cotizaciones.php(55): CodeIgniter\Debug\Exceptions->errorHandler(2, 'Undefined array key 0', 'C:\\laragon\\www\\sellopronto\\app\\Controllers\\Admin\\Cotizaciones.php', 55)
 2 SYSTEMPATH\CodeIgniter.php(941): App\Controllers\Admin\Cotizaciones->pagina('img', 'undraw_profile.svg')
 3 SYSTEMPATH\CodeIgniter.php(502): CodeIgniter\CodeIgniter->runController(Object(App\Controllers\Admin\Cotizaciones))
 4 SYSTEMPATH\CodeIgniter.php(361): CodeIgniter\CodeIgniter->handleRequest(null, Object(Config\Cache), false)
 5 FCPATH\index.php(79): CodeIgniter\CodeIgniter->run()
CRITICAL - 2024-06-29 14:58:58 --> ErrorException: Undefined array key 0
in APPPATH\Controllers\Admin\Cotizaciones.php on line 55.
 1 APPPATH\Controllers\Admin\Cotizaciones.php(55): CodeIgniter\Debug\Exceptions->errorHandler(2, 'Undefined array key 0', 'C:\\laragon\\www\\sellopronto\\app\\Controllers\\Admin\\Cotizaciones.php', 55)
 2 SYSTEMPATH\CodeIgniter.php(941): App\Controllers\Admin\Cotizaciones->pagina('img', 'undraw_profile_3.svg')
 3 SYSTEMPATH\CodeIgniter.php(502): CodeIgniter\CodeIgniter->runController(Object(App\Controllers\Admin\Cotizaciones))
 4 SYSTEMPATH\CodeIgniter.php(361): CodeIgniter\CodeIgniter->handleRequest(null, Object(Config\Cache), false)
 5 FCPATH\index.php(79): CodeIgniter\CodeIgniter->run()
CRITICAL - 2024-06-29 14:59:58 --> ErrorException: Undefined array key 0
in APPPATH\Controllers\Admin\Cotizaciones.php on line 55.
 1 APPPATH\Controllers\Admin\Cotizaciones.php(55): CodeIgniter\Debug\Exceptions->errorHandler(2, 'Undefined array key 0', 'C:\\laragon\\www\\sellopronto\\app\\Controllers\\Admin\\Cotizaciones.php', 55)
 2 SYSTEMPATH\CodeIgniter.php(941): App\Controllers\Admin\Cotizaciones->pagina('img', 'undraw_profile_1.svg')
 3 SYSTEMPATH\CodeIgniter.php(502): CodeIgniter\CodeIgniter->runController(Object(App\Controllers\Admin\Cotizaciones))
 4 SYSTEMPATH\CodeIgniter.php(361): CodeIgniter\CodeIgniter->handleRequest(null, Object(Config\Cache), false)
 5 FCPATH\index.php(79): CodeIgniter\CodeIgniter->run()
CRITICAL - 2024-06-29 14:59:58 --> ErrorException: Undefined array key 0
in APPPATH\Controllers\Admin\Cotizaciones.php on line 55.
 1 APPPATH\Controllers\Admin\Cotizaciones.php(55): CodeIgniter\Debug\Exceptions->errorHandler(2, 'Undefined array key 0', 'C:\\laragon\\www\\sellopronto\\app\\Controllers\\Admin\\Cotizaciones.php', 55)
 2 SYSTEMPATH\CodeIgniter.php(941): App\Controllers\Admin\Cotizaciones->pagina('img', 'undraw_profile_2.svg')
 3 SYSTEMPATH\CodeIgniter.php(502): CodeIgniter\CodeIgniter->runController(Object(App\Controllers\Admin\Cotizaciones))
 4 SYSTEMPATH\CodeIgniter.php(361): CodeIgniter\CodeIgniter->handleRequest(null, Object(Config\Cache), false)
 5 FCPATH\index.php(79): CodeIgniter\CodeIgniter->run()
CRITICAL - 2024-06-29 14:59:59 --> ErrorException: Undefined array key 0
in APPPATH\Controllers\Admin\Cotizaciones.php on line 55.
 1 APPPATH\Controllers\Admin\Cotizaciones.php(55): CodeIgniter\Debug\Exceptions->errorHandler(2, 'Undefined array key 0', 'C:\\laragon\\www\\sellopronto\\app\\Controllers\\Admin\\Cotizaciones.php', 55)
 2 SYSTEMPATH\CodeIgniter.php(941): App\Controllers\Admin\Cotizaciones->pagina('img', 'undraw_profile_3.svg')
 3 SYSTEMPATH\CodeIgniter.php(502): CodeIgniter\CodeIgniter->runController(Object(App\Controllers\Admin\Cotizaciones))
 4 SYSTEMPATH\CodeIgniter.php(361): CodeIgniter\CodeIgniter->handleRequest(null, Object(Config\Cache), false)
 5 FCPATH\index.php(79): CodeIgniter\CodeIgniter->run()
CRITICAL - 2024-06-29 14:59:59 --> ErrorException: Undefined array key 0
in APPPATH\Controllers\Admin\Cotizaciones.php on line 55.
 1 APPPATH\Controllers\Admin\Cotizaciones.php(55): CodeIgniter\Debug\Exceptions->errorHandler(2, 'Undefined array key 0', 'C:\\laragon\\www\\sellopronto\\app\\Controllers\\Admin\\Cotizaciones.php', 55)
 2 SYSTEMPATH\CodeIgniter.php(941): App\Controllers\Admin\Cotizaciones->pagina('img', 'undraw_profile.svg')
 3 SYSTEMPATH\CodeIgniter.php(502): CodeIgniter\CodeIgniter->runController(Object(App\Controllers\Admin\Cotizaciones))
 4 SYSTEMPATH\CodeIgniter.php(361): CodeIgniter\CodeIgniter->handleRequest(null, Object(Config\Cache), false)
 5 FCPATH\index.php(79): CodeIgniter\CodeIgniter->run()
CRITICAL - 2024-06-29 15:00:32 --> ErrorException: Undefined array key 0
in APPPATH\Controllers\Admin\Cotizaciones.php on line 55.
 1 APPPATH\Controllers\Admin\Cotizaciones.php(55): CodeIgniter\Debug\Exceptions->errorHandler(2, 'Undefined array key 0', 'C:\\laragon\\www\\sellopronto\\app\\Controllers\\Admin\\Cotizaciones.php', 55)
 2 SYSTEMPATH\CodeIgniter.php(941): App\Controllers\Admin\Cotizaciones->pagina('img', 'undraw_profile_2.svg')
 3 SYSTEMPATH\CodeIgniter.php(502): CodeIgniter\CodeIgniter->runController(Object(App\Controllers\Admin\Cotizaciones))
 4 SYSTEMPATH\CodeIgniter.php(361): CodeIgniter\CodeIgniter->handleRequest(null, Object(Config\Cache), false)
 5 FCPATH\index.php(79): CodeIgniter\CodeIgniter->run()
CRITICAL - 2024-06-29 15:00:32 --> ErrorException: Undefined array key 0
in APPPATH\Controllers\Admin\Cotizaciones.php on line 55.
 1 APPPATH\Controllers\Admin\Cotizaciones.php(55): CodeIgniter\Debug\Exceptions->errorHandler(2, 'Undefined array key 0', 'C:\\laragon\\www\\sellopronto\\app\\Controllers\\Admin\\Cotizaciones.php', 55)
 2 SYSTEMPATH\CodeIgniter.php(941): App\Controllers\Admin\Cotizaciones->pagina('img', 'undraw_profile_1.svg')
 3 SYSTEMPATH\CodeIgniter.php(502): CodeIgniter\CodeIgniter->runController(Object(App\Controllers\Admin\Cotizaciones))
 4 SYSTEMPATH\CodeIgniter.php(361): CodeIgniter\CodeIgniter->handleRequest(null, Object(Config\Cache), false)
 5 FCPATH\index.php(79): CodeIgniter\CodeIgniter->run()
CRITICAL - 2024-06-29 15:00:33 --> ErrorException: Undefined array key 0
in APPPATH\Controllers\Admin\Cotizaciones.php on line 55.
 1 APPPATH\Controllers\Admin\Cotizaciones.php(55): CodeIgniter\Debug\Exceptions->errorHandler(2, 'Undefined array key 0', 'C:\\laragon\\www\\sellopronto\\app\\Controllers\\Admin\\Cotizaciones.php', 55)
 2 SYSTEMPATH\CodeIgniter.php(941): App\Controllers\Admin\Cotizaciones->pagina('img', 'undraw_profile_3.svg')
 3 SYSTEMPATH\CodeIgniter.php(502): CodeIgniter\CodeIgniter->runController(Object(App\Controllers\Admin\Cotizaciones))
 4 SYSTEMPATH\CodeIgniter.php(361): CodeIgniter\CodeIgniter->handleRequest(null, Object(Config\Cache), false)
 5 FCPATH\index.php(79): CodeIgniter\CodeIgniter->run()
CRITICAL - 2024-06-29 15:00:33 --> ErrorException: Undefined array key 0
in APPPATH\Controllers\Admin\Cotizaciones.php on line 55.
 1 APPPATH\Controllers\Admin\Cotizaciones.php(55): CodeIgniter\Debug\Exceptions->errorHandler(2, 'Undefined array key 0', 'C:\\laragon\\www\\sellopronto\\app\\Controllers\\Admin\\Cotizaciones.php', 55)
 2 SYSTEMPATH\CodeIgniter.php(941): App\Controllers\Admin\Cotizaciones->pagina('img', 'undraw_profile.svg')
 3 SYSTEMPATH\CodeIgniter.php(502): CodeIgniter\CodeIgniter->runController(Object(App\Controllers\Admin\Cotizaciones))
 4 SYSTEMPATH\CodeIgniter.php(361): CodeIgniter\CodeIgniter->handleRequest(null, Object(Config\Cache), false)
 5 FCPATH\index.php(79): CodeIgniter\CodeIgniter->run()
CRITICAL - 2024-06-29 15:00:42 --> ErrorException: Undefined array key 0
in APPPATH\Controllers\Admin\Cotizaciones.php on line 55.
 1 APPPATH\Controllers\Admin\Cotizaciones.php(55): CodeIgniter\Debug\Exceptions->errorHandler(2, 'Undefined array key 0', 'C:\\laragon\\www\\sellopronto\\app\\Controllers\\Admin\\Cotizaciones.php', 55)
 2 SYSTEMPATH\CodeIgniter.php(941): App\Controllers\Admin\Cotizaciones->pagina('img', 'undraw_profile_1.svg')
 3 SYSTEMPATH\CodeIgniter.php(502): CodeIgniter\CodeIgniter->runController(Object(App\Controllers\Admin\Cotizaciones))
 4 SYSTEMPATH\CodeIgniter.php(361): CodeIgniter\CodeIgniter->handleRequest(null, Object(Config\Cache), false)
 5 FCPATH\index.php(79): CodeIgniter\CodeIgniter->run()
CRITICAL - 2024-06-29 15:00:42 --> ErrorException: Undefined array key 0
in APPPATH\Controllers\Admin\Cotizaciones.php on line 55.
 1 APPPATH\Controllers\Admin\Cotizaciones.php(55): CodeIgniter\Debug\Exceptions->errorHandler(2, 'Undefined array key 0', 'C:\\laragon\\www\\sellopronto\\app\\Controllers\\Admin\\Cotizaciones.php', 55)
 2 SYSTEMPATH\CodeIgniter.php(941): App\Controllers\Admin\Cotizaciones->pagina('img', 'undraw_profile_2.svg')
 3 SYSTEMPATH\CodeIgniter.php(502): CodeIgniter\CodeIgniter->runController(Object(App\Controllers\Admin\Cotizaciones))
 4 SYSTEMPATH\CodeIgniter.php(361): CodeIgniter\CodeIgniter->handleRequest(null, Object(Config\Cache), false)
 5 FCPATH\index.php(79): CodeIgniter\CodeIgniter->run()
CRITICAL - 2024-06-29 15:00:43 --> ErrorException: Undefined array key 0
in APPPATH\Controllers\Admin\Cotizaciones.php on line 55.
 1 APPPATH\Controllers\Admin\Cotizaciones.php(55): CodeIgniter\Debug\Exceptions->errorHandler(2, 'Undefined array key 0', 'C:\\laragon\\www\\sellopronto\\app\\Controllers\\Admin\\Cotizaciones.php', 55)
 2 SYSTEMPATH\CodeIgniter.php(941): App\Controllers\Admin\Cotizaciones->pagina('img', 'undraw_profile.svg')
 3 SYSTEMPATH\CodeIgniter.php(502): CodeIgniter\CodeIgniter->runController(Object(App\Controllers\Admin\Cotizaciones))
 4 SYSTEMPATH\CodeIgniter.php(361): CodeIgniter\CodeIgniter->handleRequest(null, Object(Config\Cache), false)
 5 FCPATH\index.php(79): CodeIgniter\CodeIgniter->run()
CRITICAL - 2024-06-29 15:00:43 --> ErrorException: Undefined array key 0
in APPPATH\Controllers\Admin\Cotizaciones.php on line 55.
 1 APPPATH\Controllers\Admin\Cotizaciones.php(55): CodeIgniter\Debug\Exceptions->errorHandler(2, 'Undefined array key 0', 'C:\\laragon\\www\\sellopronto\\app\\Controllers\\Admin\\Cotizaciones.php', 55)
 2 SYSTEMPATH\CodeIgniter.php(941): App\Controllers\Admin\Cotizaciones->pagina('img', 'undraw_profile_3.svg')
 3 SYSTEMPATH\CodeIgniter.php(502): CodeIgniter\CodeIgniter->runController(Object(App\Controllers\Admin\Cotizaciones))
 4 SYSTEMPATH\CodeIgniter.php(361): CodeIgniter\CodeIgniter->handleRequest(null, Object(Config\Cache), false)
 5 FCPATH\index.php(79): CodeIgniter\CodeIgniter->run()
CRITICAL - 2024-06-29 15:00:57 --> ErrorException: Undefined array key 0
in APPPATH\Controllers\Admin\Cotizaciones.php on line 55.
 1 APPPATH\Controllers\Admin\Cotizaciones.php(55): CodeIgniter\Debug\Exceptions->errorHandler(2, 'Undefined array key 0', 'C:\\laragon\\www\\sellopronto\\app\\Controllers\\Admin\\Cotizaciones.php', 55)
 2 SYSTEMPATH\CodeIgniter.php(941): App\Controllers\Admin\Cotizaciones->pagina('img', 'undraw_profile_1.svg')
 3 SYSTEMPATH\CodeIgniter.php(502): CodeIgniter\CodeIgniter->runController(Object(App\Controllers\Admin\Cotizaciones))
 4 SYSTEMPATH\CodeIgniter.php(361): CodeIgniter\CodeIgniter->handleRequest(null, Object(Config\Cache), false)
 5 FCPATH\index.php(79): CodeIgniter\CodeIgniter->run()
CRITICAL - 2024-06-29 15:00:58 --> ErrorException: Undefined array key 0
in APPPATH\Controllers\Admin\Cotizaciones.php on line 55.
 1 APPPATH\Controllers\Admin\Cotizaciones.php(55): CodeIgniter\Debug\Exceptions->errorHandler(2, 'Undefined array key 0', 'C:\\laragon\\www\\sellopronto\\app\\Controllers\\Admin\\Cotizaciones.php', 55)
 2 SYSTEMPATH\CodeIgniter.php(941): App\Controllers\Admin\Cotizaciones->pagina('img', 'undraw_profile_2.svg')
 3 SYSTEMPATH\CodeIgniter.php(502): CodeIgniter\CodeIgniter->runController(Object(App\Controllers\Admin\Cotizaciones))
 4 SYSTEMPATH\CodeIgniter.php(361): CodeIgniter\CodeIgniter->handleRequest(null, Object(Config\Cache), false)
 5 FCPATH\index.php(79): CodeIgniter\CodeIgniter->run()
CRITICAL - 2024-06-29 15:00:58 --> ErrorException: Undefined array key 0
in APPPATH\Controllers\Admin\Cotizaciones.php on line 55.
 1 APPPATH\Controllers\Admin\Cotizaciones.php(55): CodeIgniter\Debug\Exceptions->errorHandler(2, 'Undefined array key 0', 'C:\\laragon\\www\\sellopronto\\app\\Controllers\\Admin\\Cotizaciones.php', 55)
 2 SYSTEMPATH\CodeIgniter.php(941): App\Controllers\Admin\Cotizaciones->pagina('img', 'undraw_profile_3.svg')
 3 SYSTEMPATH\CodeIgniter.php(502): CodeIgniter\CodeIgniter->runController(Object(App\Controllers\Admin\Cotizaciones))
 4 SYSTEMPATH\CodeIgniter.php(361): CodeIgniter\CodeIgniter->handleRequest(null, Object(Config\Cache), false)
 5 FCPATH\index.php(79): CodeIgniter\CodeIgniter->run()
CRITICAL - 2024-06-29 15:00:58 --> ErrorException: Undefined array key 0
in APPPATH\Controllers\Admin\Cotizaciones.php on line 55.
 1 APPPATH\Controllers\Admin\Cotizaciones.php(55): CodeIgniter\Debug\Exceptions->errorHandler(2, 'Undefined array key 0', 'C:\\laragon\\www\\sellopronto\\app\\Controllers\\Admin\\Cotizaciones.php', 55)
 2 SYSTEMPATH\CodeIgniter.php(941): App\Controllers\Admin\Cotizaciones->pagina('img', 'undraw_profile.svg')
 3 SYSTEMPATH\CodeIgniter.php(502): CodeIgniter\CodeIgniter->runController(Object(App\Controllers\Admin\Cotizaciones))
 4 SYSTEMPATH\CodeIgniter.php(361): CodeIgniter\CodeIgniter->handleRequest(null, Object(Config\Cache), false)
 5 FCPATH\index.php(79): CodeIgniter\CodeIgniter->run()
CRITICAL - 2024-06-29 15:01:35 --> ErrorException: Undefined array key 0
in APPPATH\Controllers\Admin\Cotizaciones.php on line 55.
 1 APPPATH\Controllers\Admin\Cotizaciones.php(55): CodeIgniter\Debug\Exceptions->errorHandler(2, 'Undefined array key 0', 'C:\\laragon\\www\\sellopronto\\app\\Controllers\\Admin\\Cotizaciones.php', 55)
 2 SYSTEMPATH\CodeIgniter.php(941): App\Controllers\Admin\Cotizaciones->pagina('img', 'undraw_profile_1.svg')
 3 SYSTEMPATH\CodeIgniter.php(502): CodeIgniter\CodeIgniter->runController(Object(App\Controllers\Admin\Cotizaciones))
 4 SYSTEMPATH\CodeIgniter.php(361): CodeIgniter\CodeIgniter->handleRequest(null, Object(Config\Cache), false)
 5 FCPATH\index.php(79): CodeIgniter\CodeIgniter->run()
CRITICAL - 2024-06-29 15:01:35 --> ErrorException: Undefined array key 0
in APPPATH\Controllers\Admin\Cotizaciones.php on line 55.
 1 APPPATH\Controllers\Admin\Cotizaciones.php(55): CodeIgniter\Debug\Exceptions->errorHandler(2, 'Undefined array key 0', 'C:\\laragon\\www\\sellopronto\\app\\Controllers\\Admin\\Cotizaciones.php', 55)
 2 SYSTEMPATH\CodeIgniter.php(941): App\Controllers\Admin\Cotizaciones->pagina('img', 'undraw_profile_2.svg')
 3 SYSTEMPATH\CodeIgniter.php(502): CodeIgniter\CodeIgniter->runController(Object(App\Controllers\Admin\Cotizaciones))
 4 SYSTEMPATH\CodeIgniter.php(361): CodeIgniter\CodeIgniter->handleRequest(null, Object(Config\Cache), false)
 5 FCPATH\index.php(79): CodeIgniter\CodeIgniter->run()
CRITICAL - 2024-06-29 15:01:35 --> ErrorException: Undefined array key 0
in APPPATH\Controllers\Admin\Cotizaciones.php on line 55.
 1 APPPATH\Controllers\Admin\Cotizaciones.php(55): CodeIgniter\Debug\Exceptions->errorHandler(2, 'Undefined array key 0', 'C:\\laragon\\www\\sellopronto\\app\\Controllers\\Admin\\Cotizaciones.php', 55)
 2 SYSTEMPATH\CodeIgniter.php(941): App\Controllers\Admin\Cotizaciones->pagina('img', 'undraw_profile_3.svg')
 3 SYSTEMPATH\CodeIgniter.php(502): CodeIgniter\CodeIgniter->runController(Object(App\Controllers\Admin\Cotizaciones))
 4 SYSTEMPATH\CodeIgniter.php(361): CodeIgniter\CodeIgniter->handleRequest(null, Object(Config\Cache), false)
 5 FCPATH\index.php(79): CodeIgniter\CodeIgniter->run()
CRITICAL - 2024-06-29 15:01:35 --> ErrorException: Undefined array key 0
in APPPATH\Controllers\Admin\Cotizaciones.php on line 55.
 1 APPPATH\Controllers\Admin\Cotizaciones.php(55): CodeIgniter\Debug\Exceptions->errorHandler(2, 'Undefined array key 0', 'C:\\laragon\\www\\sellopronto\\app\\Controllers\\Admin\\Cotizaciones.php', 55)
 2 SYSTEMPATH\CodeIgniter.php(941): App\Controllers\Admin\Cotizaciones->pagina('img', 'undraw_profile.svg')
 3 SYSTEMPATH\CodeIgniter.php(502): CodeIgniter\CodeIgniter->runController(Object(App\Controllers\Admin\Cotizaciones))
 4 SYSTEMPATH\CodeIgniter.php(361): CodeIgniter\CodeIgniter->handleRequest(null, Object(Config\Cache), false)
 5 FCPATH\index.php(79): CodeIgniter\CodeIgniter->run()
CRITICAL - 2024-06-29 15:01:59 --> ErrorException: Undefined array key 0
in APPPATH\Controllers\Admin\Cotizaciones.php on line 55.
 1 APPPATH\Controllers\Admin\Cotizaciones.php(55): CodeIgniter\Debug\Exceptions->errorHandler(2, 'Undefined array key 0', 'C:\\laragon\\www\\sellopronto\\app\\Controllers\\Admin\\Cotizaciones.php', 55)
 2 SYSTEMPATH\CodeIgniter.php(941): App\Controllers\Admin\Cotizaciones->pagina('img', 'undraw_profile_2.svg')
 3 SYSTEMPATH\CodeIgniter.php(502): CodeIgniter\CodeIgniter->runController(Object(App\Controllers\Admin\Cotizaciones))
 4 SYSTEMPATH\CodeIgniter.php(361): CodeIgniter\CodeIgniter->handleRequest(null, Object(Config\Cache), false)
 5 FCPATH\index.php(79): CodeIgniter\CodeIgniter->run()
CRITICAL - 2024-06-29 15:01:59 --> ErrorException: Undefined array key 0
in APPPATH\Controllers\Admin\Cotizaciones.php on line 55.
 1 APPPATH\Controllers\Admin\Cotizaciones.php(55): CodeIgniter\Debug\Exceptions->errorHandler(2, 'Undefined array key 0', 'C:\\laragon\\www\\sellopronto\\app\\Controllers\\Admin\\Cotizaciones.php', 55)
 2 SYSTEMPATH\CodeIgniter.php(941): App\Controllers\Admin\Cotizaciones->pagina('img', 'undraw_profile_1.svg')
 3 SYSTEMPATH\CodeIgniter.php(502): CodeIgniter\CodeIgniter->runController(Object(App\Controllers\Admin\Cotizaciones))
 4 SYSTEMPATH\CodeIgniter.php(361): CodeIgniter\CodeIgniter->handleRequest(null, Object(Config\Cache), false)
 5 FCPATH\index.php(79): CodeIgniter\CodeIgniter->run()
CRITICAL - 2024-06-29 15:01:59 --> ErrorException: Undefined array key 0
in APPPATH\Controllers\Admin\Cotizaciones.php on line 55.
 1 APPPATH\Controllers\Admin\Cotizaciones.php(55): CodeIgniter\Debug\Exceptions->errorHandler(2, 'Undefined array key 0', 'C:\\laragon\\www\\sellopronto\\app\\Controllers\\Admin\\Cotizaciones.php', 55)
 2 SYSTEMPATH\CodeIgniter.php(941): App\Controllers\Admin\Cotizaciones->pagina('img', 'undraw_profile_3.svg')
 3 SYSTEMPATH\CodeIgniter.php(502): CodeIgniter\CodeIgniter->runController(Object(App\Controllers\Admin\Cotizaciones))
 4 SYSTEMPATH\CodeIgniter.php(361): CodeIgniter\CodeIgniter->handleRequest(null, Object(Config\Cache), false)
 5 FCPATH\index.php(79): CodeIgniter\CodeIgniter->run()
CRITICAL - 2024-06-29 15:01:59 --> ErrorException: Undefined array key 0
in APPPATH\Controllers\Admin\Cotizaciones.php on line 55.
 1 APPPATH\Controllers\Admin\Cotizaciones.php(55): CodeIgniter\Debug\Exceptions->errorHandler(2, 'Undefined array key 0', 'C:\\laragon\\www\\sellopronto\\app\\Controllers\\Admin\\Cotizaciones.php', 55)
 2 SYSTEMPATH\CodeIgniter.php(941): App\Controllers\Admin\Cotizaciones->pagina('img', 'undraw_profile.svg')
 3 SYSTEMPATH\CodeIgniter.php(502): CodeIgniter\CodeIgniter->runController(Object(App\Controllers\Admin\Cotizaciones))
 4 SYSTEMPATH\CodeIgniter.php(361): CodeIgniter\CodeIgniter->handleRequest(null, Object(Config\Cache), false)
 5 FCPATH\index.php(79): CodeIgniter\CodeIgniter->run()
CRITICAL - 2024-06-29 15:02:33 --> ErrorException: Undefined array key 0
in APPPATH\Controllers\Admin\Cotizaciones.php on line 55.
 1 APPPATH\Controllers\Admin\Cotizaciones.php(55): CodeIgniter\Debug\Exceptions->errorHandler(2, 'Undefined array key 0', 'C:\\laragon\\www\\sellopronto\\app\\Controllers\\Admin\\Cotizaciones.php', 55)
 2 SYSTEMPATH\CodeIgniter.php(941): App\Controllers\Admin\Cotizaciones->pagina('img', 'undraw_profile_1.svg')
 3 SYSTEMPATH\CodeIgniter.php(502): CodeIgniter\CodeIgniter->runController(Object(App\Controllers\Admin\Cotizaciones))
 4 SYSTEMPATH\CodeIgniter.php(361): CodeIgniter\CodeIgniter->handleRequest(null, Object(Config\Cache), false)
 5 FCPATH\index.php(79): CodeIgniter\CodeIgniter->run()
CRITICAL - 2024-06-29 15:02:33 --> ErrorException: Undefined array key 0
in APPPATH\Controllers\Admin\Cotizaciones.php on line 55.
 1 APPPATH\Controllers\Admin\Cotizaciones.php(55): CodeIgniter\Debug\Exceptions->errorHandler(2, 'Undefined array key 0', 'C:\\laragon\\www\\sellopronto\\app\\Controllers\\Admin\\Cotizaciones.php', 55)
 2 SYSTEMPATH\CodeIgniter.php(941): App\Controllers\Admin\Cotizaciones->pagina('img', 'undraw_profile_2.svg')
 3 SYSTEMPATH\CodeIgniter.php(502): CodeIgniter\CodeIgniter->runController(Object(App\Controllers\Admin\Cotizaciones))
 4 SYSTEMPATH\CodeIgniter.php(361): CodeIgniter\CodeIgniter->handleRequest(null, Object(Config\Cache), false)
 5 FCPATH\index.php(79): CodeIgniter\CodeIgniter->run()
CRITICAL - 2024-06-29 15:02:34 --> ErrorException: Undefined array key 0
in APPPATH\Controllers\Admin\Cotizaciones.php on line 55.
 1 APPPATH\Controllers\Admin\Cotizaciones.php(55): CodeIgniter\Debug\Exceptions->errorHandler(2, 'Undefined array key 0', 'C:\\laragon\\www\\sellopronto\\app\\Controllers\\Admin\\Cotizaciones.php', 55)
 2 SYSTEMPATH\CodeIgniter.php(941): App\Controllers\Admin\Cotizaciones->pagina('img', 'undraw_profile_3.svg')
 3 SYSTEMPATH\CodeIgniter.php(502): CodeIgniter\CodeIgniter->runController(Object(App\Controllers\Admin\Cotizaciones))
 4 SYSTEMPATH\CodeIgniter.php(361): CodeIgniter\CodeIgniter->handleRequest(null, Object(Config\Cache), false)
 5 FCPATH\index.php(79): CodeIgniter\CodeIgniter->run()
CRITICAL - 2024-06-29 15:02:34 --> ErrorException: Undefined array key 0
in APPPATH\Controllers\Admin\Cotizaciones.php on line 55.
 1 APPPATH\Controllers\Admin\Cotizaciones.php(55): CodeIgniter\Debug\Exceptions->errorHandler(2, 'Undefined array key 0', 'C:\\laragon\\www\\sellopronto\\app\\Controllers\\Admin\\Cotizaciones.php', 55)
 2 SYSTEMPATH\CodeIgniter.php(941): App\Controllers\Admin\Cotizaciones->pagina('img', 'undraw_profile.svg')
 3 SYSTEMPATH\CodeIgniter.php(502): CodeIgniter\CodeIgniter->runController(Object(App\Controllers\Admin\Cotizaciones))
 4 SYSTEMPATH\CodeIgniter.php(361): CodeIgniter\CodeIgniter->handleRequest(null, Object(Config\Cache), false)
 5 FCPATH\index.php(79): CodeIgniter\CodeIgniter->run()
CRITICAL - 2024-06-29 15:02:54 --> ErrorException: Undefined array key 0
in APPPATH\Controllers\Admin\Cotizaciones.php on line 55.
 1 APPPATH\Controllers\Admin\Cotizaciones.php(55): CodeIgniter\Debug\Exceptions->errorHandler(2, 'Undefined array key 0', 'C:\\laragon\\www\\sellopronto\\app\\Controllers\\Admin\\Cotizaciones.php', 55)
 2 SYSTEMPATH\CodeIgniter.php(941): App\Controllers\Admin\Cotizaciones->pagina('img', 'undraw_profile_1.svg')
 3 SYSTEMPATH\CodeIgniter.php(502): CodeIgniter\CodeIgniter->runController(Object(App\Controllers\Admin\Cotizaciones))
 4 SYSTEMPATH\CodeIgniter.php(361): CodeIgniter\CodeIgniter->handleRequest(null, Object(Config\Cache), false)
 5 FCPATH\index.php(79): CodeIgniter\CodeIgniter->run()
CRITICAL - 2024-06-29 15:02:54 --> ErrorException: Undefined array key 0
in APPPATH\Controllers\Admin\Cotizaciones.php on line 55.
 1 APPPATH\Controllers\Admin\Cotizaciones.php(55): CodeIgniter\Debug\Exceptions->errorHandler(2, 'Undefined array key 0', 'C:\\laragon\\www\\sellopronto\\app\\Controllers\\Admin\\Cotizaciones.php', 55)
 2 SYSTEMPATH\CodeIgniter.php(941): App\Controllers\Admin\Cotizaciones->pagina('img', 'undraw_profile_2.svg')
 3 SYSTEMPATH\CodeIgniter.php(502): CodeIgniter\CodeIgniter->runController(Object(App\Controllers\Admin\Cotizaciones))
 4 SYSTEMPATH\CodeIgniter.php(361): CodeIgniter\CodeIgniter->handleRequest(null, Object(Config\Cache), false)
 5 FCPATH\index.php(79): CodeIgniter\CodeIgniter->run()
CRITICAL - 2024-06-29 15:02:55 --> ErrorException: Undefined array key 0
in APPPATH\Controllers\Admin\Cotizaciones.php on line 55.
 1 APPPATH\Controllers\Admin\Cotizaciones.php(55): CodeIgniter\Debug\Exceptions->errorHandler(2, 'Undefined array key 0', 'C:\\laragon\\www\\sellopronto\\app\\Controllers\\Admin\\Cotizaciones.php', 55)
 2 SYSTEMPATH\CodeIgniter.php(941): App\Controllers\Admin\Cotizaciones->pagina('img', 'undraw_profile.svg')
 3 SYSTEMPATH\CodeIgniter.php(502): CodeIgniter\CodeIgniter->runController(Object(App\Controllers\Admin\Cotizaciones))
 4 SYSTEMPATH\CodeIgniter.php(361): CodeIgniter\CodeIgniter->handleRequest(null, Object(Config\Cache), false)
 5 FCPATH\index.php(79): CodeIgniter\CodeIgniter->run()
CRITICAL - 2024-06-29 15:02:55 --> ErrorException: Undefined array key 0
in APPPATH\Controllers\Admin\Cotizaciones.php on line 55.
 1 APPPATH\Controllers\Admin\Cotizaciones.php(55): CodeIgniter\Debug\Exceptions->errorHandler(2, 'Undefined array key 0', 'C:\\laragon\\www\\sellopronto\\app\\Controllers\\Admin\\Cotizaciones.php', 55)
 2 SYSTEMPATH\CodeIgniter.php(941): App\Controllers\Admin\Cotizaciones->pagina('img', 'undraw_profile_3.svg')
 3 SYSTEMPATH\CodeIgniter.php(502): CodeIgniter\CodeIgniter->runController(Object(App\Controllers\Admin\Cotizaciones))
 4 SYSTEMPATH\CodeIgniter.php(361): CodeIgniter\CodeIgniter->handleRequest(null, Object(Config\Cache), false)
 5 FCPATH\index.php(79): CodeIgniter\CodeIgniter->run()
CRITICAL - 2024-06-29 15:07:38 --> ErrorException: Undefined array key 0
in APPPATH\Controllers\Admin\Cotizaciones.php on line 55.
 1 APPPATH\Controllers\Admin\Cotizaciones.php(55): CodeIgniter\Debug\Exceptions->errorHandler(2, 'Undefined array key 0', 'C:\\laragon\\www\\sellopronto\\app\\Controllers\\Admin\\Cotizaciones.php', 55)
 2 SYSTEMPATH\CodeIgniter.php(941): App\Controllers\Admin\Cotizaciones->pagina('img', 'undraw_profile_1.svg')
 3 SYSTEMPATH\CodeIgniter.php(502): CodeIgniter\CodeIgniter->runController(Object(App\Controllers\Admin\Cotizaciones))
 4 SYSTEMPATH\CodeIgniter.php(361): CodeIgniter\CodeIgniter->handleRequest(null, Object(Config\Cache), false)
 5 FCPATH\index.php(79): CodeIgniter\CodeIgniter->run()
CRITICAL - 2024-06-29 15:07:38 --> ErrorException: Undefined array key 0
in APPPATH\Controllers\Admin\Cotizaciones.php on line 55.
 1 APPPATH\Controllers\Admin\Cotizaciones.php(55): CodeIgniter\Debug\Exceptions->errorHandler(2, 'Undefined array key 0', 'C:\\laragon\\www\\sellopronto\\app\\Controllers\\Admin\\Cotizaciones.php', 55)
 2 SYSTEMPATH\CodeIgniter.php(941): App\Controllers\Admin\Cotizaciones->pagina('img', 'undraw_profile_2.svg')
 3 SYSTEMPATH\CodeIgniter.php(502): CodeIgniter\CodeIgniter->runController(Object(App\Controllers\Admin\Cotizaciones))
 4 SYSTEMPATH\CodeIgniter.php(361): CodeIgniter\CodeIgniter->handleRequest(null, Object(Config\Cache), false)
 5 FCPATH\index.php(79): CodeIgniter\CodeIgniter->run()
CRITICAL - 2024-06-29 15:07:38 --> ErrorException: Undefined array key 0
in APPPATH\Controllers\Admin\Cotizaciones.php on line 55.
 1 APPPATH\Controllers\Admin\Cotizaciones.php(55): CodeIgniter\Debug\Exceptions->errorHandler(2, 'Undefined array key 0', 'C:\\laragon\\www\\sellopronto\\app\\Controllers\\Admin\\Cotizaciones.php', 55)
 2 SYSTEMPATH\CodeIgniter.php(941): App\Controllers\Admin\Cotizaciones->pagina('img', 'undraw_profile.svg')
 3 SYSTEMPATH\CodeIgniter.php(502): CodeIgniter\CodeIgniter->runController(Object(App\Controllers\Admin\Cotizaciones))
 4 SYSTEMPATH\CodeIgniter.php(361): CodeIgniter\CodeIgniter->handleRequest(null, Object(Config\Cache), false)
 5 FCPATH\index.php(79): CodeIgniter\CodeIgniter->run()
CRITICAL - 2024-06-29 15:07:38 --> ErrorException: Undefined array key 0
in APPPATH\Controllers\Admin\Cotizaciones.php on line 55.
 1 APPPATH\Controllers\Admin\Cotizaciones.php(55): CodeIgniter\Debug\Exceptions->errorHandler(2, 'Undefined array key 0', 'C:\\laragon\\www\\sellopronto\\app\\Controllers\\Admin\\Cotizaciones.php', 55)
 2 SYSTEMPATH\CodeIgniter.php(941): App\Controllers\Admin\Cotizaciones->pagina('img', 'undraw_profile_3.svg')
 3 SYSTEMPATH\CodeIgniter.php(502): CodeIgniter\CodeIgniter->runController(Object(App\Controllers\Admin\Cotizaciones))
 4 SYSTEMPATH\CodeIgniter.php(361): CodeIgniter\CodeIgniter->handleRequest(null, Object(Config\Cache), false)
 5 FCPATH\index.php(79): CodeIgniter\CodeIgniter->run()
CRITICAL - 2024-06-29 15:08:03 --> ErrorException: Undefined array key 0
in APPPATH\Controllers\Admin\Cotizaciones.php on line 55.
 1 APPPATH\Controllers\Admin\Cotizaciones.php(55): CodeIgniter\Debug\Exceptions->errorHandler(2, 'Undefined array key 0', 'C:\\laragon\\www\\sellopronto\\app\\Controllers\\Admin\\Cotizaciones.php', 55)
 2 SYSTEMPATH\CodeIgniter.php(941): App\Controllers\Admin\Cotizaciones->pagina('img', 'undraw_profile_2.svg')
 3 SYSTEMPATH\CodeIgniter.php(502): CodeIgniter\CodeIgniter->runController(Object(App\Controllers\Admin\Cotizaciones))
 4 SYSTEMPATH\CodeIgniter.php(361): CodeIgniter\CodeIgniter->handleRequest(null, Object(Config\Cache), false)
 5 FCPATH\index.php(79): CodeIgniter\CodeIgniter->run()
CRITICAL - 2024-06-29 15:08:04 --> ErrorException: Undefined array key 0
in APPPATH\Controllers\Admin\Cotizaciones.php on line 55.
 1 APPPATH\Controllers\Admin\Cotizaciones.php(55): CodeIgniter\Debug\Exceptions->errorHandler(2, 'Undefined array key 0', 'C:\\laragon\\www\\sellopronto\\app\\Controllers\\Admin\\Cotizaciones.php', 55)
 2 SYSTEMPATH\CodeIgniter.php(941): App\Controllers\Admin\Cotizaciones->pagina('img', 'undraw_profile_1.svg')
 3 SYSTEMPATH\CodeIgniter.php(502): CodeIgniter\CodeIgniter->runController(Object(App\Controllers\Admin\Cotizaciones))
 4 SYSTEMPATH\CodeIgniter.php(361): CodeIgniter\CodeIgniter->handleRequest(null, Object(Config\Cache), false)
 5 FCPATH\index.php(79): CodeIgniter\CodeIgniter->run()
CRITICAL - 2024-06-29 15:08:04 --> ErrorException: Undefined array key 0
in APPPATH\Controllers\Admin\Cotizaciones.php on line 55.
 1 APPPATH\Controllers\Admin\Cotizaciones.php(55): CodeIgniter\Debug\Exceptions->errorHandler(2, 'Undefined array key 0', 'C:\\laragon\\www\\sellopronto\\app\\Controllers\\Admin\\Cotizaciones.php', 55)
 2 SYSTEMPATH\CodeIgniter.php(941): App\Controllers\Admin\Cotizaciones->pagina('img', 'undraw_profile.svg')
 3 SYSTEMPATH\CodeIgniter.php(502): CodeIgniter\CodeIgniter->runController(Object(App\Controllers\Admin\Cotizaciones))
 4 SYSTEMPATH\CodeIgniter.php(361): CodeIgniter\CodeIgniter->handleRequest(null, Object(Config\Cache), false)
 5 FCPATH\index.php(79): CodeIgniter\CodeIgniter->run()
CRITICAL - 2024-06-29 15:08:04 --> ErrorException: Undefined array key 0
in APPPATH\Controllers\Admin\Cotizaciones.php on line 55.
 1 APPPATH\Controllers\Admin\Cotizaciones.php(55): CodeIgniter\Debug\Exceptions->errorHandler(2, 'Undefined array key 0', 'C:\\laragon\\www\\sellopronto\\app\\Controllers\\Admin\\Cotizaciones.php', 55)
 2 SYSTEMPATH\CodeIgniter.php(941): App\Controllers\Admin\Cotizaciones->pagina('img', 'undraw_profile_3.svg')
 3 SYSTEMPATH\CodeIgniter.php(502): CodeIgniter\CodeIgniter->runController(Object(App\Controllers\Admin\Cotizaciones))
 4 SYSTEMPATH\CodeIgniter.php(361): CodeIgniter\CodeIgniter->handleRequest(null, Object(Config\Cache), false)
 5 FCPATH\index.php(79): CodeIgniter\CodeIgniter->run()
CRITICAL - 2024-06-29 15:08:13 --> ErrorException: Undefined array key 0
in APPPATH\Controllers\Admin\Cotizaciones.php on line 55.
 1 APPPATH\Controllers\Admin\Cotizaciones.php(55): CodeIgniter\Debug\Exceptions->errorHandler(2, 'Undefined array key 0', 'C:\\laragon\\www\\sellopronto\\app\\Controllers\\Admin\\Cotizaciones.php', 55)
 2 SYSTEMPATH\CodeIgniter.php(941): App\Controllers\Admin\Cotizaciones->pagina('img', 'undraw_profile_1.svg')
 3 SYSTEMPATH\CodeIgniter.php(502): CodeIgniter\CodeIgniter->runController(Object(App\Controllers\Admin\Cotizaciones))
 4 SYSTEMPATH\CodeIgniter.php(361): CodeIgniter\CodeIgniter->handleRequest(null, Object(Config\Cache), false)
 5 FCPATH\index.php(79): CodeIgniter\CodeIgniter->run()
CRITICAL - 2024-06-29 15:08:13 --> ErrorException: Undefined array key 0
in APPPATH\Controllers\Admin\Cotizaciones.php on line 55.
 1 APPPATH\Controllers\Admin\Cotizaciones.php(55): CodeIgniter\Debug\Exceptions->errorHandler(2, 'Undefined array key 0', 'C:\\laragon\\www\\sellopronto\\app\\Controllers\\Admin\\Cotizaciones.php', 55)
 2 SYSTEMPATH\CodeIgniter.php(941): App\Controllers\Admin\Cotizaciones->pagina('img', 'undraw_profile_2.svg')
 3 SYSTEMPATH\CodeIgniter.php(502): CodeIgniter\CodeIgniter->runController(Object(App\Controllers\Admin\Cotizaciones))
 4 SYSTEMPATH\CodeIgniter.php(361): CodeIgniter\CodeIgniter->handleRequest(null, Object(Config\Cache), false)
 5 FCPATH\index.php(79): CodeIgniter\CodeIgniter->run()
CRITICAL - 2024-06-29 15:08:13 --> ErrorException: Undefined array key 0
in APPPATH\Controllers\Admin\Cotizaciones.php on line 55.
 1 APPPATH\Controllers\Admin\Cotizaciones.php(55): CodeIgniter\Debug\Exceptions->errorHandler(2, 'Undefined array key 0', 'C:\\laragon\\www\\sellopronto\\app\\Controllers\\Admin\\Cotizaciones.php', 55)
 2 SYSTEMPATH\CodeIgniter.php(941): App\Controllers\Admin\Cotizaciones->pagina('img', 'undraw_profile.svg')
 3 SYSTEMPATH\CodeIgniter.php(502): CodeIgniter\CodeIgniter->runController(Object(App\Controllers\Admin\Cotizaciones))
 4 SYSTEMPATH\CodeIgniter.php(361): CodeIgniter\CodeIgniter->handleRequest(null, Object(Config\Cache), false)
 5 FCPATH\index.php(79): CodeIgniter\CodeIgniter->run()
CRITICAL - 2024-06-29 15:08:13 --> ErrorException: Undefined array key 0
in APPPATH\Controllers\Admin\Cotizaciones.php on line 55.
 1 APPPATH\Controllers\Admin\Cotizaciones.php(55): CodeIgniter\Debug\Exceptions->errorHandler(2, 'Undefined array key 0', 'C:\\laragon\\www\\sellopronto\\app\\Controllers\\Admin\\Cotizaciones.php', 55)
 2 SYSTEMPATH\CodeIgniter.php(941): App\Controllers\Admin\Cotizaciones->pagina('img', 'undraw_profile_3.svg')
 3 SYSTEMPATH\CodeIgniter.php(502): CodeIgniter\CodeIgniter->runController(Object(App\Controllers\Admin\Cotizaciones))
 4 SYSTEMPATH\CodeIgniter.php(361): CodeIgniter\CodeIgniter->handleRequest(null, Object(Config\Cache), false)
 5 FCPATH\index.php(79): CodeIgniter\CodeIgniter->run()
CRITICAL - 2024-06-29 15:08:26 --> ErrorException: Undefined array key 0
in APPPATH\Controllers\Admin\Cotizaciones.php on line 55.
 1 APPPATH\Controllers\Admin\Cotizaciones.php(55): CodeIgniter\Debug\Exceptions->errorHandler(2, 'Undefined array key 0', 'C:\\laragon\\www\\sellopronto\\app\\Controllers\\Admin\\Cotizaciones.php', 55)
 2 SYSTEMPATH\CodeIgniter.php(941): App\Controllers\Admin\Cotizaciones->pagina('img', 'undraw_profile_1.svg')
 3 SYSTEMPATH\CodeIgniter.php(502): CodeIgniter\CodeIgniter->runController(Object(App\Controllers\Admin\Cotizaciones))
 4 SYSTEMPATH\CodeIgniter.php(361): CodeIgniter\CodeIgniter->handleRequest(null, Object(Config\Cache), false)
 5 FCPATH\index.php(79): CodeIgniter\CodeIgniter->run()
CRITICAL - 2024-06-29 15:08:26 --> ErrorException: Undefined array key 0
in APPPATH\Controllers\Admin\Cotizaciones.php on line 55.
 1 APPPATH\Controllers\Admin\Cotizaciones.php(55): CodeIgniter\Debug\Exceptions->errorHandler(2, 'Undefined array key 0', 'C:\\laragon\\www\\sellopronto\\app\\Controllers\\Admin\\Cotizaciones.php', 55)
 2 SYSTEMPATH\CodeIgniter.php(941): App\Controllers\Admin\Cotizaciones->pagina('img', 'undraw_profile_2.svg')
 3 SYSTEMPATH\CodeIgniter.php(502): CodeIgniter\CodeIgniter->runController(Object(App\Controllers\Admin\Cotizaciones))
 4 SYSTEMPATH\CodeIgniter.php(361): CodeIgniter\CodeIgniter->handleRequest(null, Object(Config\Cache), false)
 5 FCPATH\index.php(79): CodeIgniter\CodeIgniter->run()
CRITICAL - 2024-06-29 15:08:26 --> ErrorException: Undefined array key 0
in APPPATH\Controllers\Admin\Cotizaciones.php on line 55.
 1 APPPATH\Controllers\Admin\Cotizaciones.php(55): CodeIgniter\Debug\Exceptions->errorHandler(2, 'Undefined array key 0', 'C:\\laragon\\www\\sellopronto\\app\\Controllers\\Admin\\Cotizaciones.php', 55)
 2 SYSTEMPATH\CodeIgniter.php(941): App\Controllers\Admin\Cotizaciones->pagina('img', 'undraw_profile.svg')
 3 SYSTEMPATH\CodeIgniter.php(502): CodeIgniter\CodeIgniter->runController(Object(App\Controllers\Admin\Cotizaciones))
 4 SYSTEMPATH\CodeIgniter.php(361): CodeIgniter\CodeIgniter->handleRequest(null, Object(Config\Cache), false)
 5 FCPATH\index.php(79): CodeIgniter\CodeIgniter->run()
CRITICAL - 2024-06-29 15:08:26 --> ErrorException: Undefined array key 0
in APPPATH\Controllers\Admin\Cotizaciones.php on line 55.
 1 APPPATH\Controllers\Admin\Cotizaciones.php(55): CodeIgniter\Debug\Exceptions->errorHandler(2, 'Undefined array key 0', 'C:\\laragon\\www\\sellopronto\\app\\Controllers\\Admin\\Cotizaciones.php', 55)
 2 SYSTEMPATH\CodeIgniter.php(941): App\Controllers\Admin\Cotizaciones->pagina('img', 'undraw_profile_3.svg')
 3 SYSTEMPATH\CodeIgniter.php(502): CodeIgniter\CodeIgniter->runController(Object(App\Controllers\Admin\Cotizaciones))
 4 SYSTEMPATH\CodeIgniter.php(361): CodeIgniter\CodeIgniter->handleRequest(null, Object(Config\Cache), false)
 5 FCPATH\index.php(79): CodeIgniter\CodeIgniter->run()
CRITICAL - 2024-06-29 15:08:36 --> ErrorException: Undefined array key 0
in APPPATH\Controllers\Admin\Cotizaciones.php on line 55.
 1 APPPATH\Controllers\Admin\Cotizaciones.php(55): CodeIgniter\Debug\Exceptions->errorHandler(2, 'Undefined array key 0', 'C:\\laragon\\www\\sellopronto\\app\\Controllers\\Admin\\Cotizaciones.php', 55)
 2 SYSTEMPATH\CodeIgniter.php(941): App\Controllers\Admin\Cotizaciones->pagina('img', 'undraw_profile_1.svg')
 3 SYSTEMPATH\CodeIgniter.php(502): CodeIgniter\CodeIgniter->runController(Object(App\Controllers\Admin\Cotizaciones))
 4 SYSTEMPATH\CodeIgniter.php(361): CodeIgniter\CodeIgniter->handleRequest(null, Object(Config\Cache), false)
 5 FCPATH\index.php(79): CodeIgniter\CodeIgniter->run()
CRITICAL - 2024-06-29 15:08:36 --> ErrorException: Undefined array key 0
in APPPATH\Controllers\Admin\Cotizaciones.php on line 55.
 1 APPPATH\Controllers\Admin\Cotizaciones.php(55): CodeIgniter\Debug\Exceptions->errorHandler(2, 'Undefined array key 0', 'C:\\laragon\\www\\sellopronto\\app\\Controllers\\Admin\\Cotizaciones.php', 55)
 2 SYSTEMPATH\CodeIgniter.php(941): App\Controllers\Admin\Cotizaciones->pagina('img', 'undraw_profile_2.svg')
 3 SYSTEMPATH\CodeIgniter.php(502): CodeIgniter\CodeIgniter->runController(Object(App\Controllers\Admin\Cotizaciones))
 4 SYSTEMPATH\CodeIgniter.php(361): CodeIgniter\CodeIgniter->handleRequest(null, Object(Config\Cache), false)
 5 FCPATH\index.php(79): CodeIgniter\CodeIgniter->run()
CRITICAL - 2024-06-29 15:08:37 --> ErrorException: Undefined array key 0
in APPPATH\Controllers\Admin\Cotizaciones.php on line 55.
 1 APPPATH\Controllers\Admin\Cotizaciones.php(55): CodeIgniter\Debug\Exceptions->errorHandler(2, 'Undefined array key 0', 'C:\\laragon\\www\\sellopronto\\app\\Controllers\\Admin\\Cotizaciones.php', 55)
 2 SYSTEMPATH\CodeIgniter.php(941): App\Controllers\Admin\Cotizaciones->pagina('img', 'undraw_profile_3.svg')
 3 SYSTEMPATH\CodeIgniter.php(502): CodeIgniter\CodeIgniter->runController(Object(App\Controllers\Admin\Cotizaciones))
 4 SYSTEMPATH\CodeIgniter.php(361): CodeIgniter\CodeIgniter->handleRequest(null, Object(Config\Cache), false)
 5 FCPATH\index.php(79): CodeIgniter\CodeIgniter->run()
CRITICAL - 2024-06-29 15:08:37 --> ErrorException: Undefined array key 0
in APPPATH\Controllers\Admin\Cotizaciones.php on line 55.
 1 APPPATH\Controllers\Admin\Cotizaciones.php(55): CodeIgniter\Debug\Exceptions->errorHandler(2, 'Undefined array key 0', 'C:\\laragon\\www\\sellopronto\\app\\Controllers\\Admin\\Cotizaciones.php', 55)
 2 SYSTEMPATH\CodeIgniter.php(941): App\Controllers\Admin\Cotizaciones->pagina('img', 'undraw_profile.svg')
 3 SYSTEMPATH\CodeIgniter.php(502): CodeIgniter\CodeIgniter->runController(Object(App\Controllers\Admin\Cotizaciones))
 4 SYSTEMPATH\CodeIgniter.php(361): CodeIgniter\CodeIgniter->handleRequest(null, Object(Config\Cache), false)
 5 FCPATH\index.php(79): CodeIgniter\CodeIgniter->run()
CRITICAL - 2024-06-29 15:08:45 --> ErrorException: Undefined array key 0
in APPPATH\Controllers\Admin\Cotizaciones.php on line 55.
 1 APPPATH\Controllers\Admin\Cotizaciones.php(55): CodeIgniter\Debug\Exceptions->errorHandler(2, 'Undefined array key 0', 'C:\\laragon\\www\\sellopronto\\app\\Controllers\\Admin\\Cotizaciones.php', 55)
 2 SYSTEMPATH\CodeIgniter.php(941): App\Controllers\Admin\Cotizaciones->pagina('img', 'undraw_profile_1.svg')
 3 SYSTEMPATH\CodeIgniter.php(502): CodeIgniter\CodeIgniter->runController(Object(App\Controllers\Admin\Cotizaciones))
 4 SYSTEMPATH\CodeIgniter.php(361): CodeIgniter\CodeIgniter->handleRequest(null, Object(Config\Cache), false)
 5 FCPATH\index.php(79): CodeIgniter\CodeIgniter->run()
CRITICAL - 2024-06-29 15:08:45 --> ErrorException: Undefined array key 0
in APPPATH\Controllers\Admin\Cotizaciones.php on line 55.
 1 APPPATH\Controllers\Admin\Cotizaciones.php(55): CodeIgniter\Debug\Exceptions->errorHandler(2, 'Undefined array key 0', 'C:\\laragon\\www\\sellopronto\\app\\Controllers\\Admin\\Cotizaciones.php', 55)
 2 SYSTEMPATH\CodeIgniter.php(941): App\Controllers\Admin\Cotizaciones->pagina('img', 'undraw_profile_2.svg')
 3 SYSTEMPATH\CodeIgniter.php(502): CodeIgniter\CodeIgniter->runController(Object(App\Controllers\Admin\Cotizaciones))
 4 SYSTEMPATH\CodeIgniter.php(361): CodeIgniter\CodeIgniter->handleRequest(null, Object(Config\Cache), false)
 5 FCPATH\index.php(79): CodeIgniter\CodeIgniter->run()
CRITICAL - 2024-06-29 15:08:46 --> ErrorException: Undefined array key 0
in APPPATH\Controllers\Admin\Cotizaciones.php on line 55.
 1 APPPATH\Controllers\Admin\Cotizaciones.php(55): CodeIgniter\Debug\Exceptions->errorHandler(2, 'Undefined array key 0', 'C:\\laragon\\www\\sellopronto\\app\\Controllers\\Admin\\Cotizaciones.php', 55)
 2 SYSTEMPATH\CodeIgniter.php(941): App\Controllers\Admin\Cotizaciones->pagina('img', 'undraw_profile_3.svg')
 3 SYSTEMPATH\CodeIgniter.php(502): CodeIgniter\CodeIgniter->runController(Object(App\Controllers\Admin\Cotizaciones))
 4 SYSTEMPATH\CodeIgniter.php(361): CodeIgniter\CodeIgniter->handleRequest(null, Object(Config\Cache), false)
 5 FCPATH\index.php(79): CodeIgniter\CodeIgniter->run()
CRITICAL - 2024-06-29 15:08:46 --> ErrorException: Undefined array key 0
in APPPATH\Controllers\Admin\Cotizaciones.php on line 55.
 1 APPPATH\Controllers\Admin\Cotizaciones.php(55): CodeIgniter\Debug\Exceptions->errorHandler(2, 'Undefined array key 0', 'C:\\laragon\\www\\sellopronto\\app\\Controllers\\Admin\\Cotizaciones.php', 55)
 2 SYSTEMPATH\CodeIgniter.php(941): App\Controllers\Admin\Cotizaciones->pagina('img', 'undraw_profile.svg')
 3 SYSTEMPATH\CodeIgniter.php(502): CodeIgniter\CodeIgniter->runController(Object(App\Controllers\Admin\Cotizaciones))
 4 SYSTEMPATH\CodeIgniter.php(361): CodeIgniter\CodeIgniter->handleRequest(null, Object(Config\Cache), false)
 5 FCPATH\index.php(79): CodeIgniter\CodeIgniter->run()
CRITICAL - 2024-06-29 15:09:50 --> ErrorException: Undefined array key 0
in APPPATH\Controllers\Admin\Cotizaciones.php on line 55.
 1 APPPATH\Controllers\Admin\Cotizaciones.php(55): CodeIgniter\Debug\Exceptions->errorHandler(2, 'Undefined array key 0', 'C:\\laragon\\www\\sellopronto\\app\\Controllers\\Admin\\Cotizaciones.php', 55)
 2 SYSTEMPATH\CodeIgniter.php(941): App\Controllers\Admin\Cotizaciones->pagina('img', 'undraw_profile_1.svg')
 3 SYSTEMPATH\CodeIgniter.php(502): CodeIgniter\CodeIgniter->runController(Object(App\Controllers\Admin\Cotizaciones))
 4 SYSTEMPATH\CodeIgniter.php(361): CodeIgniter\CodeIgniter->handleRequest(null, Object(Config\Cache), false)
 5 FCPATH\index.php(79): CodeIgniter\CodeIgniter->run()
CRITICAL - 2024-06-29 15:09:50 --> ErrorException: Undefined array key 0
in APPPATH\Controllers\Admin\Cotizaciones.php on line 55.
 1 APPPATH\Controllers\Admin\Cotizaciones.php(55): CodeIgniter\Debug\Exceptions->errorHandler(2, 'Undefined array key 0', 'C:\\laragon\\www\\sellopronto\\app\\Controllers\\Admin\\Cotizaciones.php', 55)
 2 SYSTEMPATH\CodeIgniter.php(941): App\Controllers\Admin\Cotizaciones->pagina('img', 'undraw_profile_2.svg')
 3 SYSTEMPATH\CodeIgniter.php(502): CodeIgniter\CodeIgniter->runController(Object(App\Controllers\Admin\Cotizaciones))
 4 SYSTEMPATH\CodeIgniter.php(361): CodeIgniter\CodeIgniter->handleRequest(null, Object(Config\Cache), false)
 5 FCPATH\index.php(79): CodeIgniter\CodeIgniter->run()
CRITICAL - 2024-06-29 15:09:50 --> ErrorException: Undefined array key 0
in APPPATH\Controllers\Admin\Cotizaciones.php on line 55.
 1 APPPATH\Controllers\Admin\Cotizaciones.php(55): CodeIgniter\Debug\Exceptions->errorHandler(2, 'Undefined array key 0', 'C:\\laragon\\www\\sellopronto\\app\\Controllers\\Admin\\Cotizaciones.php', 55)
 2 SYSTEMPATH\CodeIgniter.php(941): App\Controllers\Admin\Cotizaciones->pagina('img', 'undraw_profile_3.svg')
 3 SYSTEMPATH\CodeIgniter.php(502): CodeIgniter\CodeIgniter->runController(Object(App\Controllers\Admin\Cotizaciones))
 4 SYSTEMPATH\CodeIgniter.php(361): CodeIgniter\CodeIgniter->handleRequest(null, Object(Config\Cache), false)
 5 FCPATH\index.php(79): CodeIgniter\CodeIgniter->run()
CRITICAL - 2024-06-29 15:09:51 --> ErrorException: Undefined array key 0
in APPPATH\Controllers\Admin\Cotizaciones.php on line 55.
 1 APPPATH\Controllers\Admin\Cotizaciones.php(55): CodeIgniter\Debug\Exceptions->errorHandler(2, 'Undefined array key 0', 'C:\\laragon\\www\\sellopronto\\app\\Controllers\\Admin\\Cotizaciones.php', 55)
 2 SYSTEMPATH\CodeIgniter.php(941): App\Controllers\Admin\Cotizaciones->pagina('img', 'undraw_profile.svg')
 3 SYSTEMPATH\CodeIgniter.php(502): CodeIgniter\CodeIgniter->runController(Object(App\Controllers\Admin\Cotizaciones))
 4 SYSTEMPATH\CodeIgniter.php(361): CodeIgniter\CodeIgniter->handleRequest(null, Object(Config\Cache), false)
 5 FCPATH\index.php(79): CodeIgniter\CodeIgniter->run()
CRITICAL - 2024-06-29 15:10:03 --> ErrorException: Undefined array key 0
in APPPATH\Controllers\Admin\Cotizaciones.php on line 55.
 1 APPPATH\Controllers\Admin\Cotizaciones.php(55): CodeIgniter\Debug\Exceptions->errorHandler(2, 'Undefined array key 0', 'C:\\laragon\\www\\sellopronto\\app\\Controllers\\Admin\\Cotizaciones.php', 55)
 2 SYSTEMPATH\CodeIgniter.php(941): App\Controllers\Admin\Cotizaciones->pagina('img', 'undraw_profile_1.svg')
 3 SYSTEMPATH\CodeIgniter.php(502): CodeIgniter\CodeIgniter->runController(Object(App\Controllers\Admin\Cotizaciones))
 4 SYSTEMPATH\CodeIgniter.php(361): CodeIgniter\CodeIgniter->handleRequest(null, Object(Config\Cache), false)
 5 FCPATH\index.php(79): CodeIgniter\CodeIgniter->run()
CRITICAL - 2024-06-29 15:10:03 --> ErrorException: Undefined array key 0
in APPPATH\Controllers\Admin\Cotizaciones.php on line 55.
 1 APPPATH\Controllers\Admin\Cotizaciones.php(55): CodeIgniter\Debug\Exceptions->errorHandler(2, 'Undefined array key 0', 'C:\\laragon\\www\\sellopronto\\app\\Controllers\\Admin\\Cotizaciones.php', 55)
 2 SYSTEMPATH\CodeIgniter.php(941): App\Controllers\Admin\Cotizaciones->pagina('img', 'undraw_profile_2.svg')
 3 SYSTEMPATH\CodeIgniter.php(502): CodeIgniter\CodeIgniter->runController(Object(App\Controllers\Admin\Cotizaciones))
 4 SYSTEMPATH\CodeIgniter.php(361): CodeIgniter\CodeIgniter->handleRequest(null, Object(Config\Cache), false)
 5 FCPATH\index.php(79): CodeIgniter\CodeIgniter->run()
CRITICAL - 2024-06-29 15:10:03 --> ErrorException: Undefined array key 0
in APPPATH\Controllers\Admin\Cotizaciones.php on line 55.
 1 APPPATH\Controllers\Admin\Cotizaciones.php(55): CodeIgniter\Debug\Exceptions->errorHandler(2, 'Undefined array key 0', 'C:\\laragon\\www\\sellopronto\\app\\Controllers\\Admin\\Cotizaciones.php', 55)
 2 SYSTEMPATH\CodeIgniter.php(941): App\Controllers\Admin\Cotizaciones->pagina('img', 'undraw_profile.svg')
 3 SYSTEMPATH\CodeIgniter.php(502): CodeIgniter\CodeIgniter->runController(Object(App\Controllers\Admin\Cotizaciones))
 4 SYSTEMPATH\CodeIgniter.php(361): CodeIgniter\CodeIgniter->handleRequest(null, Object(Config\Cache), false)
 5 FCPATH\index.php(79): CodeIgniter\CodeIgniter->run()
CRITICAL - 2024-06-29 15:10:03 --> ErrorException: Undefined array key 0
in APPPATH\Controllers\Admin\Cotizaciones.php on line 55.
 1 APPPATH\Controllers\Admin\Cotizaciones.php(55): CodeIgniter\Debug\Exceptions->errorHandler(2, 'Undefined array key 0', 'C:\\laragon\\www\\sellopronto\\app\\Controllers\\Admin\\Cotizaciones.php', 55)
 2 SYSTEMPATH\CodeIgniter.php(941): App\Controllers\Admin\Cotizaciones->pagina('img', 'undraw_profile_3.svg')
 3 SYSTEMPATH\CodeIgniter.php(502): CodeIgniter\CodeIgniter->runController(Object(App\Controllers\Admin\Cotizaciones))
 4 SYSTEMPATH\CodeIgniter.php(361): CodeIgniter\CodeIgniter->handleRequest(null, Object(Config\Cache), false)
 5 FCPATH\index.php(79): CodeIgniter\CodeIgniter->run()
CRITICAL - 2024-06-29 15:10:16 --> ErrorException: Undefined array key 0
in APPPATH\Controllers\Admin\Cotizaciones.php on line 55.
 1 APPPATH\Controllers\Admin\Cotizaciones.php(55): CodeIgniter\Debug\Exceptions->errorHandler(2, 'Undefined array key 0', 'C:\\laragon\\www\\sellopronto\\app\\Controllers\\Admin\\Cotizaciones.php', 55)
 2 SYSTEMPATH\CodeIgniter.php(941): App\Controllers\Admin\Cotizaciones->pagina('img', 'undraw_profile_2.svg')
 3 SYSTEMPATH\CodeIgniter.php(502): CodeIgniter\CodeIgniter->runController(Object(App\Controllers\Admin\Cotizaciones))
 4 SYSTEMPATH\CodeIgniter.php(361): CodeIgniter\CodeIgniter->handleRequest(null, Object(Config\Cache), false)
 5 FCPATH\index.php(79): CodeIgniter\CodeIgniter->run()
CRITICAL - 2024-06-29 15:10:16 --> ErrorException: Undefined array key 0
in APPPATH\Controllers\Admin\Cotizaciones.php on line 55.
 1 APPPATH\Controllers\Admin\Cotizaciones.php(55): CodeIgniter\Debug\Exceptions->errorHandler(2, 'Undefined array key 0', 'C:\\laragon\\www\\sellopronto\\app\\Controllers\\Admin\\Cotizaciones.php', 55)
 2 SYSTEMPATH\CodeIgniter.php(941): App\Controllers\Admin\Cotizaciones->pagina('img', 'undraw_profile_1.svg')
 3 SYSTEMPATH\CodeIgniter.php(502): CodeIgniter\CodeIgniter->runController(Object(App\Controllers\Admin\Cotizaciones))
 4 SYSTEMPATH\CodeIgniter.php(361): CodeIgniter\CodeIgniter->handleRequest(null, Object(Config\Cache), false)
 5 FCPATH\index.php(79): CodeIgniter\CodeIgniter->run()
CRITICAL - 2024-06-29 15:10:16 --> ErrorException: Undefined array key 0
in APPPATH\Controllers\Admin\Cotizaciones.php on line 55.
 1 APPPATH\Controllers\Admin\Cotizaciones.php(55): CodeIgniter\Debug\Exceptions->errorHandler(2, 'Undefined array key 0', 'C:\\laragon\\www\\sellopronto\\app\\Controllers\\Admin\\Cotizaciones.php', 55)
 2 SYSTEMPATH\CodeIgniter.php(941): App\Controllers\Admin\Cotizaciones->pagina('img', 'undraw_profile.svg')
 3 SYSTEMPATH\CodeIgniter.php(502): CodeIgniter\CodeIgniter->runController(Object(App\Controllers\Admin\Cotizaciones))
 4 SYSTEMPATH\CodeIgniter.php(361): CodeIgniter\CodeIgniter->handleRequest(null, Object(Config\Cache), false)
 5 FCPATH\index.php(79): CodeIgniter\CodeIgniter->run()
CRITICAL - 2024-06-29 15:10:16 --> ErrorException: Undefined array key 0
in APPPATH\Controllers\Admin\Cotizaciones.php on line 55.
 1 APPPATH\Controllers\Admin\Cotizaciones.php(55): CodeIgniter\Debug\Exceptions->errorHandler(2, 'Undefined array key 0', 'C:\\laragon\\www\\sellopronto\\app\\Controllers\\Admin\\Cotizaciones.php', 55)
 2 SYSTEMPATH\CodeIgniter.php(941): App\Controllers\Admin\Cotizaciones->pagina('img', 'undraw_profile_3.svg')
 3 SYSTEMPATH\CodeIgniter.php(502): CodeIgniter\CodeIgniter->runController(Object(App\Controllers\Admin\Cotizaciones))
 4 SYSTEMPATH\CodeIgniter.php(361): CodeIgniter\CodeIgniter->handleRequest(null, Object(Config\Cache), false)
 5 FCPATH\index.php(79): CodeIgniter\CodeIgniter->run()
CRITICAL - 2024-06-29 15:10:55 --> ErrorException: Undefined array key 0
in APPPATH\Controllers\Admin\Cotizaciones.php on line 55.
 1 APPPATH\Controllers\Admin\Cotizaciones.php(55): CodeIgniter\Debug\Exceptions->errorHandler(2, 'Undefined array key 0', 'C:\\laragon\\www\\sellopronto\\app\\Controllers\\Admin\\Cotizaciones.php', 55)
 2 SYSTEMPATH\CodeIgniter.php(941): App\Controllers\Admin\Cotizaciones->pagina('img', 'undraw_profile_1.svg')
 3 SYSTEMPATH\CodeIgniter.php(502): CodeIgniter\CodeIgniter->runController(Object(App\Controllers\Admin\Cotizaciones))
 4 SYSTEMPATH\CodeIgniter.php(361): CodeIgniter\CodeIgniter->handleRequest(null, Object(Config\Cache), false)
 5 FCPATH\index.php(79): CodeIgniter\CodeIgniter->run()
CRITICAL - 2024-06-29 15:10:55 --> ErrorException: Undefined array key 0
in APPPATH\Controllers\Admin\Cotizaciones.php on line 55.
 1 APPPATH\Controllers\Admin\Cotizaciones.php(55): CodeIgniter\Debug\Exceptions->errorHandler(2, 'Undefined array key 0', 'C:\\laragon\\www\\sellopronto\\app\\Controllers\\Admin\\Cotizaciones.php', 55)
 2 SYSTEMPATH\CodeIgniter.php(941): App\Controllers\Admin\Cotizaciones->pagina('img', 'undraw_profile_2.svg')
 3 SYSTEMPATH\CodeIgniter.php(502): CodeIgniter\CodeIgniter->runController(Object(App\Controllers\Admin\Cotizaciones))
 4 SYSTEMPATH\CodeIgniter.php(361): CodeIgniter\CodeIgniter->handleRequest(null, Object(Config\Cache), false)
 5 FCPATH\index.php(79): CodeIgniter\CodeIgniter->run()
CRITICAL - 2024-06-29 15:10:55 --> ErrorException: Undefined array key 0
in APPPATH\Controllers\Admin\Cotizaciones.php on line 55.
 1 APPPATH\Controllers\Admin\Cotizaciones.php(55): CodeIgniter\Debug\Exceptions->errorHandler(2, 'Undefined array key 0', 'C:\\laragon\\www\\sellopronto\\app\\Controllers\\Admin\\Cotizaciones.php', 55)
 2 SYSTEMPATH\CodeIgniter.php(941): App\Controllers\Admin\Cotizaciones->pagina('img', 'undraw_profile_3.svg')
 3 SYSTEMPATH\CodeIgniter.php(502): CodeIgniter\CodeIgniter->runController(Object(App\Controllers\Admin\Cotizaciones))
 4 SYSTEMPATH\CodeIgniter.php(361): CodeIgniter\CodeIgniter->handleRequest(null, Object(Config\Cache), false)
 5 FCPATH\index.php(79): CodeIgniter\CodeIgniter->run()
CRITICAL - 2024-06-29 15:10:55 --> ErrorException: Undefined array key 0
in APPPATH\Controllers\Admin\Cotizaciones.php on line 55.
 1 APPPATH\Controllers\Admin\Cotizaciones.php(55): CodeIgniter\Debug\Exceptions->errorHandler(2, 'Undefined array key 0', 'C:\\laragon\\www\\sellopronto\\app\\Controllers\\Admin\\Cotizaciones.php', 55)
 2 SYSTEMPATH\CodeIgniter.php(941): App\Controllers\Admin\Cotizaciones->pagina('img', 'undraw_profile.svg')
 3 SYSTEMPATH\CodeIgniter.php(502): CodeIgniter\CodeIgniter->runController(Object(App\Controllers\Admin\Cotizaciones))
 4 SYSTEMPATH\CodeIgniter.php(361): CodeIgniter\CodeIgniter->handleRequest(null, Object(Config\Cache), false)
 5 FCPATH\index.php(79): CodeIgniter\CodeIgniter->run()
CRITICAL - 2024-06-29 15:11:08 --> ErrorException: Undefined array key 0
in APPPATH\Controllers\Admin\Cotizaciones.php on line 55.
 1 APPPATH\Controllers\Admin\Cotizaciones.php(55): CodeIgniter\Debug\Exceptions->errorHandler(2, 'Undefined array key 0', 'C:\\laragon\\www\\sellopronto\\app\\Controllers\\Admin\\Cotizaciones.php', 55)
 2 SYSTEMPATH\CodeIgniter.php(941): App\Controllers\Admin\Cotizaciones->pagina('img', 'undraw_profile_2.svg')
 3 SYSTEMPATH\CodeIgniter.php(502): CodeIgniter\CodeIgniter->runController(Object(App\Controllers\Admin\Cotizaciones))
 4 SYSTEMPATH\CodeIgniter.php(361): CodeIgniter\CodeIgniter->handleRequest(null, Object(Config\Cache), false)
 5 FCPATH\index.php(79): CodeIgniter\CodeIgniter->run()
CRITICAL - 2024-06-29 15:11:08 --> ErrorException: Undefined array key 0
in APPPATH\Controllers\Admin\Cotizaciones.php on line 55.
 1 APPPATH\Controllers\Admin\Cotizaciones.php(55): CodeIgniter\Debug\Exceptions->errorHandler(2, 'Undefined array key 0', 'C:\\laragon\\www\\sellopronto\\app\\Controllers\\Admin\\Cotizaciones.php', 55)
 2 SYSTEMPATH\CodeIgniter.php(941): App\Controllers\Admin\Cotizaciones->pagina('img', 'undraw_profile_1.svg')
 3 SYSTEMPATH\CodeIgniter.php(502): CodeIgniter\CodeIgniter->runController(Object(App\Controllers\Admin\Cotizaciones))
 4 SYSTEMPATH\CodeIgniter.php(361): CodeIgniter\CodeIgniter->handleRequest(null, Object(Config\Cache), false)
 5 FCPATH\index.php(79): CodeIgniter\CodeIgniter->run()
CRITICAL - 2024-06-29 15:11:08 --> ErrorException: Undefined array key 0
in APPPATH\Controllers\Admin\Cotizaciones.php on line 55.
 1 APPPATH\Controllers\Admin\Cotizaciones.php(55): CodeIgniter\Debug\Exceptions->errorHandler(2, 'Undefined array key 0', 'C:\\laragon\\www\\sellopronto\\app\\Controllers\\Admin\\Cotizaciones.php', 55)
 2 SYSTEMPATH\CodeIgniter.php(941): App\Controllers\Admin\Cotizaciones->pagina('img', 'undraw_profile_3.svg')
 3 SYSTEMPATH\CodeIgniter.php(502): CodeIgniter\CodeIgniter->runController(Object(App\Controllers\Admin\Cotizaciones))
 4 SYSTEMPATH\CodeIgniter.php(361): CodeIgniter\CodeIgniter->handleRequest(null, Object(Config\Cache), false)
 5 FCPATH\index.php(79): CodeIgniter\CodeIgniter->run()
CRITICAL - 2024-06-29 15:11:08 --> ErrorException: Undefined array key 0
in APPPATH\Controllers\Admin\Cotizaciones.php on line 55.
 1 APPPATH\Controllers\Admin\Cotizaciones.php(55): CodeIgniter\Debug\Exceptions->errorHandler(2, 'Undefined array key 0', 'C:\\laragon\\www\\sellopronto\\app\\Controllers\\Admin\\Cotizaciones.php', 55)
 2 SYSTEMPATH\CodeIgniter.php(941): App\Controllers\Admin\Cotizaciones->pagina('img', 'undraw_profile.svg')
 3 SYSTEMPATH\CodeIgniter.php(502): CodeIgniter\CodeIgniter->runController(Object(App\Controllers\Admin\Cotizaciones))
 4 SYSTEMPATH\CodeIgniter.php(361): CodeIgniter\CodeIgniter->handleRequest(null, Object(Config\Cache), false)
 5 FCPATH\index.php(79): CodeIgniter\CodeIgniter->run()
