WARNING - 2024-06-11 15:15:18 --> [DEPRECATED] number_format(): Passing null to parameter #1 ($num) of type float is deprecated in APPPATH\Controllers\Admin\Cotizaciones.php on line 181.
 1 APPPATH\Controllers\Admin\Cotizaciones.php(181): number_format(null, 2)
 2 SYSTEMPATH\CodeIgniter.php(941): App\Controllers\Admin\Cotizaciones->mostrar_detalles('31')
 3 SYSTEMPATH\CodeIgniter.php(502): CodeIgniter\CodeIgniter->runController(Object(App\Controllers\Admin\Cotizaciones))
 4 SYSTEMPATH\CodeIgniter.php(361): CodeIgniter\CodeIgniter->handleRequest(null, Object(Config\Cache), false)
 5 FCPATH\index.php(79): CodeIgniter\CodeIgniter->run()
WARNING - 2024-06-11 15:15:40 --> [DEPRECATED] number_format(): Passing null to parameter #1 ($num) of type float is deprecated in APPPATH\Controllers\Admin\Cotizaciones.php on line 181.
 1 APPPATH\Controllers\Admin\Cotizaciones.php(181): number_format(null, 2)
 2 SYSTEMPATH\CodeIgniter.php(941): App\Controllers\Admin\Cotizaciones->mostrar_detalles('31')
 3 SYSTEMPATH\CodeIgniter.php(502): CodeIgniter\CodeIgniter->runController(Object(App\Controllers\Admin\Cotizaciones))
 4 SYSTEMPATH\CodeIgniter.php(361): CodeIgniter\CodeIgniter->handleRequest(null, Object(Config\Cache), false)
 5 FCPATH\index.php(79): CodeIgniter\CodeIgniter->run()
WARNING - 2024-06-11 15:15:54 --> [DEPRECATED] number_format(): Passing null to parameter #1 ($num) of type float is deprecated in APPPATH\Controllers\Admin\Cotizaciones.php on line 181.
 1 APPPATH\Controllers\Admin\Cotizaciones.php(181): number_format(null, 2)
 2 SYSTEMPATH\CodeIgniter.php(941): App\Controllers\Admin\Cotizaciones->mostrar_detalles('31')
 3 SYSTEMPATH\CodeIgniter.php(502): CodeIgniter\CodeIgniter->runController(Object(App\Controllers\Admin\Cotizaciones))
 4 SYSTEMPATH\CodeIgniter.php(361): CodeIgniter\CodeIgniter->handleRequest(null, Object(Config\Cache), false)
 5 FCPATH\index.php(79): CodeIgniter\CodeIgniter->run()
WARNING - 2024-06-11 15:16:14 --> [DEPRECATED] number_format(): Passing null to parameter #1 ($num) of type float is deprecated in APPPATH\Controllers\Admin\Cotizaciones.php on line 181.
 1 APPPATH\Controllers\Admin\Cotizaciones.php(181): number_format(null, 2)
 2 SYSTEMPATH\CodeIgniter.php(941): App\Controllers\Admin\Cotizaciones->mostrar_detalles('31')
 3 SYSTEMPATH\CodeIgniter.php(502): CodeIgniter\CodeIgniter->runController(Object(App\Controllers\Admin\Cotizaciones))
 4 SYSTEMPATH\CodeIgniter.php(361): CodeIgniter\CodeIgniter->handleRequest(null, Object(Config\Cache), false)
 5 FCPATH\index.php(79): CodeIgniter\CodeIgniter->run()
WARNING - 2024-06-11 15:16:21 --> [DEPRECATED] number_format(): Passing null to parameter #1 ($num) of type float is deprecated in APPPATH\Controllers\Admin\Cotizaciones.php on line 181.
 1 APPPATH\Controllers\Admin\Cotizaciones.php(181): number_format(null, 2)
 2 SYSTEMPATH\CodeIgniter.php(941): App\Controllers\Admin\Cotizaciones->mostrar_detalles('31')
 3 SYSTEMPATH\CodeIgniter.php(502): CodeIgniter\CodeIgniter->runController(Object(App\Controllers\Admin\Cotizaciones))
 4 SYSTEMPATH\CodeIgniter.php(361): CodeIgniter\CodeIgniter->handleRequest(null, Object(Config\Cache), false)
 5 FCPATH\index.php(79): CodeIgniter\CodeIgniter->run()
WARNING - 2024-06-11 15:17:51 --> [DEPRECATED] number_format(): Passing null to parameter #1 ($num) of type float is deprecated in APPPATH\Controllers\Admin\Cotizaciones.php on line 181.
 1 APPPATH\Controllers\Admin\Cotizaciones.php(181): number_format(null, 2)
 2 SYSTEMPATH\CodeIgniter.php(941): App\Controllers\Admin\Cotizaciones->mostrar_detalles('31')
 3 SYSTEMPATH\CodeIgniter.php(502): CodeIgniter\CodeIgniter->runController(Object(App\Controllers\Admin\Cotizaciones))
 4 SYSTEMPATH\CodeIgniter.php(361): CodeIgniter\CodeIgniter->handleRequest(null, Object(Config\Cache), false)
 5 FCPATH\index.php(79): CodeIgniter\CodeIgniter->run()
