CRITICAL - 2024-05-28 08:57:59 --> ErrorException: file_get_contents(logo2.png): Failed to open stream: No such file or directory
in APPPATH\Views\Panel\PDF.php on line 58.
 1 [internal function]: CodeIgniter\Debug\Exceptions->errorHandler(2, 'file_get_contents(logo2.png): Failed to open stream: No such file or directory', 'C:\\laragon\\www\\sellopronto\\app\\Views\\Panel\\PDF.php', 58)
 2 APPPATH\Views\Panel\PDF.php(58): file_get_contents('logo2.png')
 3 SYSTEMPATH\View\View.php(228): include('C:\\laragon\\www\\sellopronto\\app\\Views\\Panel\\PDF.php')
 4 SYSTEMPATH\View\View.php(231): CodeIgniter\View\View->CodeIgniter\View\{closure}()
 5 SYSTEMPATH\Common.php(1178): CodeIgniter\View\View->render('Panel/PDF', [], true)
 6 APPPATH\Controllers\Admin\Cotizaciones.php(201): view('Panel/PDF')
 7 SYSTEMPATH\CodeIgniter.php(941): App\Controllers\Admin\Cotizaciones->cotizacion_pdf()
 8 SYSTEMPATH\CodeIgniter.php(502): CodeIgniter\CodeIgniter->runController(Object(App\Controllers\Admin\Cotizaciones))
 9 SYSTEMPATH\CodeIgniter.php(361): CodeIgniter\CodeIgniter->handleRequest(null, Object(Config\Cache), false)
10 FCPATH\index.php(79): CodeIgniter\CodeIgniter->run()
CRITICAL - 2024-05-28 08:58:09 --> ErrorException: file_get_contents(/logo2.png): Failed to open stream: No such file or directory
in APPPATH\Views\Panel\PDF.php on line 58.
 1 [internal function]: CodeIgniter\Debug\Exceptions->errorHandler(2, 'file_get_contents(/logo2.png): Failed to open stream: No such file or directory', 'C:\\laragon\\www\\sellopronto\\app\\Views\\Panel\\PDF.php', 58)
 2 APPPATH\Views\Panel\PDF.php(58): file_get_contents('/logo2.png')
 3 SYSTEMPATH\View\View.php(228): include('C:\\laragon\\www\\sellopronto\\app\\Views\\Panel\\PDF.php')
 4 SYSTEMPATH\View\View.php(231): CodeIgniter\View\View->CodeIgniter\View\{closure}()
 5 SYSTEMPATH\Common.php(1178): CodeIgniter\View\View->render('Panel/PDF', [], true)
 6 APPPATH\Controllers\Admin\Cotizaciones.php(201): view('Panel/PDF')
 7 SYSTEMPATH\CodeIgniter.php(941): App\Controllers\Admin\Cotizaciones->cotizacion_pdf()
 8 SYSTEMPATH\CodeIgniter.php(502): CodeIgniter\CodeIgniter->runController(Object(App\Controllers\Admin\Cotizaciones))
 9 SYSTEMPATH\CodeIgniter.php(361): CodeIgniter\CodeIgniter->handleRequest(null, Object(Config\Cache), false)
10 FCPATH\index.php(79): CodeIgniter\CodeIgniter->run()
CRITICAL - 2024-05-28 09:16:50 --> ErrorException: Undefined variable $base
in APPPATH\Views\Panel\PDF.php on line 62.
 1 APPPATH\Views\Panel\PDF.php(62): CodeIgniter\Debug\Exceptions->errorHandler(2, 'Undefined variable $base', 'C:\\laragon\\www\\sellopronto\\app\\Views\\Panel\\PDF.php', 62)
 2 SYSTEMPATH\View\View.php(228): include('C:\\laragon\\www\\sellopronto\\app\\Views\\Panel\\PDF.php')
 3 SYSTEMPATH\View\View.php(231): CodeIgniter\View\View->CodeIgniter\View\{closure}()
 4 SYSTEMPATH\Common.php(1178): CodeIgniter\View\View->render('Panel/PDF', [], true)
 5 APPPATH\Controllers\Admin\Cotizaciones.php(201): view('Panel/PDF')
 6 SYSTEMPATH\CodeIgniter.php(941): App\Controllers\Admin\Cotizaciones->cotizacion_pdf()
 7 SYSTEMPATH\CodeIgniter.php(502): CodeIgniter\CodeIgniter->runController(Object(App\Controllers\Admin\Cotizaciones))
 8 SYSTEMPATH\CodeIgniter.php(361): CodeIgniter\CodeIgniter->handleRequest(null, Object(Config\Cache), false)
 9 FCPATH\index.php(79): CodeIgniter\CodeIgniter->run()
CRITICAL - 2024-05-28 09:17:23 --> ErrorException: Undefined variable $path
in APPPATH\Views\Panel\PDF.php on line 57.
 1 APPPATH\Views\Panel\PDF.php(57): CodeIgniter\Debug\Exceptions->errorHandler(2, 'Undefined variable $path', 'C:\\laragon\\www\\sellopronto\\app\\Views\\Panel\\PDF.php', 57)
 2 SYSTEMPATH\View\View.php(228): include('C:\\laragon\\www\\sellopronto\\app\\Views\\Panel\\PDF.php')
 3 SYSTEMPATH\View\View.php(231): CodeIgniter\View\View->CodeIgniter\View\{closure}()
 4 SYSTEMPATH\Common.php(1178): CodeIgniter\View\View->render('Panel/PDF', [], true)
 5 APPPATH\Controllers\Admin\Cotizaciones.php(201): view('Panel/PDF')
 6 SYSTEMPATH\CodeIgniter.php(941): App\Controllers\Admin\Cotizaciones->cotizacion_pdf()
 7 SYSTEMPATH\CodeIgniter.php(502): CodeIgniter\CodeIgniter->runController(Object(App\Controllers\Admin\Cotizaciones))
 8 SYSTEMPATH\CodeIgniter.php(361): CodeIgniter\CodeIgniter->handleRequest(null, Object(Config\Cache), false)
 9 FCPATH\index.php(79): CodeIgniter\CodeIgniter->run()
CRITICAL - 2024-05-28 09:17:34 --> ErrorException: Undefined variable $base64
in APPPATH\Views\Panel\PDF.php on line 64.
 1 APPPATH\Views\Panel\PDF.php(64): CodeIgniter\Debug\Exceptions->errorHandler(2, 'Undefined variable $base64', 'C:\\laragon\\www\\sellopronto\\app\\Views\\Panel\\PDF.php', 64)
 2 SYSTEMPATH\View\View.php(228): include('C:\\laragon\\www\\sellopronto\\app\\Views\\Panel\\PDF.php')
 3 SYSTEMPATH\View\View.php(231): CodeIgniter\View\View->CodeIgniter\View\{closure}()
 4 SYSTEMPATH\Common.php(1178): CodeIgniter\View\View->render('Panel/PDF', [], true)
 5 APPPATH\Controllers\Admin\Cotizaciones.php(201): view('Panel/PDF')
 6 SYSTEMPATH\CodeIgniter.php(941): App\Controllers\Admin\Cotizaciones->cotizacion_pdf()
 7 SYSTEMPATH\CodeIgniter.php(502): CodeIgniter\CodeIgniter->runController(Object(App\Controllers\Admin\Cotizaciones))
 8 SYSTEMPATH\CodeIgniter.php(361): CodeIgniter\CodeIgniter->handleRequest(null, Object(Config\Cache), false)
 9 FCPATH\index.php(79): CodeIgniter\CodeIgniter->run()
CRITICAL - 2024-05-28 11:31:54 --> ParseError: syntax error, unexpected token "return"
in APPPATH\Controllers\Admin\Cotizaciones.php on line 205.
 1 SYSTEMPATH\Autoloader\Autoloader.php(290): CodeIgniter\Autoloader\Autoloader->includeFile('C:\\laragon\\www\\sellopronto\\app\\Controllers\\admin\\Cotizaciones.php')
 2 SYSTEMPATH\Autoloader\Autoloader.php(266): CodeIgniter\Autoloader\Autoloader->loadInNamespace('App\\Controllers\\admin\\Cotizaciones')
 3 [internal function]: CodeIgniter\Autoloader\Autoloader->loadClass('App\\Controllers\\admin\\Cotizaciones')
 4 SYSTEMPATH\CodeIgniter.php(899): class_exists('\\App\\Controllers\\admin\\Cotizaciones', true)
 5 SYSTEMPATH\CodeIgniter.php(489): CodeIgniter\CodeIgniter->startController()
 6 SYSTEMPATH\CodeIgniter.php(361): CodeIgniter\CodeIgniter->handleRequest(null, Object(Config\Cache), false)
 7 FCPATH\index.php(79): CodeIgniter\CodeIgniter->run()
CRITICAL - 2024-05-28 11:32:01 --> Error: Call to a member function getResultArray() on array
in APPPATH\Controllers\Admin\Cotizaciones.php on line 203.
 1 SYSTEMPATH\CodeIgniter.php(941): App\Controllers\Admin\Cotizaciones->cotizacion_pdf('11')
 2 SYSTEMPATH\CodeIgniter.php(502): CodeIgniter\CodeIgniter->runController(Object(App\Controllers\Admin\Cotizaciones))
 3 SYSTEMPATH\CodeIgniter.php(361): CodeIgniter\CodeIgniter->handleRequest(null, Object(Config\Cache), false)
 4 FCPATH\index.php(79): CodeIgniter\CodeIgniter->run()
CRITICAL - 2024-05-28 11:32:26 --> ErrorException: Undefined array key "cliente"
in APPPATH\Controllers\Admin\Cotizaciones.php on line 205.
 1 APPPATH\Controllers\Admin\Cotizaciones.php(205): CodeIgniter\Debug\Exceptions->errorHandler(2, 'Undefined array key "cliente"', 'C:\\laragon\\www\\sellopronto\\app\\Controllers\\Admin\\Cotizaciones.php', 205)
 2 SYSTEMPATH\CodeIgniter.php(941): App\Controllers\Admin\Cotizaciones->cotizacion_pdf('11')
 3 SYSTEMPATH\CodeIgniter.php(502): CodeIgniter\CodeIgniter->runController(Object(App\Controllers\Admin\Cotizaciones))
 4 SYSTEMPATH\CodeIgniter.php(361): CodeIgniter\CodeIgniter->handleRequest(null, Object(Config\Cache), false)
 5 FCPATH\index.php(79): CodeIgniter\CodeIgniter->run()
CRITICAL - 2024-05-28 11:33:03 --> ErrorException: Attempt to read property "cliente" on array
in APPPATH\Controllers\Admin\Cotizaciones.php on line 205.
 1 APPPATH\Controllers\Admin\Cotizaciones.php(205): CodeIgniter\Debug\Exceptions->errorHandler(2, 'Attempt to read property "cliente" on array', 'C:\\laragon\\www\\sellopronto\\app\\Controllers\\Admin\\Cotizaciones.php', 205)
 2 SYSTEMPATH\CodeIgniter.php(941): App\Controllers\Admin\Cotizaciones->cotizacion_pdf('11')
 3 SYSTEMPATH\CodeIgniter.php(502): CodeIgniter\CodeIgniter->runController(Object(App\Controllers\Admin\Cotizaciones))
 4 SYSTEMPATH\CodeIgniter.php(361): CodeIgniter\CodeIgniter->handleRequest(null, Object(Config\Cache), false)
 5 FCPATH\index.php(79): CodeIgniter\CodeIgniter->run()
CRITICAL - 2024-05-28 11:36:52 --> ParseError: syntax error, unexpected variable "$resultado"
in APPPATH\Controllers\Admin\Cotizaciones.php on line 207.
 1 SYSTEMPATH\Autoloader\Autoloader.php(290): CodeIgniter\Autoloader\Autoloader->includeFile('C:\\laragon\\www\\sellopronto\\app\\Controllers\\admin\\Cotizaciones.php')
 2 SYSTEMPATH\Autoloader\Autoloader.php(266): CodeIgniter\Autoloader\Autoloader->loadInNamespace('App\\Controllers\\admin\\Cotizaciones')
 3 [internal function]: CodeIgniter\Autoloader\Autoloader->loadClass('App\\Controllers\\admin\\Cotizaciones')
 4 SYSTEMPATH\CodeIgniter.php(899): class_exists('\\App\\Controllers\\admin\\Cotizaciones', true)
 5 SYSTEMPATH\CodeIgniter.php(489): CodeIgniter\CodeIgniter->startController()
 6 SYSTEMPATH\CodeIgniter.php(361): CodeIgniter\CodeIgniter->handleRequest(null, Object(Config\Cache), false)
 7 FCPATH\index.php(79): CodeIgniter\CodeIgniter->run()
CRITICAL - 2024-05-28 11:38:04 --> ParseError: syntax error, unexpected variable "$html"
in APPPATH\Controllers\Admin\Cotizaciones.php on line 212.
 1 SYSTEMPATH\Autoloader\Autoloader.php(290): CodeIgniter\Autoloader\Autoloader->includeFile('C:\\laragon\\www\\sellopronto\\app\\Controllers\\admin\\Cotizaciones.php')
 2 SYSTEMPATH\Autoloader\Autoloader.php(266): CodeIgniter\Autoloader\Autoloader->loadInNamespace('App\\Controllers\\admin\\Cotizaciones')
 3 [internal function]: CodeIgniter\Autoloader\Autoloader->loadClass('App\\Controllers\\admin\\Cotizaciones')
 4 SYSTEMPATH\CodeIgniter.php(899): class_exists('\\App\\Controllers\\admin\\Cotizaciones', true)
 5 SYSTEMPATH\CodeIgniter.php(489): CodeIgniter\CodeIgniter->startController()
 6 SYSTEMPATH\CodeIgniter.php(361): CodeIgniter\CodeIgniter->handleRequest(null, Object(Config\Cache), false)
 7 FCPATH\index.php(79): CodeIgniter\CodeIgniter->run()
CRITICAL - 2024-05-28 11:38:39 --> ParseError: syntax error, unexpected token "return"
in APPPATH\Controllers\Admin\Cotizaciones.php on line 212.
 1 SYSTEMPATH\Autoloader\Autoloader.php(290): CodeIgniter\Autoloader\Autoloader->includeFile('C:\\laragon\\www\\sellopronto\\app\\Controllers\\admin\\Cotizaciones.php')
 2 SYSTEMPATH\Autoloader\Autoloader.php(266): CodeIgniter\Autoloader\Autoloader->loadInNamespace('App\\Controllers\\admin\\Cotizaciones')
 3 [internal function]: CodeIgniter\Autoloader\Autoloader->loadClass('App\\Controllers\\admin\\Cotizaciones')
 4 SYSTEMPATH\CodeIgniter.php(899): class_exists('\\App\\Controllers\\admin\\Cotizaciones', true)
 5 SYSTEMPATH\CodeIgniter.php(489): CodeIgniter\CodeIgniter->startController()
 6 SYSTEMPATH\CodeIgniter.php(361): CodeIgniter\CodeIgniter->handleRequest(null, Object(Config\Cache), false)
 7 FCPATH\index.php(79): CodeIgniter\CodeIgniter->run()
CRITICAL - 2024-05-28 12:00:19 --> ErrorException: Undefined variable $articulo_query
in APPPATH\Controllers\Admin\Cotizaciones.php on line 219.
 1 APPPATH\Controllers\Admin\Cotizaciones.php(219): CodeIgniter\Debug\Exceptions->errorHandler(2, 'Undefined variable $articulo_query', 'C:\\laragon\\www\\sellopronto\\app\\Controllers\\Admin\\Cotizaciones.php', 219)
 2 SYSTEMPATH\CodeIgniter.php(941): App\Controllers\Admin\Cotizaciones->cotizacion_pdf('11')
 3 SYSTEMPATH\CodeIgniter.php(502): CodeIgniter\CodeIgniter->runController(Object(App\Controllers\Admin\Cotizaciones))
 4 SYSTEMPATH\CodeIgniter.php(361): CodeIgniter\CodeIgniter->handleRequest(null, Object(Config\Cache), false)
 5 FCPATH\index.php(79): CodeIgniter\CodeIgniter->run()
CRITICAL - 2024-05-28 12:00:31 --> ErrorException: Undefined array key "correo"
in APPPATH\Views\Panel\PDF.php on line 124.
 1 APPPATH\Views\Panel\PDF.php(124): CodeIgniter\Debug\Exceptions->errorHandler(2, 'Undefined array key "correo"', 'C:\\laragon\\www\\sellopronto\\app\\Views\\Panel\\PDF.php', 124)
 2 SYSTEMPATH\View\View.php(228): include('C:\\laragon\\www\\sellopronto\\app\\Views\\Panel\\PDF.php')
 3 SYSTEMPATH\View\View.php(231): CodeIgniter\View\View->CodeIgniter\View\{closure}()
 4 SYSTEMPATH\Common.php(1178): CodeIgniter\View\View->render('Panel/PDF', [], true)
 5 APPPATH\Controllers\Admin\Cotizaciones.php(221): view('Panel/PDF', [...])
 6 SYSTEMPATH\CodeIgniter.php(941): App\Controllers\Admin\Cotizaciones->cotizacion_pdf('11')
 7 SYSTEMPATH\CodeIgniter.php(502): CodeIgniter\CodeIgniter->runController(Object(App\Controllers\Admin\Cotizaciones))
 8 SYSTEMPATH\CodeIgniter.php(361): CodeIgniter\CodeIgniter->handleRequest(null, Object(Config\Cache), false)
 9 FCPATH\index.php(79): CodeIgniter\CodeIgniter->run()
ERROR - 2024-05-28 14:48:55 --> mysqli_sql_exception: Incorrect integer value: '' for column 'minimo' at row 1 in C:\laragon\www\sellopronto\system\Database\MySQLi\Connection.php:306
Stack trace:
#0 C:\laragon\www\sellopronto\system\Database\MySQLi\Connection.php(306): mysqli->query('UPDATE `sellopr...', 0)
#1 C:\laragon\www\sellopronto\system\Database\BaseConnection.php(693): CodeIgniter\Database\MySQLi\Connection->execute('UPDATE `sellopr...')
#2 C:\laragon\www\sellopronto\system\Database\BaseConnection.php(607): CodeIgniter\Database\BaseConnection->simpleQuery('UPDATE `sellopr...')
#3 C:\laragon\www\sellopronto\system\Database\BaseBuilder.php(2474): CodeIgniter\Database\BaseConnection->query('UPDATE `sellopr...', Array, false)
#4 C:\laragon\www\sellopronto\system\Model.php(393): CodeIgniter\Database\BaseBuilder->update()
#5 C:\laragon\www\sellopronto\system\BaseModel.php(987): CodeIgniter\Model->doUpdate(Array, Array)
#6 C:\laragon\www\sellopronto\system\Model.php(807): CodeIgniter\BaseModel->update(Array, Array)
#7 C:\laragon\www\sellopronto\app\Controllers\Admin\Articulos.php(50): CodeIgniter\Model->update('5', Array)
#8 C:\laragon\www\sellopronto\system\CodeIgniter.php(941): App\Controllers\Admin\Articulos->actualizar()
#9 C:\laragon\www\sellopronto\system\CodeIgniter.php(502): CodeIgniter\CodeIgniter->runController(Object(App\Controllers\Admin\Articulos))
#10 C:\laragon\www\sellopronto\system\CodeIgniter.php(361): CodeIgniter\CodeIgniter->handleRequest(NULL, Object(Config\Cache), false)
#11 C:\laragon\www\sellopronto\index.php(79): CodeIgniter\CodeIgniter->run()
#12 {main}
CRITICAL - 2024-05-28 14:48:55 --> CodeIgniter\Database\Exceptions\DatabaseException: Incorrect integer value: '' for column 'minimo' at row 1
in SYSTEMPATH\Database\BaseConnection.php on line 647.
 1 SYSTEMPATH\Database\BaseBuilder.php(2474): CodeIgniter\Database\BaseConnection->query('UPDATE `sellopro_articulos` SET `nombre` = :nombre:, `modelo` = :modelo:, `precio_prov` = :precio_prov:, `precio_pub` = :precio_pub:, `minimo` = :minimo:, `stock` = :stock:
WHERE `sellopro_articulos`.`idArticulo` IN :sellopro_articulos.idArticulo:', [...], false)
 2 SYSTEMPATH\Model.php(393): CodeIgniter\Database\BaseBuilder->update()
 3 SYSTEMPATH\BaseModel.php(987): CodeIgniter\Model->doUpdate([...], [...])
 4 SYSTEMPATH\Model.php(807): CodeIgniter\BaseModel->update([...], [...])
 5 APPPATH\Controllers\Admin\Articulos.php(50): CodeIgniter\Model->update('5', [...])
 6 SYSTEMPATH\CodeIgniter.php(941): App\Controllers\Admin\Articulos->actualizar()
 7 SYSTEMPATH\CodeIgniter.php(502): CodeIgniter\CodeIgniter->runController(Object(App\Controllers\Admin\Articulos))
 8 SYSTEMPATH\CodeIgniter.php(361): CodeIgniter\CodeIgniter->handleRequest(null, Object(Config\Cache), false)
 9 FCPATH\index.php(79): CodeIgniter\CodeIgniter->run()
CRITICAL - 2024-05-28 14:48:55 --> [Caused by] CodeIgniter\Database\Exceptions\DatabaseException: Incorrect integer value: '' for column 'minimo' at row 1
in SYSTEMPATH\Database\MySQLi\Connection.php on line 311.
 1 SYSTEMPATH\Database\BaseConnection.php(693): CodeIgniter\Database\MySQLi\Connection->execute('UPDATE `sellopro_articulos` SET `nombre` = \'Sello de madera de 10 x 10 cm\', `modelo` = \'MD1010\', `precio_prov` = \'50.00\', `precio_pub` = \'215.51\', `minimo` = \'\', `stock` = \'1\'
WHERE `sellopro_articulos`.`idArticulo` IN (\'5\')')
 2 SYSTEMPATH\Database\BaseConnection.php(607): CodeIgniter\Database\BaseConnection->simpleQuery('UPDATE `sellopro_articulos` SET `nombre` = \'Sello de madera de 10 x 10 cm\', `modelo` = \'MD1010\', `precio_prov` = \'50.00\', `precio_pub` = \'215.51\', `minimo` = \'\', `stock` = \'1\'
WHERE `sellopro_articulos`.`idArticulo` IN (\'5\')')
 3 SYSTEMPATH\Database\BaseBuilder.php(2474): CodeIgniter\Database\BaseConnection->query('UPDATE `sellopro_articulos` SET `nombre` = :nombre:, `modelo` = :modelo:, `precio_prov` = :precio_prov:, `precio_pub` = :precio_pub:, `minimo` = :minimo:, `stock` = :stock:
WHERE `sellopro_articulos`.`idArticulo` IN :sellopro_articulos.idArticulo:', [...], false)
 4 SYSTEMPATH\Model.php(393): CodeIgniter\Database\BaseBuilder->update()
 5 SYSTEMPATH\BaseModel.php(987): CodeIgniter\Model->doUpdate([...], [...])
 6 SYSTEMPATH\Model.php(807): CodeIgniter\BaseModel->update([...], [...])
 7 APPPATH\Controllers\Admin\Articulos.php(50): CodeIgniter\Model->update('5', [...])
 8 SYSTEMPATH\CodeIgniter.php(941): App\Controllers\Admin\Articulos->actualizar()
 9 SYSTEMPATH\CodeIgniter.php(502): CodeIgniter\CodeIgniter->runController(Object(App\Controllers\Admin\Articulos))
10 SYSTEMPATH\CodeIgniter.php(361): CodeIgniter\CodeIgniter->handleRequest(null, Object(Config\Cache), false)
11 FCPATH\index.php(79): CodeIgniter\CodeIgniter->run()
CRITICAL - 2024-05-28 14:48:55 --> [Caused by] mysqli_sql_exception: Incorrect integer value: '' for column 'minimo' at row 1
in SYSTEMPATH\Database\MySQLi\Connection.php on line 306.
 1 SYSTEMPATH\Database\MySQLi\Connection.php(306): mysqli->query('UPDATE `sellopro_articulos` SET `nombre` = \'Sello de madera de 10 x 10 cm\', `modelo` = \'MD1010\', `precio_prov` = \'50.00\', `precio_pub` = \'215.51\', `minimo` = \'\', `stock` = \'1\'
WHERE `sellopro_articulos`.`idArticulo` IN (\'5\')', 0)
 2 SYSTEMPATH\Database\BaseConnection.php(693): CodeIgniter\Database\MySQLi\Connection->execute('UPDATE `sellopro_articulos` SET `nombre` = \'Sello de madera de 10 x 10 cm\', `modelo` = \'MD1010\', `precio_prov` = \'50.00\', `precio_pub` = \'215.51\', `minimo` = \'\', `stock` = \'1\'
WHERE `sellopro_articulos`.`idArticulo` IN (\'5\')')
 3 SYSTEMPATH\Database\BaseConnection.php(607): CodeIgniter\Database\BaseConnection->simpleQuery('UPDATE `sellopro_articulos` SET `nombre` = \'Sello de madera de 10 x 10 cm\', `modelo` = \'MD1010\', `precio_prov` = \'50.00\', `precio_pub` = \'215.51\', `minimo` = \'\', `stock` = \'1\'
WHERE `sellopro_articulos`.`idArticulo` IN (\'5\')')
 4 SYSTEMPATH\Database\BaseBuilder.php(2474): CodeIgniter\Database\BaseConnection->query('UPDATE `sellopro_articulos` SET `nombre` = :nombre:, `modelo` = :modelo:, `precio_prov` = :precio_prov:, `precio_pub` = :precio_pub:, `minimo` = :minimo:, `stock` = :stock:
WHERE `sellopro_articulos`.`idArticulo` IN :sellopro_articulos.idArticulo:', [...], false)
 5 SYSTEMPATH\Model.php(393): CodeIgniter\Database\BaseBuilder->update()
 6 SYSTEMPATH\BaseModel.php(987): CodeIgniter\Model->doUpdate([...], [...])
 7 SYSTEMPATH\Model.php(807): CodeIgniter\BaseModel->update([...], [...])
 8 APPPATH\Controllers\Admin\Articulos.php(50): CodeIgniter\Model->update('5', [...])
 9 SYSTEMPATH\CodeIgniter.php(941): App\Controllers\Admin\Articulos->actualizar()
10 SYSTEMPATH\CodeIgniter.php(502): CodeIgniter\CodeIgniter->runController(Object(App\Controllers\Admin\Articulos))
11 SYSTEMPATH\CodeIgniter.php(361): CodeIgniter\CodeIgniter->handleRequest(null, Object(Config\Cache), false)
12 FCPATH\index.php(79): CodeIgniter\CodeIgniter->run()
ERROR - 2024-05-28 14:49:40 --> mysqli_sql_exception: Incorrect integer value: '' for column 'minimo' at row 1 in C:\laragon\www\sellopronto\system\Database\MySQLi\Connection.php:306
Stack trace:
#0 C:\laragon\www\sellopronto\system\Database\MySQLi\Connection.php(306): mysqli->query('UPDATE `sellopr...', 0)
#1 C:\laragon\www\sellopronto\system\Database\BaseConnection.php(693): CodeIgniter\Database\MySQLi\Connection->execute('UPDATE `sellopr...')
#2 C:\laragon\www\sellopronto\system\Database\BaseConnection.php(607): CodeIgniter\Database\BaseConnection->simpleQuery('UPDATE `sellopr...')
#3 C:\laragon\www\sellopronto\system\Database\BaseBuilder.php(2474): CodeIgniter\Database\BaseConnection->query('UPDATE `sellopr...', Array, false)
#4 C:\laragon\www\sellopronto\system\Model.php(393): CodeIgniter\Database\BaseBuilder->update()
#5 C:\laragon\www\sellopronto\system\BaseModel.php(987): CodeIgniter\Model->doUpdate(Array, Array)
#6 C:\laragon\www\sellopronto\system\Model.php(807): CodeIgniter\BaseModel->update(Array, Array)
#7 C:\laragon\www\sellopronto\app\Controllers\Admin\Articulos.php(50): CodeIgniter\Model->update('6', Array)
#8 C:\laragon\www\sellopronto\system\CodeIgniter.php(941): App\Controllers\Admin\Articulos->actualizar()
#9 C:\laragon\www\sellopronto\system\CodeIgniter.php(502): CodeIgniter\CodeIgniter->runController(Object(App\Controllers\Admin\Articulos))
#10 C:\laragon\www\sellopronto\system\CodeIgniter.php(361): CodeIgniter\CodeIgniter->handleRequest(NULL, Object(Config\Cache), false)
#11 C:\laragon\www\sellopronto\index.php(79): CodeIgniter\CodeIgniter->run()
#12 {main}
CRITICAL - 2024-05-28 14:49:40 --> CodeIgniter\Database\Exceptions\DatabaseException: Incorrect integer value: '' for column 'minimo' at row 1
in SYSTEMPATH\Database\BaseConnection.php on line 647.
 1 SYSTEMPATH\Database\BaseBuilder.php(2474): CodeIgniter\Database\BaseConnection->query('UPDATE `sellopro_articulos` SET `nombre` = :nombre:, `modelo` = :modelo:, `precio_prov` = :precio_prov:, `precio_pub` = :precio_pub:, `minimo` = :minimo:, `stock` = :stock:
WHERE `sellopro_articulos`.`idArticulo` IN :sellopro_articulos.idArticulo:', [...], false)
 2 SYSTEMPATH\Model.php(393): CodeIgniter\Database\BaseBuilder->update()
 3 SYSTEMPATH\BaseModel.php(987): CodeIgniter\Model->doUpdate([...], [...])
 4 SYSTEMPATH\Model.php(807): CodeIgniter\BaseModel->update([...], [...])
 5 APPPATH\Controllers\Admin\Articulos.php(50): CodeIgniter\Model->update('6', [...])
 6 SYSTEMPATH\CodeIgniter.php(941): App\Controllers\Admin\Articulos->actualizar()
 7 SYSTEMPATH\CodeIgniter.php(502): CodeIgniter\CodeIgniter->runController(Object(App\Controllers\Admin\Articulos))
 8 SYSTEMPATH\CodeIgniter.php(361): CodeIgniter\CodeIgniter->handleRequest(null, Object(Config\Cache), false)
 9 FCPATH\index.php(79): CodeIgniter\CodeIgniter->run()
CRITICAL - 2024-05-28 14:49:40 --> [Caused by] CodeIgniter\Database\Exceptions\DatabaseException: Incorrect integer value: '' for column 'minimo' at row 1
in SYSTEMPATH\Database\MySQLi\Connection.php on line 311.
 1 SYSTEMPATH\Database\BaseConnection.php(693): CodeIgniter\Database\MySQLi\Connection->execute('UPDATE `sellopro_articulos` SET `nombre` = \'Sello de madera de 60 x 40 mm\', `modelo` = \'MD6040\', `precio_prov` = \'50.00\', `precio_pub` = \'129\', `minimo` = \'\', `stock` = \'Escoge una opción...\'
WHERE `sellopro_articulos`.`idArticulo` IN (\'6\')')
 2 SYSTEMPATH\Database\BaseConnection.php(607): CodeIgniter\Database\BaseConnection->simpleQuery('UPDATE `sellopro_articulos` SET `nombre` = \'Sello de madera de 60 x 40 mm\', `modelo` = \'MD6040\', `precio_prov` = \'50.00\', `precio_pub` = \'129\', `minimo` = \'\', `stock` = \'Escoge una opción...\'
WHERE `sellopro_articulos`.`idArticulo` IN (\'6\')')
 3 SYSTEMPATH\Database\BaseBuilder.php(2474): CodeIgniter\Database\BaseConnection->query('UPDATE `sellopro_articulos` SET `nombre` = :nombre:, `modelo` = :modelo:, `precio_prov` = :precio_prov:, `precio_pub` = :precio_pub:, `minimo` = :minimo:, `stock` = :stock:
WHERE `sellopro_articulos`.`idArticulo` IN :sellopro_articulos.idArticulo:', [...], false)
 4 SYSTEMPATH\Model.php(393): CodeIgniter\Database\BaseBuilder->update()
 5 SYSTEMPATH\BaseModel.php(987): CodeIgniter\Model->doUpdate([...], [...])
 6 SYSTEMPATH\Model.php(807): CodeIgniter\BaseModel->update([...], [...])
 7 APPPATH\Controllers\Admin\Articulos.php(50): CodeIgniter\Model->update('6', [...])
 8 SYSTEMPATH\CodeIgniter.php(941): App\Controllers\Admin\Articulos->actualizar()
 9 SYSTEMPATH\CodeIgniter.php(502): CodeIgniter\CodeIgniter->runController(Object(App\Controllers\Admin\Articulos))
10 SYSTEMPATH\CodeIgniter.php(361): CodeIgniter\CodeIgniter->handleRequest(null, Object(Config\Cache), false)
11 FCPATH\index.php(79): CodeIgniter\CodeIgniter->run()
CRITICAL - 2024-05-28 14:49:40 --> [Caused by] mysqli_sql_exception: Incorrect integer value: '' for column 'minimo' at row 1
in SYSTEMPATH\Database\MySQLi\Connection.php on line 306.
 1 SYSTEMPATH\Database\MySQLi\Connection.php(306): mysqli->query('UPDATE `sellopro_articulos` SET `nombre` = \'Sello de madera de 60 x 40 mm\', `modelo` = \'MD6040\', `precio_prov` = \'50.00\', `precio_pub` = \'129\', `minimo` = \'\', `stock` = \'Escoge una opción...\'
WHERE `sellopro_articulos`.`idArticulo` IN (\'6\')', 0)
 2 SYSTEMPATH\Database\BaseConnection.php(693): CodeIgniter\Database\MySQLi\Connection->execute('UPDATE `sellopro_articulos` SET `nombre` = \'Sello de madera de 60 x 40 mm\', `modelo` = \'MD6040\', `precio_prov` = \'50.00\', `precio_pub` = \'129\', `minimo` = \'\', `stock` = \'Escoge una opción...\'
WHERE `sellopro_articulos`.`idArticulo` IN (\'6\')')
 3 SYSTEMPATH\Database\BaseConnection.php(607): CodeIgniter\Database\BaseConnection->simpleQuery('UPDATE `sellopro_articulos` SET `nombre` = \'Sello de madera de 60 x 40 mm\', `modelo` = \'MD6040\', `precio_prov` = \'50.00\', `precio_pub` = \'129\', `minimo` = \'\', `stock` = \'Escoge una opción...\'
WHERE `sellopro_articulos`.`idArticulo` IN (\'6\')')
 4 SYSTEMPATH\Database\BaseBuilder.php(2474): CodeIgniter\Database\BaseConnection->query('UPDATE `sellopro_articulos` SET `nombre` = :nombre:, `modelo` = :modelo:, `precio_prov` = :precio_prov:, `precio_pub` = :precio_pub:, `minimo` = :minimo:, `stock` = :stock:
WHERE `sellopro_articulos`.`idArticulo` IN :sellopro_articulos.idArticulo:', [...], false)
 5 SYSTEMPATH\Model.php(393): CodeIgniter\Database\BaseBuilder->update()
 6 SYSTEMPATH\BaseModel.php(987): CodeIgniter\Model->doUpdate([...], [...])
 7 SYSTEMPATH\Model.php(807): CodeIgniter\BaseModel->update([...], [...])
 8 APPPATH\Controllers\Admin\Articulos.php(50): CodeIgniter\Model->update('6', [...])
 9 SYSTEMPATH\CodeIgniter.php(941): App\Controllers\Admin\Articulos->actualizar()
10 SYSTEMPATH\CodeIgniter.php(502): CodeIgniter\CodeIgniter->runController(Object(App\Controllers\Admin\Articulos))
11 SYSTEMPATH\CodeIgniter.php(361): CodeIgniter\CodeIgniter->handleRequest(null, Object(Config\Cache), false)
12 FCPATH\index.php(79): CodeIgniter\CodeIgniter->run()
ERROR - 2024-05-28 15:02:35 --> mysqli_sql_exception: Incorrect decimal value: '$130' for column 'precio_pub' at row 1 in C:\laragon\www\sellopronto\system\Database\MySQLi\Connection.php:306
Stack trace:
#0 C:\laragon\www\sellopronto\system\Database\MySQLi\Connection.php(306): mysqli->query('INSERT INTO `se...', 0)
#1 C:\laragon\www\sellopronto\system\Database\BaseConnection.php(693): CodeIgniter\Database\MySQLi\Connection->execute('INSERT INTO `se...')
#2 C:\laragon\www\sellopronto\system\Database\BaseConnection.php(607): CodeIgniter\Database\BaseConnection->simpleQuery('INSERT INTO `se...')
#3 C:\laragon\www\sellopronto\system\Database\BaseBuilder.php(2307): CodeIgniter\Database\BaseConnection->query('INSERT INTO `se...', Array, false)
#4 C:\laragon\www\sellopronto\system\Model.php(326): CodeIgniter\Database\BaseBuilder->insert()
#5 C:\laragon\www\sellopronto\system\BaseModel.php(802): CodeIgniter\Model->doInsert(Array)
#6 C:\laragon\www\sellopronto\system\Model.php(744): CodeIgniter\BaseModel->insert(Array, true)
#7 C:\laragon\www\sellopronto\app\Controllers\Admin\Articulos.php(23): CodeIgniter\Model->insert(Array)
#8 C:\laragon\www\sellopronto\system\CodeIgniter.php(941): App\Controllers\Admin\Articulos->nuevo()
#9 C:\laragon\www\sellopronto\system\CodeIgniter.php(502): CodeIgniter\CodeIgniter->runController(Object(App\Controllers\Admin\Articulos))
#10 C:\laragon\www\sellopronto\system\CodeIgniter.php(361): CodeIgniter\CodeIgniter->handleRequest(NULL, Object(Config\Cache), false)
#11 C:\laragon\www\sellopronto\index.php(79): CodeIgniter\CodeIgniter->run()
#12 {main}
CRITICAL - 2024-05-28 15:02:35 --> CodeIgniter\Database\Exceptions\DatabaseException: Incorrect decimal value: '$130' for column 'precio_pub' at row 1
in SYSTEMPATH\Database\BaseConnection.php on line 647.
 1 SYSTEMPATH\Database\BaseBuilder.php(2307): CodeIgniter\Database\BaseConnection->query('INSERT INTO `sellopro_articulos` (`nombre`, `modelo`, `precio_prov`, `precio_pub`) VALUES (:nombre:, :modelo:, :precio_prov:, :precio_pub:)', [...], false)
 2 SYSTEMPATH\Model.php(326): CodeIgniter\Database\BaseBuilder->insert()
 3 SYSTEMPATH\BaseModel.php(802): CodeIgniter\Model->doInsert([...])
 4 SYSTEMPATH\Model.php(744): CodeIgniter\BaseModel->insert([...], true)
 5 APPPATH\Controllers\Admin\Articulos.php(23): CodeIgniter\Model->insert([...])
 6 SYSTEMPATH\CodeIgniter.php(941): App\Controllers\Admin\Articulos->nuevo()
 7 SYSTEMPATH\CodeIgniter.php(502): CodeIgniter\CodeIgniter->runController(Object(App\Controllers\Admin\Articulos))
 8 SYSTEMPATH\CodeIgniter.php(361): CodeIgniter\CodeIgniter->handleRequest(null, Object(Config\Cache), false)
 9 FCPATH\index.php(79): CodeIgniter\CodeIgniter->run()
CRITICAL - 2024-05-28 15:02:35 --> [Caused by] CodeIgniter\Database\Exceptions\DatabaseException: Incorrect decimal value: '$130' for column 'precio_pub' at row 1
in SYSTEMPATH\Database\MySQLi\Connection.php on line 311.
 1 SYSTEMPATH\Database\BaseConnection.php(693): CodeIgniter\Database\MySQLi\Connection->execute('INSERT INTO `sellopro_articulos` (`nombre`, `modelo`, `precio_prov`, `precio_pub`) VALUES (\'Envio Estafeta 1 kilo 2 Dias\', \'ESTF\', \'120\', \'$130\')')
 2 SYSTEMPATH\Database\BaseConnection.php(607): CodeIgniter\Database\BaseConnection->simpleQuery('INSERT INTO `sellopro_articulos` (`nombre`, `modelo`, `precio_prov`, `precio_pub`) VALUES (\'Envio Estafeta 1 kilo 2 Dias\', \'ESTF\', \'120\', \'$130\')')
 3 SYSTEMPATH\Database\BaseBuilder.php(2307): CodeIgniter\Database\BaseConnection->query('INSERT INTO `sellopro_articulos` (`nombre`, `modelo`, `precio_prov`, `precio_pub`) VALUES (:nombre:, :modelo:, :precio_prov:, :precio_pub:)', [...], false)
 4 SYSTEMPATH\Model.php(326): CodeIgniter\Database\BaseBuilder->insert()
 5 SYSTEMPATH\BaseModel.php(802): CodeIgniter\Model->doInsert([...])
 6 SYSTEMPATH\Model.php(744): CodeIgniter\BaseModel->insert([...], true)
 7 APPPATH\Controllers\Admin\Articulos.php(23): CodeIgniter\Model->insert([...])
 8 SYSTEMPATH\CodeIgniter.php(941): App\Controllers\Admin\Articulos->nuevo()
 9 SYSTEMPATH\CodeIgniter.php(502): CodeIgniter\CodeIgniter->runController(Object(App\Controllers\Admin\Articulos))
10 SYSTEMPATH\CodeIgniter.php(361): CodeIgniter\CodeIgniter->handleRequest(null, Object(Config\Cache), false)
11 FCPATH\index.php(79): CodeIgniter\CodeIgniter->run()
CRITICAL - 2024-05-28 15:02:35 --> [Caused by] mysqli_sql_exception: Incorrect decimal value: '$130' for column 'precio_pub' at row 1
in SYSTEMPATH\Database\MySQLi\Connection.php on line 306.
 1 SYSTEMPATH\Database\MySQLi\Connection.php(306): mysqli->query('INSERT INTO `sellopro_articulos` (`nombre`, `modelo`, `precio_prov`, `precio_pub`) VALUES (\'Envio Estafeta 1 kilo 2 Dias\', \'ESTF\', \'120\', \'$130\')', 0)
 2 SYSTEMPATH\Database\BaseConnection.php(693): CodeIgniter\Database\MySQLi\Connection->execute('INSERT INTO `sellopro_articulos` (`nombre`, `modelo`, `precio_prov`, `precio_pub`) VALUES (\'Envio Estafeta 1 kilo 2 Dias\', \'ESTF\', \'120\', \'$130\')')
 3 SYSTEMPATH\Database\BaseConnection.php(607): CodeIgniter\Database\BaseConnection->simpleQuery('INSERT INTO `sellopro_articulos` (`nombre`, `modelo`, `precio_prov`, `precio_pub`) VALUES (\'Envio Estafeta 1 kilo 2 Dias\', \'ESTF\', \'120\', \'$130\')')
 4 SYSTEMPATH\Database\BaseBuilder.php(2307): CodeIgniter\Database\BaseConnection->query('INSERT INTO `sellopro_articulos` (`nombre`, `modelo`, `precio_prov`, `precio_pub`) VALUES (:nombre:, :modelo:, :precio_prov:, :precio_pub:)', [...], false)
 5 SYSTEMPATH\Model.php(326): CodeIgniter\Database\BaseBuilder->insert()
 6 SYSTEMPATH\BaseModel.php(802): CodeIgniter\Model->doInsert([...])
 7 SYSTEMPATH\Model.php(744): CodeIgniter\BaseModel->insert([...], true)
 8 APPPATH\Controllers\Admin\Articulos.php(23): CodeIgniter\Model->insert([...])
 9 SYSTEMPATH\CodeIgniter.php(941): App\Controllers\Admin\Articulos->nuevo()
10 SYSTEMPATH\CodeIgniter.php(502): CodeIgniter\CodeIgniter->runController(Object(App\Controllers\Admin\Articulos))
11 SYSTEMPATH\CodeIgniter.php(361): CodeIgniter\CodeIgniter->handleRequest(null, Object(Config\Cache), false)
12 FCPATH\index.php(79): CodeIgniter\CodeIgniter->run()
CRITICAL - 2024-05-28 15:03:33 --> ParseError: syntax error, unexpected token "}"
in APPPATH\Controllers\Admin\Cotizaciones.php on line 249.
 1 SYSTEMPATH\Autoloader\Autoloader.php(290): CodeIgniter\Autoloader\Autoloader->includeFile('C:\\laragon\\www\\sellopronto\\app\\Controllers\\admin\\Cotizaciones.php')
 2 SYSTEMPATH\Autoloader\Autoloader.php(266): CodeIgniter\Autoloader\Autoloader->loadInNamespace('App\\Controllers\\admin\\Cotizaciones')
 3 [internal function]: CodeIgniter\Autoloader\Autoloader->loadClass('App\\Controllers\\admin\\Cotizaciones')
 4 SYSTEMPATH\CodeIgniter.php(899): class_exists('\\App\\Controllers\\admin\\Cotizaciones', true)
 5 SYSTEMPATH\CodeIgniter.php(489): CodeIgniter\CodeIgniter->startController()
 6 SYSTEMPATH\CodeIgniter.php(361): CodeIgniter\CodeIgniter->handleRequest(null, Object(Config\Cache), false)
 7 FCPATH\index.php(79): CodeIgniter\CodeIgniter->run()
CRITICAL - 2024-05-28 15:03:58 --> ParseError: syntax error, unexpected token "}"
in APPPATH\Controllers\Admin\Cotizaciones.php on line 249.
 1 SYSTEMPATH\Autoloader\Autoloader.php(290): CodeIgniter\Autoloader\Autoloader->includeFile('C:\\laragon\\www\\sellopronto\\app\\Controllers\\admin\\Cotizaciones.php')
 2 SYSTEMPATH\Autoloader\Autoloader.php(266): CodeIgniter\Autoloader\Autoloader->loadInNamespace('App\\Controllers\\admin\\Cotizaciones')
 3 [internal function]: CodeIgniter\Autoloader\Autoloader->loadClass('App\\Controllers\\admin\\Cotizaciones')
 4 SYSTEMPATH\CodeIgniter.php(899): class_exists('\\App\\Controllers\\admin\\Cotizaciones', true)
 5 SYSTEMPATH\CodeIgniter.php(489): CodeIgniter\CodeIgniter->startController()
 6 SYSTEMPATH\CodeIgniter.php(361): CodeIgniter\CodeIgniter->handleRequest(null, Object(Config\Cache), false)
 7 FCPATH\index.php(79): CodeIgniter\CodeIgniter->run()
CRITICAL - 2024-05-28 15:11:12 --> Error: Cannot use object of type CodeIgniter\Database\MySQLi\Result as array
in APPPATH\Controllers\Admin\Cotizaciones.php on line 223.
 1 SYSTEMPATH\CodeIgniter.php(941): App\Controllers\Admin\Cotizaciones->cotizacion_pdf('12')
 2 SYSTEMPATH\CodeIgniter.php(502): CodeIgniter\CodeIgniter->runController(Object(App\Controllers\Admin\Cotizaciones))
 3 SYSTEMPATH\CodeIgniter.php(361): CodeIgniter\CodeIgniter->handleRequest(null, Object(Config\Cache), false)
 4 FCPATH\index.php(79): CodeIgniter\CodeIgniter->run()
CRITICAL - 2024-05-28 15:11:24 --> Error: Cannot use object of type CodeIgniter\Database\MySQLi\Result as array
in APPPATH\Controllers\Admin\Cotizaciones.php on line 223.
 1 SYSTEMPATH\CodeIgniter.php(941): App\Controllers\Admin\Cotizaciones->cotizacion_pdf('12')
 2 SYSTEMPATH\CodeIgniter.php(502): CodeIgniter\CodeIgniter->runController(Object(App\Controllers\Admin\Cotizaciones))
 3 SYSTEMPATH\CodeIgniter.php(361): CodeIgniter\CodeIgniter->handleRequest(null, Object(Config\Cache), false)
 4 FCPATH\index.php(79): CodeIgniter\CodeIgniter->run()
CRITICAL - 2024-05-28 15:12:10 --> Error: Cannot use object of type CodeIgniter\Database\MySQLi\Result as array
in APPPATH\Controllers\Admin\Cotizaciones.php on line 223.
 1 SYSTEMPATH\CodeIgniter.php(941): App\Controllers\Admin\Cotizaciones->cotizacion_pdf('12')
 2 SYSTEMPATH\CodeIgniter.php(502): CodeIgniter\CodeIgniter->runController(Object(App\Controllers\Admin\Cotizaciones))
 3 SYSTEMPATH\CodeIgniter.php(361): CodeIgniter\CodeIgniter->handleRequest(null, Object(Config\Cache), false)
 4 FCPATH\index.php(79): CodeIgniter\CodeIgniter->run()
CRITICAL - 2024-05-28 15:12:20 --> ErrorException: Undefined variable $suma_total
in APPPATH\Controllers\Admin\Cotizaciones.php on line 224.
 1 APPPATH\Controllers\Admin\Cotizaciones.php(224): CodeIgniter\Debug\Exceptions->errorHandler(2, 'Undefined variable $suma_total', 'C:\\laragon\\www\\sellopronto\\app\\Controllers\\Admin\\Cotizaciones.php', 224)
 2 SYSTEMPATH\CodeIgniter.php(941): App\Controllers\Admin\Cotizaciones->cotizacion_pdf('12')
 3 SYSTEMPATH\CodeIgniter.php(502): CodeIgniter\CodeIgniter->runController(Object(App\Controllers\Admin\Cotizaciones))
 4 SYSTEMPATH\CodeIgniter.php(361): CodeIgniter\CodeIgniter->handleRequest(null, Object(Config\Cache), false)
 5 FCPATH\index.php(79): CodeIgniter\CodeIgniter->run()
CRITICAL - 2024-05-28 15:18:56 --> TypeError: json_decode(): Argument #1 ($json) must be of type string, array given
in APPPATH\Controllers\Admin\Cotizaciones.php on line 222.
 1 APPPATH\Controllers\Admin\Cotizaciones.php(222): json_decode([...])
 2 SYSTEMPATH\CodeIgniter.php(941): App\Controllers\Admin\Cotizaciones->cotizacion_pdf('12')
 3 SYSTEMPATH\CodeIgniter.php(502): CodeIgniter\CodeIgniter->runController(Object(App\Controllers\Admin\Cotizaciones))
 4 SYSTEMPATH\CodeIgniter.php(361): CodeIgniter\CodeIgniter->handleRequest(null, Object(Config\Cache), false)
 5 FCPATH\index.php(79): CodeIgniter\CodeIgniter->run()
CRITICAL - 2024-05-28 15:19:51 --> ParseError: syntax error, unexpected variable "$result"
in APPPATH\Controllers\Admin\Cotizaciones.php on line 222.
 1 SYSTEMPATH\Autoloader\Autoloader.php(290): CodeIgniter\Autoloader\Autoloader->includeFile('C:\\laragon\\www\\sellopronto\\app\\Controllers\\admin\\Cotizaciones.php')
 2 SYSTEMPATH\Autoloader\Autoloader.php(266): CodeIgniter\Autoloader\Autoloader->loadInNamespace('App\\Controllers\\admin\\Cotizaciones')
 3 [internal function]: CodeIgniter\Autoloader\Autoloader->loadClass('App\\Controllers\\admin\\Cotizaciones')
 4 SYSTEMPATH\CodeIgniter.php(899): class_exists('\\App\\Controllers\\admin\\Cotizaciones', true)
 5 SYSTEMPATH\CodeIgniter.php(489): CodeIgniter\CodeIgniter->startController()
 6 SYSTEMPATH\CodeIgniter.php(361): CodeIgniter\CodeIgniter->handleRequest(null, Object(Config\Cache), false)
 7 FCPATH\index.php(79): CodeIgniter\CodeIgniter->run()
CRITICAL - 2024-05-28 15:20:19 --> ErrorException: Undefined array key "total"
in APPPATH\Controllers\Admin\Cotizaciones.php on line 224.
 1 APPPATH\Controllers\Admin\Cotizaciones.php(224): CodeIgniter\Debug\Exceptions->errorHandler(2, 'Undefined array key "total"', 'C:\\laragon\\www\\sellopronto\\app\\Controllers\\Admin\\Cotizaciones.php', 224)
 2 SYSTEMPATH\CodeIgniter.php(941): App\Controllers\Admin\Cotizaciones->cotizacion_pdf('12')
 3 SYSTEMPATH\CodeIgniter.php(502): CodeIgniter\CodeIgniter->runController(Object(App\Controllers\Admin\Cotizaciones))
 4 SYSTEMPATH\CodeIgniter.php(361): CodeIgniter\CodeIgniter->handleRequest(null, Object(Config\Cache), false)
 5 FCPATH\index.php(79): CodeIgniter\CodeIgniter->run()
CRITICAL - 2024-05-28 15:21:39 --> ParseError: syntax error, unexpected variable "$total"
in APPPATH\Controllers\Admin\Cotizaciones.php on line 227.
 1 SYSTEMPATH\Autoloader\Autoloader.php(290): CodeIgniter\Autoloader\Autoloader->includeFile('C:\\laragon\\www\\sellopronto\\app\\Controllers\\admin\\Cotizaciones.php')
 2 SYSTEMPATH\Autoloader\Autoloader.php(266): CodeIgniter\Autoloader\Autoloader->loadInNamespace('App\\Controllers\\admin\\Cotizaciones')
 3 [internal function]: CodeIgniter\Autoloader\Autoloader->loadClass('App\\Controllers\\admin\\Cotizaciones')
 4 SYSTEMPATH\CodeIgniter.php(899): class_exists('\\App\\Controllers\\admin\\Cotizaciones', true)
 5 SYSTEMPATH\CodeIgniter.php(489): CodeIgniter\CodeIgniter->startController()
 6 SYSTEMPATH\CodeIgniter.php(361): CodeIgniter\CodeIgniter->handleRequest(null, Object(Config\Cache), false)
 7 FCPATH\index.php(79): CodeIgniter\CodeIgniter->run()
CRITICAL - 2024-05-28 15:21:47 --> ParseError: syntax error, unexpected token "*"
in APPPATH\Controllers\Admin\Cotizaciones.php on line 243.
 1 SYSTEMPATH\Autoloader\Autoloader.php(290): CodeIgniter\Autoloader\Autoloader->includeFile('C:\\laragon\\www\\sellopronto\\app\\Controllers\\admin\\Cotizaciones.php')
 2 SYSTEMPATH\Autoloader\Autoloader.php(266): CodeIgniter\Autoloader\Autoloader->loadInNamespace('App\\Controllers\\admin\\Cotizaciones')
 3 [internal function]: CodeIgniter\Autoloader\Autoloader->loadClass('App\\Controllers\\admin\\Cotizaciones')
 4 SYSTEMPATH\CodeIgniter.php(899): class_exists('\\App\\Controllers\\admin\\Cotizaciones', true)
 5 SYSTEMPATH\CodeIgniter.php(489): CodeIgniter\CodeIgniter->startController()
 6 SYSTEMPATH\CodeIgniter.php(361): CodeIgniter\CodeIgniter->handleRequest(null, Object(Config\Cache), false)
 7 FCPATH\index.php(79): CodeIgniter\CodeIgniter->run()
CRITICAL - 2024-05-28 15:21:52 --> TypeError: Unsupported operand types: array * float
in APPPATH\Controllers\Admin\Cotizaciones.php on line 224.
 1 SYSTEMPATH\CodeIgniter.php(941): App\Controllers\Admin\Cotizaciones->cotizacion_pdf('12')
 2 SYSTEMPATH\CodeIgniter.php(502): CodeIgniter\CodeIgniter->runController(Object(App\Controllers\Admin\Cotizaciones))
 3 SYSTEMPATH\CodeIgniter.php(361): CodeIgniter\CodeIgniter->handleRequest(null, Object(Config\Cache), false)
 4 FCPATH\index.php(79): CodeIgniter\CodeIgniter->run()
CRITICAL - 2024-05-28 15:22:42 --> Error: Call to a member function getResultArray() on array
in APPPATH\Controllers\Admin\Cotizaciones.php on line 222.
 1 SYSTEMPATH\CodeIgniter.php(941): App\Controllers\Admin\Cotizaciones->cotizacion_pdf('12')
 2 SYSTEMPATH\CodeIgniter.php(502): CodeIgniter\CodeIgniter->runController(Object(App\Controllers\Admin\Cotizaciones))
 3 SYSTEMPATH\CodeIgniter.php(361): CodeIgniter\CodeIgniter->handleRequest(null, Object(Config\Cache), false)
 4 FCPATH\index.php(79): CodeIgniter\CodeIgniter->run()
CRITICAL - 2024-05-28 15:22:48 --> TypeError: Unsupported operand types: array * float
in APPPATH\Controllers\Admin\Cotizaciones.php on line 224.
 1 SYSTEMPATH\CodeIgniter.php(941): App\Controllers\Admin\Cotizaciones->cotizacion_pdf('12')
 2 SYSTEMPATH\CodeIgniter.php(502): CodeIgniter\CodeIgniter->runController(Object(App\Controllers\Admin\Cotizaciones))
 3 SYSTEMPATH\CodeIgniter.php(361): CodeIgniter\CodeIgniter->handleRequest(null, Object(Config\Cache), false)
 4 FCPATH\index.php(79): CodeIgniter\CodeIgniter->run()
CRITICAL - 2024-05-28 15:23:55 --> TypeError: Unsupported operand types: CodeIgniter\Database\MySQLi\Result * float
in APPPATH\Controllers\Admin\Cotizaciones.php on line 224.
 1 SYSTEMPATH\CodeIgniter.php(941): App\Controllers\Admin\Cotizaciones->cotizacion_pdf('12')
 2 SYSTEMPATH\CodeIgniter.php(502): CodeIgniter\CodeIgniter->runController(Object(App\Controllers\Admin\Cotizaciones))
 3 SYSTEMPATH\CodeIgniter.php(361): CodeIgniter\CodeIgniter->handleRequest(null, Object(Config\Cache), false)
 4 FCPATH\index.php(79): CodeIgniter\CodeIgniter->run()
CRITICAL - 2024-05-28 15:27:30 --> ParseError: syntax error, unexpected variable "$data"
in APPPATH\Controllers\Admin\Cotizaciones.php on line 229.
 1 SYSTEMPATH\Autoloader\Autoloader.php(290): CodeIgniter\Autoloader\Autoloader->includeFile('C:\\laragon\\www\\sellopronto\\app\\Controllers\\admin\\Cotizaciones.php')
 2 SYSTEMPATH\Autoloader\Autoloader.php(266): CodeIgniter\Autoloader\Autoloader->loadInNamespace('App\\Controllers\\admin\\Cotizaciones')
 3 [internal function]: CodeIgniter\Autoloader\Autoloader->loadClass('App\\Controllers\\admin\\Cotizaciones')
 4 SYSTEMPATH\CodeIgniter.php(899): class_exists('\\App\\Controllers\\admin\\Cotizaciones', true)
 5 SYSTEMPATH\CodeIgniter.php(489): CodeIgniter\CodeIgniter->startController()
 6 SYSTEMPATH\CodeIgniter.php(361): CodeIgniter\CodeIgniter->handleRequest(null, Object(Config\Cache), false)
 7 FCPATH\index.php(79): CodeIgniter\CodeIgniter->run()
CRITICAL - 2024-05-28 15:27:38 --> ErrorException: Undefined variable $ivaM
in APPPATH\Controllers\Admin\Cotizaciones.php on line 226.
 1 APPPATH\Controllers\Admin\Cotizaciones.php(226): CodeIgniter\Debug\Exceptions->errorHandler(2, 'Undefined variable $ivaM', 'C:\\laragon\\www\\sellopronto\\app\\Controllers\\Admin\\Cotizaciones.php', 226)
 2 SYSTEMPATH\CodeIgniter.php(941): App\Controllers\Admin\Cotizaciones->cotizacion_pdf('12')
 3 SYSTEMPATH\CodeIgniter.php(502): CodeIgniter\CodeIgniter->runController(Object(App\Controllers\Admin\Cotizaciones))
 4 SYSTEMPATH\CodeIgniter.php(361): CodeIgniter\CodeIgniter->handleRequest(null, Object(Config\Cache), false)
 5 FCPATH\index.php(79): CodeIgniter\CodeIgniter->run()
CRITICAL - 2024-05-28 18:10:32 --> ParseError: syntax error, unexpected token "return"
in APPPATH\Controllers\Admin\Cotizaciones.php on line 269.
 1 SYSTEMPATH\Autoloader\Autoloader.php(290): CodeIgniter\Autoloader\Autoloader->includeFile('C:\\laragon\\www\\sellopronto\\app\\Controllers\\admin\\Cotizaciones.php')
 2 SYSTEMPATH\Autoloader\Autoloader.php(266): CodeIgniter\Autoloader\Autoloader->loadInNamespace('App\\Controllers\\admin\\Cotizaciones')
 3 [internal function]: CodeIgniter\Autoloader\Autoloader->loadClass('App\\Controllers\\admin\\Cotizaciones')
 4 SYSTEMPATH\CodeIgniter.php(899): class_exists('\\App\\Controllers\\admin\\Cotizaciones', true)
 5 SYSTEMPATH\CodeIgniter.php(489): CodeIgniter\CodeIgniter->startController()
 6 SYSTEMPATH\CodeIgniter.php(361): CodeIgniter\CodeIgniter->handleRequest(null, Object(Config\Cache), false)
 7 FCPATH\index.php(79): CodeIgniter\CodeIgniter->run()
CRITICAL - 2024-05-28 18:21:47 --> CodeIgniter\Database\Exceptions\DataException: There is no data to update.
in SYSTEMPATH\BaseModel.php on line 970.
 1 SYSTEMPATH\BaseModel.php(970): CodeIgniter\Database\Exceptions\DataException::forEmptyDataset('update')
 2 SYSTEMPATH\Model.php(807): CodeIgniter\BaseModel->update([...], [])
 3 APPPATH\Controllers\Admin\Cotizaciones.php(277): CodeIgniter\Model->update('12', [...])
 4 SYSTEMPATH\CodeIgniter.php(941): App\Controllers\Admin\Cotizaciones->pago()
 5 SYSTEMPATH\CodeIgniter.php(502): CodeIgniter\CodeIgniter->runController(Object(App\Controllers\Admin\Cotizaciones))
 6 SYSTEMPATH\CodeIgniter.php(361): CodeIgniter\CodeIgniter->handleRequest(null, Object(Config\Cache), false)
 7 FCPATH\index.php(79): CodeIgniter\CodeIgniter->run()
CRITICAL - 2024-05-28 18:25:22 --> CodeIgniter\Database\Exceptions\DataException: There is no data to update.
in SYSTEMPATH\BaseModel.php on line 970.
 1 SYSTEMPATH\BaseModel.php(970): CodeIgniter\Database\Exceptions\DataException::forEmptyDataset('update')
 2 SYSTEMPATH\Model.php(807): CodeIgniter\BaseModel->update([...], [])
 3 APPPATH\Controllers\Admin\Cotizaciones.php(279): CodeIgniter\Model->update('12', [...])
 4 SYSTEMPATH\CodeIgniter.php(941): App\Controllers\Admin\Cotizaciones->pago()
 5 SYSTEMPATH\CodeIgniter.php(502): CodeIgniter\CodeIgniter->runController(Object(App\Controllers\Admin\Cotizaciones))
 6 SYSTEMPATH\CodeIgniter.php(361): CodeIgniter\CodeIgniter->handleRequest(null, Object(Config\Cache), false)
 7 FCPATH\index.php(79): CodeIgniter\CodeIgniter->run()
CRITICAL - 2024-05-28 18:26:45 --> CodeIgniter\Database\Exceptions\DataException: There is no data to update.
in SYSTEMPATH\BaseModel.php on line 970.
 1 SYSTEMPATH\BaseModel.php(970): CodeIgniter\Database\Exceptions\DataException::forEmptyDataset('update')
 2 SYSTEMPATH\Model.php(807): CodeIgniter\BaseModel->update([...], [])
 3 APPPATH\Controllers\Admin\Cotizaciones.php(279): CodeIgniter\Model->update('12', [...])
 4 SYSTEMPATH\CodeIgniter.php(941): App\Controllers\Admin\Cotizaciones->pago()
 5 SYSTEMPATH\CodeIgniter.php(502): CodeIgniter\CodeIgniter->runController(Object(App\Controllers\Admin\Cotizaciones))
 6 SYSTEMPATH\CodeIgniter.php(361): CodeIgniter\CodeIgniter->handleRequest(null, Object(Config\Cache), false)
 7 FCPATH\index.php(79): CodeIgniter\CodeIgniter->run()
CRITICAL - 2024-05-28 18:31:05 --> TypeError: Unsupported operand types: array + string
in APPPATH\Controllers\Admin\Cotizaciones.php on line 280.
 1 SYSTEMPATH\CodeIgniter.php(941): App\Controllers\Admin\Cotizaciones->pago()
 2 SYSTEMPATH\CodeIgniter.php(502): CodeIgniter\CodeIgniter->runController(Object(App\Controllers\Admin\Cotizaciones))
 3 SYSTEMPATH\CodeIgniter.php(361): CodeIgniter\CodeIgniter->handleRequest(null, Object(Config\Cache), false)
 4 FCPATH\index.php(79): CodeIgniter\CodeIgniter->run()
