WARNING - 2024-06-26 14:01:17 --> [DEPRECATED] number_format(): Passing null to parameter #1 ($num) of type float is deprecated in APPPATH\Controllers\Admin\Cotizaciones.php on line 181.
 1 APPPATH\Controllers\Admin\Cotizaciones.php(181): number_format(null, 2)
 2 SYSTEMPATH\CodeIgniter.php(941): App\Controllers\Admin\Cotizaciones->mostrar_detalles('44')
 3 SYSTEMPATH\CodeIgniter.php(502): CodeIgniter\CodeIgniter->runController(Object(App\Controllers\Admin\Cotizaciones))
 4 SYSTEMPATH\CodeIgniter.php(361): CodeIgniter\CodeIgniter->handleRequest(null, Object(Config\Cache), false)
 5 FCPATH\index.php(79): CodeIgniter\CodeIgniter->run()
WARNING - 2024-06-26 14:01:34 --> [DEPRECATED] number_format(): Passing null to parameter #1 ($num) of type float is deprecated in APPPATH\Controllers\Admin\Cotizaciones.php on line 181.
 1 APPPATH\Controllers\Admin\Cotizaciones.php(181): number_format(null, 2)
 2 SYSTEMPATH\CodeIgniter.php(941): App\Controllers\Admin\Cotizaciones->mostrar_detalles('44')
 3 SYSTEMPATH\CodeIgniter.php(502): CodeIgniter\CodeIgniter->runController(Object(App\Controllers\Admin\Cotizaciones))
 4 SYSTEMPATH\CodeIgniter.php(361): CodeIgniter\CodeIgniter->handleRequest(null, Object(Config\Cache), false)
 5 FCPATH\index.php(79): CodeIgniter\CodeIgniter->run()
WARNING - 2024-06-26 14:01:43 --> [DEPRECATED] number_format(): Passing null to parameter #1 ($num) of type float is deprecated in APPPATH\Controllers\Admin\Cotizaciones.php on line 181.
 1 APPPATH\Controllers\Admin\Cotizaciones.php(181): number_format(null, 2)
 2 SYSTEMPATH\CodeIgniter.php(941): App\Controllers\Admin\Cotizaciones->mostrar_detalles('44')
 3 SYSTEMPATH\CodeIgniter.php(502): CodeIgniter\CodeIgniter->runController(Object(App\Controllers\Admin\Cotizaciones))
 4 SYSTEMPATH\CodeIgniter.php(361): CodeIgniter\CodeIgniter->handleRequest(null, Object(Config\Cache), false)
 5 FCPATH\index.php(79): CodeIgniter\CodeIgniter->run()
WARNING - 2024-06-26 14:06:29 --> [DEPRECATED] number_format(): Passing null to parameter #1 ($num) of type float is deprecated in APPPATH\Controllers\Admin\Cotizaciones.php on line 181.
 1 APPPATH\Controllers\Admin\Cotizaciones.php(181): number_format(null, 2)
 2 SYSTEMPATH\CodeIgniter.php(941): App\Controllers\Admin\Cotizaciones->mostrar_detalles('44')
 3 SYSTEMPATH\CodeIgniter.php(502): CodeIgniter\CodeIgniter->runController(Object(App\Controllers\Admin\Cotizaciones))
 4 SYSTEMPATH\CodeIgniter.php(361): CodeIgniter\CodeIgniter->handleRequest(null, Object(Config\Cache), false)
 5 FCPATH\index.php(79): CodeIgniter\CodeIgniter->run()
