ERROR - 2024-07-11 13:47:33 --> mysqli_sql_exception: Table 'mbi_data_49626.sellopro_articulos' doesn't exist in C:\laragon\www\mbi\system\Database\MySQLi\Connection.php:306
Stack trace:
#0 C:\laragon\www\mbi\system\Database\MySQLi\Connection.php(306): mysqli->query('SELECT *\nFROM `...', 0)
#1 C:\laragon\www\mbi\system\Database\BaseConnection.php(693): CodeIgniter\Database\MySQLi\Connection->execute('SELECT *\nFROM `...')
#2 C:\laragon\www\mbi\system\Database\BaseConnection.php(607): CodeIgniter\Database\BaseConnection->simpleQuery('SELECT *\nFROM `...')
#3 C:\laragon\www\mbi\system\Database\BaseBuilder.php(1616): CodeIgniter\Database\BaseConnection->query('SELECT *\nFROM `...', Array, false)
#4 C:\laragon\www\mbi\system\Model.php(242): CodeIgniter\Database\BaseBuilder->get()
#5 C:\laragon\www\mbi\system\BaseModel.php(638): CodeIgniter\Model->doFindAll(0, 0)
#6 C:\laragon\www\mbi\app\Controllers\Admin\Articulos.php(11): CodeIgniter\BaseModel->findAll()
#7 C:\laragon\www\mbi\system\CodeIgniter.php(941): App\Controllers\Admin\Articulos->index()
#8 C:\laragon\www\mbi\system\CodeIgniter.php(502): CodeIgniter\CodeIgniter->runController(Object(App\Controllers\Admin\Articulos))
#9 C:\laragon\www\mbi\system\CodeIgniter.php(361): CodeIgniter\CodeIgniter->handleRequest(NULL, Object(Config\Cache), false)
#10 C:\laragon\www\mbi\index.php(79): CodeIgniter\CodeIgniter->run()
#11 {main}
CRITICAL - 2024-07-11 13:47:33 --> CodeIgniter\Database\Exceptions\DatabaseException: Table 'mbi_data_49626.sellopro_articulos' doesn't exist
in SYSTEMPATH\Database\BaseConnection.php on line 647.
 1 SYSTEMPATH\Database\BaseBuilder.php(1616): CodeIgniter\Database\BaseConnection->query('SELECT *
FROM `sellopro_articulos`', [], false)
 2 SYSTEMPATH\Model.php(242): CodeIgniter\Database\BaseBuilder->get()
 3 SYSTEMPATH\BaseModel.php(638): CodeIgniter\Model->doFindAll(0, 0)
 4 APPPATH\Controllers\Admin\Articulos.php(11): CodeIgniter\BaseModel->findAll()
 5 SYSTEMPATH\CodeIgniter.php(941): App\Controllers\Admin\Articulos->index()
 6 SYSTEMPATH\CodeIgniter.php(502): CodeIgniter\CodeIgniter->runController(Object(App\Controllers\Admin\Articulos))
 7 SYSTEMPATH\CodeIgniter.php(361): CodeIgniter\CodeIgniter->handleRequest(null, Object(Config\Cache), false)
 8 FCPATH\index.php(79): CodeIgniter\CodeIgniter->run()
CRITICAL - 2024-07-11 13:47:33 --> [Caused by] CodeIgniter\Database\Exceptions\DatabaseException: Table 'mbi_data_49626.sellopro_articulos' doesn't exist
in SYSTEMPATH\Database\MySQLi\Connection.php on line 311.
 1 SYSTEMPATH\Database\BaseConnection.php(693): CodeIgniter\Database\MySQLi\Connection->execute('SELECT *
FROM `sellopro_articulos`')
 2 SYSTEMPATH\Database\BaseConnection.php(607): CodeIgniter\Database\BaseConnection->simpleQuery('SELECT *
FROM `sellopro_articulos`')
 3 SYSTEMPATH\Database\BaseBuilder.php(1616): CodeIgniter\Database\BaseConnection->query('SELECT *
FROM `sellopro_articulos`', [], false)
 4 SYSTEMPATH\Model.php(242): CodeIgniter\Database\BaseBuilder->get()
 5 SYSTEMPATH\BaseModel.php(638): CodeIgniter\Model->doFindAll(0, 0)
 6 APPPATH\Controllers\Admin\Articulos.php(11): CodeIgniter\BaseModel->findAll()
 7 SYSTEMPATH\CodeIgniter.php(941): App\Controllers\Admin\Articulos->index()
 8 SYSTEMPATH\CodeIgniter.php(502): CodeIgniter\CodeIgniter->runController(Object(App\Controllers\Admin\Articulos))
 9 SYSTEMPATH\CodeIgniter.php(361): CodeIgniter\CodeIgniter->handleRequest(null, Object(Config\Cache), false)
10 FCPATH\index.php(79): CodeIgniter\CodeIgniter->run()
CRITICAL - 2024-07-11 13:47:33 --> [Caused by] mysqli_sql_exception: Table 'mbi_data_49626.sellopro_articulos' doesn't exist
in SYSTEMPATH\Database\MySQLi\Connection.php on line 306.
 1 SYSTEMPATH\Database\MySQLi\Connection.php(306): mysqli->query('SELECT *
FROM `sellopro_articulos`', 0)
 2 SYSTEMPATH\Database\BaseConnection.php(693): CodeIgniter\Database\MySQLi\Connection->execute('SELECT *
FROM `sellopro_articulos`')
 3 SYSTEMPATH\Database\BaseConnection.php(607): CodeIgniter\Database\BaseConnection->simpleQuery('SELECT *
FROM `sellopro_articulos`')
 4 SYSTEMPATH\Database\BaseBuilder.php(1616): CodeIgniter\Database\BaseConnection->query('SELECT *
FROM `sellopro_articulos`', [], false)
 5 SYSTEMPATH\Model.php(242): CodeIgniter\Database\BaseBuilder->get()
 6 SYSTEMPATH\BaseModel.php(638): CodeIgniter\Model->doFindAll(0, 0)
 7 APPPATH\Controllers\Admin\Articulos.php(11): CodeIgniter\BaseModel->findAll()
 8 SYSTEMPATH\CodeIgniter.php(941): App\Controllers\Admin\Articulos->index()
 9 SYSTEMPATH\CodeIgniter.php(502): CodeIgniter\CodeIgniter->runController(Object(App\Controllers\Admin\Articulos))
10 SYSTEMPATH\CodeIgniter.php(361): CodeIgniter\CodeIgniter->handleRequest(null, Object(Config\Cache), false)
11 FCPATH\index.php(79): CodeIgniter\CodeIgniter->run()
CRITICAL - 2024-07-11 20:42:56 --> ParseError: syntax error, unexpected token "}", expecting ";"
in APPPATH\Controllers\Admin\Login.php on line 11.
 1 SYSTEMPATH\Autoloader\Autoloader.php(290): CodeIgniter\Autoloader\Autoloader->includeFile('C:\\laragon\\www\\mbi\\app\\Controllers\\admin\\Login.php')
 2 SYSTEMPATH\Autoloader\Autoloader.php(266): CodeIgniter\Autoloader\Autoloader->loadInNamespace('App\\Controllers\\admin\\Login')
 3 [internal function]: CodeIgniter\Autoloader\Autoloader->loadClass('App\\Controllers\\admin\\Login')
 4 SYSTEMPATH\CodeIgniter.php(899): class_exists('\\App\\Controllers\\admin\\Login', true)
 5 SYSTEMPATH\CodeIgniter.php(489): CodeIgniter\CodeIgniter->startController()
 6 SYSTEMPATH\CodeIgniter.php(361): CodeIgniter\CodeIgniter->handleRequest(null, Object(Config\Cache), false)
 7 FCPATH\index.php(79): CodeIgniter\CodeIgniter->run()
CRITICAL - 2024-07-11 21:57:37 --> CodeIgniter\View\Exceptions\ViewException: Invalid file: "Panel/login_template.php"
in SYSTEMPATH\Exceptions\FrameworkException.php on line 39.
 1 SYSTEMPATH\View\View.php(216): CodeIgniter\Exceptions\FrameworkException::forInvalidFile('Panel/login_template.php')
 2 SYSTEMPATH\View\View.php(244): CodeIgniter\View\View->render('Panel/login_template', [], true)
 3 SYSTEMPATH\Common.php(1178): CodeIgniter\View\View->render('Panel/crear_cuenta', [], true)
 4 APPPATH\Controllers\Admin\Login.php(18): view('Panel/crear_cuenta')
 5 SYSTEMPATH\CodeIgniter.php(941): App\Controllers\Admin\Login->crear()
 6 SYSTEMPATH\CodeIgniter.php(502): CodeIgniter\CodeIgniter->runController(Object(App\Controllers\Admin\Login))
 7 SYSTEMPATH\CodeIgniter.php(361): CodeIgniter\CodeIgniter->handleRequest(null, Object(Config\Cache), false)
 8 FCPATH\index.php(79): CodeIgniter\CodeIgniter->run()
CRITICAL - 2024-07-11 21:58:09 --> CodeIgniter\View\Exceptions\ViewException: Invalid file: "Panel/logintemplate.php"
in SYSTEMPATH\Exceptions\FrameworkException.php on line 39.
 1 SYSTEMPATH\View\View.php(216): CodeIgniter\Exceptions\FrameworkException::forInvalidFile('Panel/logintemplate.php')
 2 SYSTEMPATH\View\View.php(244): CodeIgniter\View\View->render('Panel/logintemplate', [], true)
 3 SYSTEMPATH\Common.php(1178): CodeIgniter\View\View->render('Panel/crear_cuenta', [], true)
 4 APPPATH\Controllers\Admin\Login.php(18): view('Panel/crear_cuenta')
 5 SYSTEMPATH\CodeIgniter.php(941): App\Controllers\Admin\Login->crear()
 6 SYSTEMPATH\CodeIgniter.php(502): CodeIgniter\CodeIgniter->runController(Object(App\Controllers\Admin\Login))
 7 SYSTEMPATH\CodeIgniter.php(361): CodeIgniter\CodeIgniter->handleRequest(null, Object(Config\Cache), false)
 8 FCPATH\index.php(79): CodeIgniter\CodeIgniter->run()
CRITICAL - 2024-07-11 22:07:18 --> CodeIgniter\View\Exceptions\ViewException: Invalid file: "Panel/loging_template.php"
in SYSTEMPATH\Exceptions\FrameworkException.php on line 39.
 1 SYSTEMPATH\View\View.php(216): CodeIgniter\Exceptions\FrameworkException::forInvalidFile('Panel/loging_template.php')
 2 SYSTEMPATH\View\View.php(244): CodeIgniter\View\View->render('Panel/loging_template', [], true)
 3 SYSTEMPATH\Common.php(1178): CodeIgniter\View\View->render('Panel/recuperar_pass', [], true)
 4 APPPATH\Controllers\Admin\Login.php(14): view('Panel/recuperar_pass')
 5 SYSTEMPATH\CodeIgniter.php(941): App\Controllers\Admin\Login->recuperar()
 6 SYSTEMPATH\CodeIgniter.php(502): CodeIgniter\CodeIgniter->runController(Object(App\Controllers\Admin\Login))
 7 SYSTEMPATH\CodeIgniter.php(361): CodeIgniter\CodeIgniter->handleRequest(null, Object(Config\Cache), false)
 8 FCPATH\index.php(79): CodeIgniter\CodeIgniter->run()
CRITICAL - 2024-07-11 22:08:22 --> CodeIgniter\View\Exceptions\ViewException: Invalid file: "Panel/login-template.php"
in SYSTEMPATH\Exceptions\FrameworkException.php on line 39.
 1 SYSTEMPATH\View\View.php(216): CodeIgniter\Exceptions\FrameworkException::forInvalidFile('Panel/login-template.php')
 2 SYSTEMPATH\View\View.php(244): CodeIgniter\View\View->render('Panel/login-template', [], true)
 3 SYSTEMPATH\Common.php(1178): CodeIgniter\View\View->render('Panel/login', [], true)
 4 APPPATH\Controllers\Admin\Login.php(10): view('Panel/login')
 5 SYSTEMPATH\CodeIgniter.php(941): App\Controllers\Admin\Login->index()
 6 SYSTEMPATH\CodeIgniter.php(502): CodeIgniter\CodeIgniter->runController(Object(App\Controllers\Admin\Login))
 7 SYSTEMPATH\CodeIgniter.php(361): CodeIgniter\CodeIgniter->handleRequest(null, Object(Config\Cache), false)
 8 FCPATH\index.php(79): CodeIgniter\CodeIgniter->run()
